{"/Users/kangwhihyun/Documents/Dev/Team12/frontend/src/App.js": {"path":"/Users/kangwhihyun/Documents/Dev/Team12/frontend/src/App.js","statementMap":{"0":{"start":{"line":28,"column":2},"end":{"line":64,"column":4}}},"fnMap":{"0":{"name":"App","decl":{"start":{"line":27,"column":9},"end":{"line":27,"column":12}},"loc":{"start":{"line":27,"column":15},"end":{"line":65,"column":1}},"line":27}},"branchMap":{},"s":{"0":1},"f":{"0":1},"b":{},"_coverageSchema":"1a1c01bbd47fc00a2c39e90264f33305004495a9","hash":"db6c477cfb6d2ff4b06274e49e0d3c07185f0570"}
,"/Users/kangwhihyun/Documents/Dev/Team12/frontend/src/components/UserInfo.js": {"path":"/Users/kangwhihyun/Documents/Dev/Team12/frontend/src/components/UserInfo.js","statementMap":{"0":{"start":{"line":6,"column":19},"end":{"line":6,"column":24}},"1":{"start":{"line":7,"column":2},"end":{"line":35,"column":4}},"2":{"start":{"line":27,"column":14},"end":{"line":27,"column":76}}},"fnMap":{"0":{"name":"UserInfo","decl":{"start":{"line":5,"column":9},"end":{"line":5,"column":17}},"loc":{"start":{"line":5,"column":25},"end":{"line":36,"column":1}},"line":5},"1":{"name":"(anonymous_1)","decl":{"start":{"line":26,"column":21},"end":{"line":26,"column":22}},"loc":{"start":{"line":26,"column":27},"end":{"line":28,"column":13}},"line":26}},"branchMap":{},"s":{"0":59,"1":56,"2":0},"f":{"0":59,"1":0},"b":{},"_coverageSchema":"1a1c01bbd47fc00a2c39e90264f33305004495a9","hash":"bd31b6f4633a150b9c277c7840b89885be8ca857"}
,"/Users/kangwhihyun/Documents/Dev/Team12/frontend/src/components/auth/createRequestSaga.js": {"path":"/Users/kangwhihyun/Documents/Dev/Team12/frontend/src/components/auth/createRequestSaga.js","statementMap":{"0":{"start":{"line":6,"column":0},"end":{"line":6,"column":44}},"1":{"start":{"line":7,"column":0},"end":{"line":7,"column":46}},"2":{"start":{"line":10,"column":18},"end":{"line":10,"column":35}},"3":{"start":{"line":11,"column":18},"end":{"line":11,"column":35}},"4":{"start":{"line":14,"column":2},"end":{"line":108,"column":4}},"5":{"start":{"line":15,"column":14},"end":{"line":15,"column":18}},"6":{"start":{"line":16,"column":19},"end":{"line":16,"column":23}},"7":{"start":{"line":17,"column":4},"end":{"line":17,"column":34}},"8":{"start":{"line":19,"column":4},"end":{"line":105,"column":5}},"9":{"start":{"line":21,"column":8},"end":{"line":31,"column":13}},"10":{"start":{"line":27,"column":12},"end":{"line":27,"column":32}},"11":{"start":{"line":30,"column":12},"end":{"line":30,"column":24}},"12":{"start":{"line":32,"column":8},"end":{"line":46,"column":9}},"13":{"start":{"line":33,"column":10},"end":{"line":33,"column":42}},"14":{"start":{"line":34,"column":10},"end":{"line":37,"column":13}},"15":{"start":{"line":39,"column":10},"end":{"line":39,"column":31}},"16":{"start":{"line":40,"column":10},"end":{"line":45,"column":13}},"17":{"start":{"line":47,"column":8},"end":{"line":47,"column":14}},"18":{"start":{"line":50,"column":8},"end":{"line":61,"column":13}},"19":{"start":{"line":57,"column":12},"end":{"line":57,"column":32}},"20":{"start":{"line":60,"column":12},"end":{"line":60,"column":24}},"21":{"start":{"line":62,"column":8},"end":{"line":74,"column":9}},"22":{"start":{"line":63,"column":10},"end":{"line":63,"column":42}},"23":{"start":{"line":64,"column":10},"end":{"line":67,"column":13}},"24":{"start":{"line":69,"column":10},"end":{"line":69,"column":31}},"25":{"start":{"line":70,"column":10},"end":{"line":73,"column":13}},"26":{"start":{"line":75,"column":8},"end":{"line":75,"column":14}},"27":{"start":{"line":78,"column":8},"end":{"line":80,"column":11}},"28":{"start":{"line":79,"column":10},"end":{"line":79,"column":22}},"29":{"start":{"line":81,"column":8},"end":{"line":87,"column":9}},"30":{"start":{"line":82,"column":10},"end":{"line":82,"column":31}},"31":{"start":{"line":83,"column":10},"end":{"line":83,"column":39}},"32":{"start":{"line":85,"column":10},"end":{"line":85,"column":31}},"33":{"start":{"line":86,"column":10},"end":{"line":86,"column":53}},"34":{"start":{"line":88,"column":8},"end":{"line":88,"column":14}},"35":{"start":{"line":91,"column":8},"end":{"line":93,"column":11}},"36":{"start":{"line":92,"column":10},"end":{"line":92,"column":22}},"37":{"start":{"line":94,"column":8},"end":{"line":99,"column":9}},"38":{"start":{"line":95,"column":10},"end":{"line":95,"column":67}},"39":{"start":{"line":97,"column":10},"end":{"line":97,"column":31}},"40":{"start":{"line":98,"column":10},"end":{"line":98,"column":53}},"41":{"start":{"line":101,"column":8},"end":{"line":101,"column":14}},"42":{"start":{"line":104,"column":8},"end":{"line":104,"column":14}},"43":{"start":{"line":107,"column":4},"end":{"line":107,"column":35}}},"fnMap":{"0":{"name":"createRequestSaga","decl":{"start":{"line":9,"column":24},"end":{"line":9,"column":41}},"loc":{"start":{"line":9,"column":57},"end":{"line":109,"column":1}},"line":9},"1":{"name":"(anonymous_1)","decl":{"start":{"line":14,"column":9},"end":{"line":14,"column":10}},"loc":{"start":{"line":14,"column":28},"end":{"line":108,"column":3}},"line":14},"2":{"name":"(anonymous_2)","decl":{"start":{"line":26,"column":16},"end":{"line":26,"column":17}},"loc":{"start":{"line":26,"column":25},"end":{"line":28,"column":11}},"line":26},"3":{"name":"(anonymous_3)","decl":{"start":{"line":29,"column":17},"end":{"line":29,"column":18}},"loc":{"start":{"line":29,"column":28},"end":{"line":31,"column":11}},"line":29},"4":{"name":"(anonymous_4)","decl":{"start":{"line":56,"column":16},"end":{"line":56,"column":17}},"loc":{"start":{"line":56,"column":25},"end":{"line":58,"column":11}},"line":56},"5":{"name":"(anonymous_5)","decl":{"start":{"line":59,"column":17},"end":{"line":59,"column":18}},"loc":{"start":{"line":59,"column":28},"end":{"line":61,"column":11}},"line":59},"6":{"name":"(anonymous_6)","decl":{"start":{"line":78,"column":39},"end":{"line":78,"column":40}},"loc":{"start":{"line":78,"column":50},"end":{"line":80,"column":9}},"line":78},"7":{"name":"(anonymous_7)","decl":{"start":{"line":91,"column":39},"end":{"line":91,"column":40}},"loc":{"start":{"line":91,"column":50},"end":{"line":93,"column":9}},"line":91}},"branchMap":{"0":{"loc":{"start":{"line":19,"column":4},"end":{"line":105,"column":5}},"type":"switch","locations":[{"start":{"line":20,"column":6},"end":{"line":47,"column":14}},{"start":{"line":49,"column":6},"end":{"line":75,"column":14}},{"start":{"line":77,"column":6},"end":{"line":88,"column":14}},{"start":{"line":90,"column":6},"end":{"line":101,"column":14}},{"start":{"line":103,"column":6},"end":{"line":104,"column":14}}],"line":19},"1":{"loc":{"start":{"line":32,"column":8},"end":{"line":46,"column":9}},"type":"if","locations":[{"start":{"line":32,"column":8},"end":{"line":46,"column":9}},{"start":{"line":38,"column":15},"end":{"line":46,"column":9}}],"line":32},"2":{"loc":{"start":{"line":62,"column":8},"end":{"line":74,"column":9}},"type":"if","locations":[{"start":{"line":62,"column":8},"end":{"line":74,"column":9}},{"start":{"line":68,"column":15},"end":{"line":74,"column":9}}],"line":62},"3":{"loc":{"start":{"line":81,"column":8},"end":{"line":87,"column":9}},"type":"if","locations":[{"start":{"line":81,"column":8},"end":{"line":87,"column":9}},{"start":{"line":84,"column":15},"end":{"line":87,"column":9}}],"line":81},"4":{"loc":{"start":{"line":94,"column":8},"end":{"line":99,"column":9}},"type":"if","locations":[{"start":{"line":94,"column":8},"end":{"line":99,"column":9}},{"start":{"line":96,"column":15},"end":{"line":99,"column":9}}],"line":94}},"s":{"0":2,"1":2,"2":13,"3":13,"4":13,"5":9,"6":9,"7":9,"8":9,"9":2,"10":1,"11":1,"12":2,"13":1,"14":1,"15":1,"16":1,"17":2,"18":2,"19":1,"20":1,"21":2,"22":1,"23":1,"24":1,"25":1,"26":2,"27":2,"28":1,"29":2,"30":1,"31":1,"32":1,"33":1,"34":2,"35":2,"36":1,"37":2,"38":1,"39":1,"40":1,"41":1,"42":1,"43":8},"f":{"0":13,"1":9,"2":1,"3":1,"4":1,"5":1,"6":1,"7":1},"b":{"0":[2,2,2,2,1],"1":[1,1],"2":[1,1],"3":[1,1],"4":[1,1]},"_coverageSchema":"1a1c01bbd47fc00a2c39e90264f33305004495a9","hash":"46af4ba74e04a097c15339ec241ec56ac761ad6b"}
,"/Users/kangwhihyun/Documents/Dev/Team12/frontend/src/components/auth/SignIn/SignIn.js": {"path":"/Users/kangwhihyun/Documents/Dev/Team12/frontend/src/components/auth/SignIn/SignIn.js","statementMap":{"0":{"start":{"line":6,"column":28},"end":{"line":6,"column":40}},"1":{"start":{"line":7,"column":34},"end":{"line":7,"column":46}},"2":{"start":{"line":8,"column":56},"end":{"line":8,"column":61}},"3":{"start":{"line":9,"column":30},"end":{"line":9,"column":60}},"4":{"start":{"line":9,"column":36},"end":{"line":9,"column":60}},"5":{"start":{"line":11,"column":2},"end":{"line":63,"column":4}},"6":{"start":{"line":17,"column":28},"end":{"line":17,"column":64}},"7":{"start":{"line":33,"column":31},"end":{"line":33,"column":55}},"8":{"start":{"line":50,"column":31},"end":{"line":50,"column":58}}},"fnMap":{"0":{"name":"SignIn","decl":{"start":{"line":5,"column":9},"end":{"line":5,"column":15}},"loc":{"start":{"line":5,"column":23},"end":{"line":64,"column":1}},"line":5},"1":{"name":"(anonymous_1)","decl":{"start":{"line":9,"column":30},"end":{"line":9,"column":31}},"loc":{"start":{"line":9,"column":36},"end":{"line":9,"column":60}},"line":9},"2":{"name":"(anonymous_2)","decl":{"start":{"line":17,"column":22},"end":{"line":17,"column":23}},"loc":{"start":{"line":17,"column":28},"end":{"line":17,"column":64}},"line":17},"3":{"name":"(anonymous_3)","decl":{"start":{"line":33,"column":24},"end":{"line":33,"column":25}},"loc":{"start":{"line":33,"column":31},"end":{"line":33,"column":55}},"line":33},"4":{"name":"(anonymous_4)","decl":{"start":{"line":50,"column":24},"end":{"line":50,"column":25}},"loc":{"start":{"line":50,"column":31},"end":{"line":50,"column":58}},"line":50}},"branchMap":{"0":{"loc":{"start":{"line":26,"column":16},"end":{"line":31,"column":24}},"type":"cond-expr","locations":[{"start":{"line":27,"column":20},"end":{"line":30,"column":21}},{"start":{"line":31,"column":20},"end":{"line":31,"column":24}}],"line":26},"1":{"loc":{"start":{"line":43,"column":16},"end":{"line":48,"column":24}},"type":"cond-expr","locations":[{"start":{"line":44,"column":20},"end":{"line":47,"column":21}},{"start":{"line":48,"column":20},"end":{"line":48,"column":24}}],"line":43}},"s":{"0":8,"1":8,"2":8,"3":8,"4":1,"5":8,"6":1,"7":1,"8":1},"f":{"0":8,"1":1,"2":1,"3":1,"4":1},"b":{"0":[3,5],"1":[3,5]},"_coverageSchema":"1a1c01bbd47fc00a2c39e90264f33305004495a9","hash":"0db59d2c3fac6940da2a76b4088ca3e3075630d0"}
,"/Users/kangwhihyun/Documents/Dev/Team12/frontend/src/components/auth/SignUp/SignUp.js": {"path":"/Users/kangwhihyun/Documents/Dev/Team12/frontend/src/components/auth/SignUp/SignUp.js","statementMap":{"0":{"start":{"line":6,"column":28},"end":{"line":6,"column":40}},"1":{"start":{"line":7,"column":26},"end":{"line":7,"column":38}},"2":{"start":{"line":8,"column":34},"end":{"line":8,"column":46}},"3":{"start":{"line":9,"column":44},"end":{"line":9,"column":56}},"4":{"start":{"line":10,"column":42},"end":{"line":10,"column":57}},"5":{"start":{"line":11,"column":40},"end":{"line":11,"column":54}},"6":{"start":{"line":12,"column":48},"end":{"line":12,"column":62}},"7":{"start":{"line":13,"column":58},"end":{"line":13,"column":72}},"8":{"start":{"line":14,"column":44},"end":{"line":14,"column":49}},"9":{"start":{"line":15,"column":30},"end":{"line":15,"column":60}},"10":{"start":{"line":15,"column":36},"end":{"line":15,"column":60}},"11":{"start":{"line":17,"column":4},"end":{"line":17,"column":112}},"12":{"start":{"line":19,"column":2},"end":{"line":140,"column":4}},"13":{"start":{"line":26,"column":14},"end":{"line":26,"column":58}},"14":{"start":{"line":44,"column":16},"end":{"line":44,"column":41}},"15":{"start":{"line":45,"column":16},"end":{"line":49,"column":17}},"16":{"start":{"line":46,"column":18},"end":{"line":46,"column":40}},"17":{"start":{"line":48,"column":18},"end":{"line":48,"column":41}},"18":{"start":{"line":67,"column":16},"end":{"line":67,"column":40}},"19":{"start":{"line":69,"column":16},"end":{"line":73,"column":17}},"20":{"start":{"line":70,"column":18},"end":{"line":70,"column":39}},"21":{"start":{"line":72,"column":18},"end":{"line":72,"column":40}},"22":{"start":{"line":93,"column":16},"end":{"line":93,"column":44}},"23":{"start":{"line":94,"column":16},"end":{"line":98,"column":17}},"24":{"start":{"line":95,"column":18},"end":{"line":95,"column":43}},"25":{"start":{"line":97,"column":18},"end":{"line":97,"column":44}},"26":{"start":{"line":117,"column":16},"end":{"line":117,"column":49}},"27":{"start":{"line":118,"column":16},"end":{"line":122,"column":17}},"28":{"start":{"line":119,"column":18},"end":{"line":119,"column":48}},"29":{"start":{"line":121,"column":18},"end":{"line":121,"column":49}}},"fnMap":{"0":{"name":"SignUp","decl":{"start":{"line":5,"column":9},"end":{"line":5,"column":15}},"loc":{"start":{"line":5,"column":23},"end":{"line":141,"column":1}},"line":5},"1":{"name":"(anonymous_1)","decl":{"start":{"line":15,"column":30},"end":{"line":15,"column":31}},"loc":{"start":{"line":15,"column":36},"end":{"line":15,"column":60}},"line":15},"2":{"name":"(anonymous_2)","decl":{"start":{"line":25,"column":22},"end":{"line":25,"column":23}},"loc":{"start":{"line":25,"column":28},"end":{"line":27,"column":13}},"line":25},"3":{"name":"(anonymous_3)","decl":{"start":{"line":43,"column":24},"end":{"line":43,"column":25}},"loc":{"start":{"line":43,"column":31},"end":{"line":50,"column":15}},"line":43},"4":{"name":"(anonymous_4)","decl":{"start":{"line":66,"column":24},"end":{"line":66,"column":25}},"loc":{"start":{"line":66,"column":31},"end":{"line":74,"column":15}},"line":66},"5":{"name":"(anonymous_5)","decl":{"start":{"line":92,"column":24},"end":{"line":92,"column":25}},"loc":{"start":{"line":92,"column":31},"end":{"line":99,"column":15}},"line":92},"6":{"name":"(anonymous_6)","decl":{"start":{"line":116,"column":24},"end":{"line":116,"column":25}},"loc":{"start":{"line":116,"column":31},"end":{"line":123,"column":15}},"line":116}},"branchMap":{"0":{"loc":{"start":{"line":36,"column":16},"end":{"line":41,"column":24}},"type":"cond-expr","locations":[{"start":{"line":37,"column":20},"end":{"line":40,"column":21}},{"start":{"line":41,"column":20},"end":{"line":41,"column":24}}],"line":36},"1":{"loc":{"start":{"line":36,"column":16},"end":{"line":36,"column":38}},"type":"binary-expr","locations":[{"start":{"line":36,"column":16},"end":{"line":36,"column":29}},{"start":{"line":36,"column":33},"end":{"line":36,"column":38}}],"line":36},"2":{"loc":{"start":{"line":45,"column":16},"end":{"line":49,"column":17}},"type":"if","locations":[{"start":{"line":45,"column":16},"end":{"line":49,"column":17}},{"start":{"line":47,"column":23},"end":{"line":49,"column":17}}],"line":45},"3":{"loc":{"start":{"line":59,"column":16},"end":{"line":64,"column":24}},"type":"cond-expr","locations":[{"start":{"line":60,"column":20},"end":{"line":63,"column":21}},{"start":{"line":64,"column":20},"end":{"line":64,"column":24}}],"line":59},"4":{"loc":{"start":{"line":59,"column":16},"end":{"line":59,"column":36}},"type":"binary-expr","locations":[{"start":{"line":59,"column":16},"end":{"line":59,"column":28}},{"start":{"line":59,"column":32},"end":{"line":59,"column":36}}],"line":59},"5":{"loc":{"start":{"line":69,"column":16},"end":{"line":73,"column":17}},"type":"if","locations":[{"start":{"line":69,"column":16},"end":{"line":73,"column":17}},{"start":{"line":71,"column":23},"end":{"line":73,"column":17}}],"line":69},"6":{"loc":{"start":{"line":69,"column":20},"end":{"line":69,"column":64}},"type":"binary-expr","locations":[{"start":{"line":69,"column":20},"end":{"line":69,"column":34}},{"start":{"line":69,"column":38},"end":{"line":69,"column":64}}],"line":69},"7":{"loc":{"start":{"line":84,"column":16},"end":{"line":90,"column":24}},"type":"cond-expr","locations":[{"start":{"line":85,"column":20},"end":{"line":89,"column":21}},{"start":{"line":90,"column":20},"end":{"line":90,"column":24}}],"line":84},"8":{"loc":{"start":{"line":84,"column":16},"end":{"line":84,"column":44}},"type":"binary-expr","locations":[{"start":{"line":84,"column":16},"end":{"line":84,"column":32}},{"start":{"line":84,"column":36},"end":{"line":84,"column":44}}],"line":84},"9":{"loc":{"start":{"line":94,"column":16},"end":{"line":98,"column":17}},"type":"if","locations":[{"start":{"line":94,"column":16},"end":{"line":98,"column":17}},{"start":{"line":96,"column":23},"end":{"line":98,"column":17}}],"line":94},"10":{"loc":{"start":{"line":109,"column":16},"end":{"line":114,"column":24}},"type":"cond-expr","locations":[{"start":{"line":110,"column":20},"end":{"line":113,"column":21}},{"start":{"line":114,"column":20},"end":{"line":114,"column":24}}],"line":109},"11":{"loc":{"start":{"line":109,"column":16},"end":{"line":109,"column":54}},"type":"binary-expr","locations":[{"start":{"line":109,"column":16},"end":{"line":109,"column":37}},{"start":{"line":109,"column":41},"end":{"line":109,"column":54}}],"line":109},"12":{"loc":{"start":{"line":118,"column":16},"end":{"line":122,"column":17}},"type":"if","locations":[{"start":{"line":118,"column":16},"end":{"line":122,"column":17}},{"start":{"line":120,"column":23},"end":{"line":122,"column":17}}],"line":118},"13":{"loc":{"start":{"line":118,"column":20},"end":{"line":118,"column":66}},"type":"binary-expr","locations":[{"start":{"line":118,"column":20},"end":{"line":118,"column":35}},{"start":{"line":118,"column":39},"end":{"line":118,"column":66}}],"line":118},"14":{"loc":{"start":{"line":127,"column":24},"end":{"line":127,"column":73}},"type":"binary-expr","locations":[{"start":{"line":127,"column":24},"end":{"line":127,"column":37}},{"start":{"line":127,"column":41},"end":{"line":127,"column":53}},{"start":{"line":127,"column":57},"end":{"line":127,"column":73}}],"line":127}},"s":{"0":14,"1":14,"2":14,"3":14,"4":14,"5":14,"6":14,"7":14,"8":14,"9":14,"10":1,"11":14,"12":14,"13":1,"14":2,"15":2,"16":1,"17":1,"18":2,"19":2,"20":1,"21":1,"22":2,"23":2,"24":1,"25":1,"26":3,"27":3,"28":1,"29":2},"f":{"0":14,"1":1,"2":1,"3":2,"4":2,"5":2,"6":3},"b":{"0":[5,9],"1":[14,10],"2":[1,1],"3":[2,12],"4":[14,2],"5":[1,1],"6":[2,2],"7":[3,11],"8":[14,3],"9":[1,1],"10":[2,12],"11":[14,2],"12":[1,2],"13":[3,1],"14":[14,4,3]},"_coverageSchema":"1a1c01bbd47fc00a2c39e90264f33305004495a9","hash":"50c4477f71d5c2519b090f937041fe7f8cd1a4f8"}
,"/Users/kangwhihyun/Documents/Dev/Team12/frontend/src/components/club/ClubSearch.js": {"path":"/Users/kangwhihyun/Documents/Dev/Team12/frontend/src/components/club/ClubSearch.js","statementMap":{"0":{"start":{"line":20,"column":6},"end":{"line":20,"column":11}},"1":{"start":{"line":21,"column":38},"end":{"line":21,"column":50}},"2":{"start":{"line":22,"column":50},"end":{"line":22,"column":60}},"3":{"start":{"line":24,"column":31},"end":{"line":38,"column":3}},"4":{"start":{"line":25,"column":18},"end":{"line":25,"column":42}},"5":{"start":{"line":27,"column":4},"end":{"line":36,"column":5}},"6":{"start":{"line":28,"column":6},"end":{"line":28,"column":28}},"7":{"start":{"line":30,"column":6},"end":{"line":35,"column":9}},"8":{"start":{"line":31,"column":8},"end":{"line":33,"column":9}},"9":{"start":{"line":32,"column":10},"end":{"line":32,"column":22}},"10":{"start":{"line":34,"column":8},"end":{"line":34,"column":21}},"11":{"start":{"line":37,"column":4},"end":{"line":37,"column":36}},"12":{"start":{"line":40,"column":2},"end":{"line":95,"column":4}},"13":{"start":{"line":57,"column":18},"end":{"line":57,"column":48}},"14":{"start":{"line":68,"column":22},"end":{"line":76,"column":24}},"15":{"start":{"line":79,"column":22},"end":{"line":87,"column":24}}},"fnMap":{"0":{"name":"ClubSearch","decl":{"start":{"line":13,"column":9},"end":{"line":13,"column":19}},"loc":{"start":{"line":13,"column":27},"end":{"line":96,"column":1}},"line":13},"1":{"name":"(anonymous_1)","decl":{"start":{"line":24,"column":31},"end":{"line":24,"column":32}},"loc":{"start":{"line":24,"column":37},"end":{"line":38,"column":3}},"line":24},"2":{"name":"(anonymous_2)","decl":{"start":{"line":30,"column":35},"end":{"line":30,"column":36}},"loc":{"start":{"line":30,"column":45},"end":{"line":35,"column":7}},"line":30},"3":{"name":"(anonymous_3)","decl":{"start":{"line":56,"column":26},"end":{"line":56,"column":27}},"loc":{"start":{"line":56,"column":33},"end":{"line":58,"column":17}},"line":56},"4":{"name":"(anonymous_4)","decl":{"start":{"line":67,"column":41},"end":{"line":67,"column":42}},"loc":{"start":{"line":68,"column":22},"end":{"line":76,"column":24}},"line":68},"5":{"name":"(anonymous_5)","decl":{"start":{"line":78,"column":33},"end":{"line":78,"column":34}},"loc":{"start":{"line":79,"column":22},"end":{"line":87,"column":24}},"line":79}},"branchMap":{"0":{"loc":{"start":{"line":27,"column":4},"end":{"line":36,"column":5}},"type":"if","locations":[{"start":{"line":27,"column":4},"end":{"line":36,"column":5}},{"start":{"line":29,"column":11},"end":{"line":36,"column":5}}],"line":27},"1":{"loc":{"start":{"line":31,"column":8},"end":{"line":33,"column":9}},"type":"if","locations":[{"start":{"line":31,"column":8},"end":{"line":33,"column":9}},{"start":{},"end":{}}],"line":31},"2":{"loc":{"start":{"line":46,"column":9},"end":{"line":92,"column":9}},"type":"binary-expr","locations":[{"start":{"line":46,"column":9},"end":{"line":46,"column":17}},{"start":{"line":47,"column":10},"end":{"line":91,"column":17}}],"line":46},"3":{"loc":{"start":{"line":66,"column":17},"end":{"line":88,"column":22}},"type":"cond-expr","locations":[{"start":{"line":67,"column":20},"end":{"line":77,"column":22}},{"start":{"line":78,"column":20},"end":{"line":88,"column":22}}],"line":66}},"s":{"0":10,"1":8,"2":8,"3":8,"4":0,"5":0,"6":0,"7":0,"8":0,"9":0,"10":0,"11":0,"12":8,"13":0,"14":0,"15":4},"f":{"0":10,"1":0,"2":0,"3":0,"4":0,"5":4},"b":{"0":[0,0],"1":[0,0],"2":[8,8],"3":[0,8]},"_coverageSchema":"1a1c01bbd47fc00a2c39e90264f33305004495a9","hash":"c2e3b0b358542e4ced902c8e329d10ec3180a538"}
,"/Users/kangwhihyun/Documents/Dev/Team12/frontend/src/components/club/Club/Club.js": {"path":"/Users/kangwhihyun/Documents/Dev/Team12/frontend/src/components/club/Club/Club.js","statementMap":{"0":{"start":{"line":14,"column":28},"end":{"line":14,"column":40}},"1":{"start":{"line":15,"column":32},"end":{"line":15,"column":44}},"2":{"start":{"line":16,"column":32},"end":{"line":16,"column":44}},"3":{"start":{"line":17,"column":36},"end":{"line":17,"column":50}},"4":{"start":{"line":18,"column":44},"end":{"line":18,"column":56}},"5":{"start":{"line":26,"column":6},"end":{"line":26,"column":11}},"6":{"start":{"line":28,"column":2},"end":{"line":34,"column":21}},"7":{"start":{"line":29,"column":4},"end":{"line":33,"column":5}},"8":{"start":{"line":30,"column":6},"end":{"line":30,"column":39}},"9":{"start":{"line":31,"column":6},"end":{"line":31,"column":35}},"10":{"start":{"line":32,"column":6},"end":{"line":32,"column":39}},"11":{"start":{"line":36,"column":2},"end":{"line":42,"column":23}},"12":{"start":{"line":37,"column":4},"end":{"line":41,"column":5}},"13":{"start":{"line":38,"column":6},"end":{"line":38,"column":25}},"14":{"start":{"line":40,"column":6},"end":{"line":40,"column":26}},"15":{"start":{"line":44,"column":2},"end":{"line":143,"column":4}},"16":{"start":{"line":56,"column":33},"end":{"line":56,"column":57}},"17":{"start":{"line":63,"column":33},"end":{"line":63,"column":59}},"18":{"start":{"line":70,"column":22},"end":{"line":96,"column":34}},"19":{"start":{"line":76,"column":32},"end":{"line":78,"column":34}},"20":{"start":{"line":77,"column":62},"end":{"line":77,"column":77}},"21":{"start":{"line":87,"column":32},"end":{"line":87,"column":80}},"22":{"start":{"line":106,"column":37},"end":{"line":106,"column":66}},"23":{"start":{"line":118,"column":20},"end":{"line":123,"column":21}},"24":{"start":{"line":132,"column":20},"end":{"line":132,"column":42}}},"fnMap":{"0":{"name":"Club","decl":{"start":{"line":13,"column":9},"end":{"line":13,"column":13}},"loc":{"start":{"line":13,"column":21},"end":{"line":144,"column":1}},"line":13},"1":{"name":"(anonymous_1)","decl":{"start":{"line":28,"column":12},"end":{"line":28,"column":13}},"loc":{"start":{"line":28,"column":18},"end":{"line":34,"column":3}},"line":28},"2":{"name":"(anonymous_2)","decl":{"start":{"line":36,"column":12},"end":{"line":36,"column":13}},"loc":{"start":{"line":36,"column":18},"end":{"line":42,"column":3}},"line":36},"3":{"name":"(anonymous_3)","decl":{"start":{"line":56,"column":26},"end":{"line":56,"column":27}},"loc":{"start":{"line":56,"column":33},"end":{"line":56,"column":57}},"line":56},"4":{"name":"(anonymous_4)","decl":{"start":{"line":63,"column":26},"end":{"line":63,"column":27}},"loc":{"start":{"line":63,"column":33},"end":{"line":63,"column":59}},"line":63},"5":{"name":"(anonymous_5)","decl":{"start":{"line":69,"column":33},"end":{"line":69,"column":34}},"loc":{"start":{"line":70,"column":22},"end":{"line":96,"column":34}},"line":70},"6":{"name":"(anonymous_6)","decl":{"start":{"line":75,"column":39},"end":{"line":75,"column":40}},"loc":{"start":{"line":75,"column":45},"end":{"line":79,"column":31}},"line":75},"7":{"name":"(anonymous_7)","decl":{"start":{"line":77,"column":55},"end":{"line":77,"column":56}},"loc":{"start":{"line":77,"column":62},"end":{"line":77,"column":77}},"line":77},"8":{"name":"(anonymous_8)","decl":{"start":{"line":86,"column":39},"end":{"line":86,"column":40}},"loc":{"start":{"line":86,"column":45},"end":{"line":88,"column":31}},"line":86},"9":{"name":"(anonymous_9)","decl":{"start":{"line":106,"column":31},"end":{"line":106,"column":32}},"loc":{"start":{"line":106,"column":37},"end":{"line":106,"column":66}},"line":106},"10":{"name":"(anonymous_10)","decl":{"start":{"line":117,"column":27},"end":{"line":117,"column":28}},"loc":{"start":{"line":118,"column":20},"end":{"line":123,"column":21}},"line":118},"11":{"name":"(anonymous_11)","decl":{"start":{"line":131,"column":27},"end":{"line":131,"column":28}},"loc":{"start":{"line":131,"column":33},"end":{"line":133,"column":19}},"line":131}},"branchMap":{"0":{"loc":{"start":{"line":29,"column":4},"end":{"line":33,"column":5}},"type":"if","locations":[{"start":{"line":29,"column":4},"end":{"line":33,"column":5}},{"start":{},"end":{}}],"line":29},"1":{"loc":{"start":{"line":37,"column":4},"end":{"line":41,"column":5}},"type":"if","locations":[{"start":{"line":37,"column":4},"end":{"line":41,"column":5}},{"start":{"line":39,"column":11},"end":{"line":41,"column":5}}],"line":37},"2":{"loc":{"start":{"line":37,"column":8},"end":{"line":37,"column":26}},"type":"binary-expr","locations":[{"start":{"line":37,"column":8},"end":{"line":37,"column":14}},{"start":{"line":37,"column":18},"end":{"line":37,"column":26}}],"line":37},"3":{"loc":{"start":{"line":49,"column":17},"end":{"line":49,"column":64}},"type":"cond-expr","locations":[{"start":{"line":49,"column":26},"end":{"line":49,"column":43}},{"start":{"line":49,"column":46},"end":{"line":49,"column":64}}],"line":49},"4":{"loc":{"start":{"line":65,"column":15},"end":{"line":100,"column":15}},"type":"binary-expr","locations":[{"start":{"line":65,"column":15},"end":{"line":65,"column":21}},{"start":{"line":66,"column":16},"end":{"line":99,"column":23}}],"line":65},"5":{"loc":{"start":{"line":72,"column":27},"end":{"line":92,"column":27}},"type":"cond-expr","locations":[{"start":{"line":73,"column":28},"end":{"line":82,"column":37}},{"start":{"line":84,"column":28},"end":{"line":91,"column":37}}],"line":72},"6":{"loc":{"start":{"line":102,"column":17},"end":{"line":111,"column":17}},"type":"binary-expr","locations":[{"start":{"line":102,"column":17},"end":{"line":102,"column":23}},{"start":{"line":103,"column":18},"end":{"line":110,"column":21}}],"line":102}},"s":{"0":18,"1":17,"2":17,"3":17,"4":17,"5":17,"6":17,"7":5,"8":2,"9":2,"10":2,"11":17,"12":7,"13":6,"14":1,"15":17,"16":2,"17":2,"18":0,"19":0,"20":0,"21":0,"22":0,"23":2,"24":0},"f":{"0":18,"1":5,"2":7,"3":2,"4":2,"5":0,"6":0,"7":0,"8":0,"9":0,"10":2,"11":0},"b":{"0":[2,3],"1":[6,1],"2":[7,1],"3":[7,10],"4":[17,7],"5":[0,0],"6":[13,3]},"_coverageSchema":"1a1c01bbd47fc00a2c39e90264f33305004495a9","hash":"2522c9e7ec7ebcce8a53853e52aa1c137ccd6c16"}
,"/Users/kangwhihyun/Documents/Dev/Team12/frontend/src/components/club/ClubDetail/ClubDetail.js": {"path":"/Users/kangwhihyun/Documents/Dev/Team12/frontend/src/components/club/ClubDetail/ClubDetail.js","statementMap":{"0":{"start":{"line":13,"column":2},"end":{"line":92,"column":4}},"1":{"start":{"line":29,"column":16},"end":{"line":29,"column":58}},"2":{"start":{"line":38,"column":35},"end":{"line":38,"column":75}},"3":{"start":{"line":47,"column":22},"end":{"line":50,"column":24}},"4":{"start":{"line":58,"column":35},"end":{"line":58,"column":63}},"5":{"start":{"line":65,"column":49},"end":{"line":65,"column":74}},"6":{"start":{"line":69,"column":37},"end":{"line":69,"column":68}},"7":{"start":{"line":78,"column":36},"end":{"line":78,"column":61}},"8":{"start":{"line":80,"column":37},"end":{"line":80,"column":68}}},"fnMap":{"0":{"name":"ClubDetail","decl":{"start":{"line":6,"column":9},"end":{"line":6,"column":19}},"loc":{"start":{"line":12,"column":3},"end":{"line":93,"column":1}},"line":12},"1":{"name":"(anonymous_1)","decl":{"start":{"line":28,"column":32},"end":{"line":28,"column":33}},"loc":{"start":{"line":29,"column":16},"end":{"line":29,"column":58}},"line":29},"2":{"name":"(anonymous_2)","decl":{"start":{"line":38,"column":29},"end":{"line":38,"column":30}},"loc":{"start":{"line":38,"column":35},"end":{"line":38,"column":75}},"line":38},"3":{"name":"(anonymous_3)","decl":{"start":{"line":46,"column":29},"end":{"line":46,"column":30}},"loc":{"start":{"line":47,"column":22},"end":{"line":50,"column":24}},"line":47},"4":{"name":"(anonymous_4)","decl":{"start":{"line":58,"column":29},"end":{"line":58,"column":30}},"loc":{"start":{"line":58,"column":35},"end":{"line":58,"column":63}},"line":58},"5":{"name":"(anonymous_5)","decl":{"start":{"line":65,"column":37},"end":{"line":65,"column":38}},"loc":{"start":{"line":65,"column":49},"end":{"line":65,"column":74}},"line":65},"6":{"name":"(anonymous_6)","decl":{"start":{"line":69,"column":31},"end":{"line":69,"column":32}},"loc":{"start":{"line":69,"column":37},"end":{"line":69,"column":68}},"line":69},"7":{"name":"(anonymous_7)","decl":{"start":{"line":78,"column":24},"end":{"line":78,"column":25}},"loc":{"start":{"line":78,"column":36},"end":{"line":78,"column":61}},"line":78},"8":{"name":"(anonymous_8)","decl":{"start":{"line":80,"column":31},"end":{"line":80,"column":32}},"loc":{"start":{"line":80,"column":37},"end":{"line":80,"column":68}},"line":80}},"branchMap":{"0":{"loc":{"start":{"line":32,"column":15},"end":{"line":86,"column":15}},"type":"cond-expr","locations":[{"start":{"line":33,"column":16},"end":{"line":62,"column":19}},{"start":{"line":64,"column":16},"end":{"line":85,"column":19}}],"line":32},"1":{"loc":{"start":{"line":65,"column":19},"end":{"line":84,"column":19}},"type":"cond-expr","locations":[{"start":{"line":66,"column":20},"end":{"line":72,"column":29}},{"start":{"line":74,"column":20},"end":{"line":83,"column":29}}],"line":65}},"s":{"0":30,"1":30,"2":0,"3":1,"4":1,"5":13,"6":1,"7":0,"8":0},"f":{"0":30,"1":30,"2":0,"3":1,"4":1,"5":13,"6":1,"7":0,"8":0},"b":{"0":[17,13],"1":[11,2]},"_coverageSchema":"1a1c01bbd47fc00a2c39e90264f33305004495a9","hash":"332134ab60d0159ea80aee398a738ce7cd240d3b"}
,"/Users/kangwhihyun/Documents/Dev/Team12/frontend/src/components/club/ClubList/ClubList.js": {"path":"/Users/kangwhihyun/Documents/Dev/Team12/frontend/src/components/club/ClubList/ClubList.js","statementMap":{"0":{"start":{"line":13,"column":6},"end":{"line":13,"column":11}},"1":{"start":{"line":14,"column":2},"end":{"line":74,"column":4}},"2":{"start":{"line":24,"column":32},"end":{"line":24,"column":62}},"3":{"start":{"line":26,"column":16},"end":{"line":33,"column":18}},"4":{"start":{"line":43,"column":16},"end":{"line":43,"column":72}},"5":{"start":{"line":43,"column":46},"end":{"line":43,"column":71}},"6":{"start":{"line":46,"column":16},"end":{"line":53,"column":18}},"7":{"start":{"line":60,"column":23},"end":{"line":60,"column":51}},"8":{"start":{"line":66,"column":23},"end":{"line":66,"column":51}},"9":{"start":{"line":70,"column":52},"end":{"line":70,"column":73}}},"fnMap":{"0":{"name":"ClubList","decl":{"start":{"line":6,"column":9},"end":{"line":6,"column":17}},"loc":{"start":{"line":6,"column":25},"end":{"line":75,"column":1}},"line":6},"1":{"name":"(anonymous_1)","decl":{"start":{"line":24,"column":22},"end":{"line":24,"column":23}},"loc":{"start":{"line":24,"column":32},"end":{"line":24,"column":62}},"line":24},"2":{"name":"(anonymous_2)","decl":{"start":{"line":25,"column":19},"end":{"line":25,"column":20}},"loc":{"start":{"line":26,"column":16},"end":{"line":33,"column":18}},"line":26},"3":{"name":"(anonymous_3)","decl":{"start":{"line":42,"column":22},"end":{"line":42,"column":23}},"loc":{"start":{"line":43,"column":16},"end":{"line":43,"column":72}},"line":43},"4":{"name":"(anonymous_4)","decl":{"start":{"line":43,"column":34},"end":{"line":43,"column":35}},"loc":{"start":{"line":43,"column":46},"end":{"line":43,"column":71}},"line":43},"5":{"name":"(anonymous_5)","decl":{"start":{"line":45,"column":19},"end":{"line":45,"column":20}},"loc":{"start":{"line":46,"column":16},"end":{"line":53,"column":18}},"line":46},"6":{"name":"(anonymous_6)","decl":{"start":{"line":60,"column":17},"end":{"line":60,"column":18}},"loc":{"start":{"line":60,"column":23},"end":{"line":60,"column":51}},"line":60},"7":{"name":"(anonymous_7)","decl":{"start":{"line":66,"column":17},"end":{"line":66,"column":18}},"loc":{"start":{"line":66,"column":23},"end":{"line":66,"column":51}},"line":66},"8":{"name":"(anonymous_8)","decl":{"start":{"line":70,"column":46},"end":{"line":70,"column":47}},"loc":{"start":{"line":70,"column":52},"end":{"line":70,"column":73}},"line":70}},"branchMap":{"0":{"loc":{"start":{"line":22,"column":11},"end":{"line":34,"column":16}},"type":"binary-expr","locations":[{"start":{"line":22,"column":11},"end":{"line":22,"column":16}},{"start":{"line":23,"column":12},"end":{"line":34,"column":16}}],"line":22},"1":{"loc":{"start":{"line":40,"column":11},"end":{"line":54,"column":16}},"type":"binary-expr","locations":[{"start":{"line":40,"column":11},"end":{"line":40,"column":16}},{"start":{"line":41,"column":12},"end":{"line":54,"column":16}}],"line":40}},"s":{"0":15,"1":13,"2":20,"3":10,"4":20,"5":20,"6":10,"7":1,"8":1,"9":1},"f":{"0":15,"1":20,"2":10,"3":20,"4":20,"5":10,"6":1,"7":1,"8":1},"b":{"0":[13,13],"1":[13,13]},"_coverageSchema":"1a1c01bbd47fc00a2c39e90264f33305004495a9","hash":"5e0d778c85d627a9e4701623cd7e9a153aba6fb1"}
,"/Users/kangwhihyun/Documents/Dev/Team12/frontend/src/components/club/ClubPending/ClubPending.js": {"path":"/Users/kangwhihyun/Documents/Dev/Team12/frontend/src/components/club/ClubPending/ClubPending.js","statementMap":{"0":{"start":{"line":6,"column":2},"end":{"line":32,"column":4}},"1":{"start":{"line":22,"column":35},"end":{"line":22,"column":69}},"2":{"start":{"line":25,"column":35},"end":{"line":25,"column":69}},"3":{"start":{"line":36,"column":53},"end":{"line":36,"column":58}},"4":{"start":{"line":37,"column":2},"end":{"line":58,"column":4}},"5":{"start":{"line":46,"column":12},"end":{"line":50,"column":14}},"6":{"start":{"line":53,"column":52},"end":{"line":53,"column":73}}},"fnMap":{"0":{"name":"Pending","decl":{"start":{"line":5,"column":9},"end":{"line":5,"column":16}},"loc":{"start":{"line":5,"column":51},"end":{"line":33,"column":1}},"line":5},"1":{"name":"(anonymous_1)","decl":{"start":{"line":22,"column":29},"end":{"line":22,"column":30}},"loc":{"start":{"line":22,"column":35},"end":{"line":22,"column":69}},"line":22},"2":{"name":"(anonymous_2)","decl":{"start":{"line":25,"column":29},"end":{"line":25,"column":30}},"loc":{"start":{"line":25,"column":35},"end":{"line":25,"column":69}},"line":25},"3":{"name":"ClubPending","decl":{"start":{"line":35,"column":9},"end":{"line":35,"column":20}},"loc":{"start":{"line":35,"column":28},"end":{"line":59,"column":1}},"line":35},"4":{"name":"(anonymous_4)","decl":{"start":{"line":45,"column":23},"end":{"line":45,"column":24}},"loc":{"start":{"line":46,"column":12},"end":{"line":50,"column":14}},"line":46},"5":{"name":"(anonymous_5)","decl":{"start":{"line":53,"column":46},"end":{"line":53,"column":47}},"loc":{"start":{"line":53,"column":52},"end":{"line":53,"column":73}},"line":53}},"branchMap":{"0":{"loc":{"start":{"line":44,"column":9},"end":{"line":51,"column":12}},"type":"binary-expr","locations":[{"start":{"line":44,"column":9},"end":{"line":44,"column":17}},{"start":{"line":45,"column":10},"end":{"line":51,"column":12}}],"line":44}},"s":{"0":0,"1":0,"2":0,"3":0,"4":0,"5":0,"6":0},"f":{"0":0,"1":0,"2":0,"3":0,"4":0,"5":0},"b":{"0":[0,0]},"_coverageSchema":"1a1c01bbd47fc00a2c39e90264f33305004495a9","hash":"9d6b4e416a336bd348df0e6ae7b1e72eef4633d7"}
,"/Users/kangwhihyun/Documents/Dev/Team12/frontend/src/components/comment/CommentList/CommentList.js": {"path":"/Users/kangwhihyun/Documents/Dev/Team12/frontend/src/components/comment/CommentList/CommentList.js","statementMap":{"0":{"start":{"line":22,"column":6},"end":{"line":22,"column":11}},"1":{"start":{"line":23,"column":38},"end":{"line":23,"column":50}},"2":{"start":{"line":25,"column":2},"end":{"line":122,"column":4}},"3":{"start":{"line":34,"column":14},"end":{"line":95,"column":24}},"4":{"start":{"line":57,"column":24},"end":{"line":57,"column":69}},"5":{"start":{"line":71,"column":43},"end":{"line":74,"column":29}},"6":{"start":{"line":75,"column":28},"end":{"line":77,"column":29}},"7":{"start":{"line":76,"column":30},"end":{"line":76,"column":62}},"8":{"start":{"line":87,"column":41},"end":{"line":87,"column":66}},"9":{"start":{"line":103,"column":31},"end":{"line":103,"column":60}},"10":{"start":{"line":114,"column":16},"end":{"line":114,"column":53}},"11":{"start":{"line":115,"column":16},"end":{"line":115,"column":34}}},"fnMap":{"0":{"name":"CommentList","decl":{"start":{"line":13,"column":9},"end":{"line":13,"column":20}},"loc":{"start":{"line":13,"column":28},"end":{"line":123,"column":1}},"line":13},"1":{"name":"(anonymous_1)","decl":{"start":{"line":33,"column":25},"end":{"line":33,"column":26}},"loc":{"start":{"line":34,"column":14},"end":{"line":95,"column":24}},"line":34},"2":{"name":"(anonymous_2)","decl":{"start":{"line":56,"column":31},"end":{"line":56,"column":32}},"loc":{"start":{"line":57,"column":24},"end":{"line":57,"column":69}},"line":57},"3":{"name":"(anonymous_3)","decl":{"start":{"line":70,"column":35},"end":{"line":70,"column":36}},"loc":{"start":{"line":70,"column":41},"end":{"line":78,"column":27}},"line":70},"4":{"name":"(anonymous_4)","decl":{"start":{"line":87,"column":35},"end":{"line":87,"column":36}},"loc":{"start":{"line":87,"column":41},"end":{"line":87,"column":66}},"line":87},"5":{"name":"(anonymous_5)","decl":{"start":{"line":103,"column":24},"end":{"line":103,"column":25}},"loc":{"start":{"line":103,"column":31},"end":{"line":103,"column":60}},"line":103},"6":{"name":"(anonymous_6)","decl":{"start":{"line":113,"column":23},"end":{"line":113,"column":24}},"loc":{"start":{"line":113,"column":29},"end":{"line":116,"column":15}},"line":113}},"branchMap":{"0":{"loc":{"start":{"line":32,"column":11},"end":{"line":96,"column":14}},"type":"binary-expr","locations":[{"start":{"line":32,"column":11},"end":{"line":32,"column":19}},{"start":{"line":33,"column":12},"end":{"line":96,"column":14}}],"line":32},"1":{"loc":{"start":{"line":63,"column":21},"end":{"line":92,"column":28}},"type":"cond-expr","locations":[{"start":{"line":64,"column":22},"end":{"line":91,"column":25}},{"start":{"line":92,"column":24},"end":{"line":92,"column":28}}],"line":63},"2":{"loc":{"start":{"line":75,"column":28},"end":{"line":77,"column":29}},"type":"if","locations":[{"start":{"line":75,"column":28},"end":{"line":77,"column":29}},{"start":{},"end":{}}],"line":75}},"s":{"0":7,"1":7,"2":7,"3":8,"4":0,"5":2,"6":2,"7":1,"8":1,"9":1,"10":1,"11":1},"f":{"0":7,"1":8,"2":0,"3":2,"4":1,"5":1,"6":1},"b":{"0":[7,4],"1":[4,4],"2":[1,1]},"_coverageSchema":"1a1c01bbd47fc00a2c39e90264f33305004495a9","hash":"45b8adf098d0cc6dbc35cf360f6c0515259d7e8c"}
,"/Users/kangwhihyun/Documents/Dev/Team12/frontend/src/components/meeting/Main/Main.js": {"path":"/Users/kangwhihyun/Documents/Dev/Team12/frontend/src/components/meeting/Main/Main.js","statementMap":{"0":{"start":{"line":18,"column":19},"end":{"line":21,"column":1}},"1":{"start":{"line":24,"column":2},"end":{"line":24,"column":75}},"2":{"start":{"line":27,"column":2},"end":{"line":27,"column":75}},"3":{"start":{"line":30,"column":2},"end":{"line":30,"column":75}},"4":{"start":{"line":34,"column":39},"end":{"line":34,"column":44}},"5":{"start":{"line":35,"column":34},"end":{"line":35,"column":48}},"6":{"start":{"line":36,"column":44},"end":{"line":36,"column":56}},"7":{"start":{"line":37,"column":38},"end":{"line":37,"column":50}},"8":{"start":{"line":39,"column":22},"end":{"line":86,"column":6}},"9":{"start":{"line":40,"column":4},"end":{"line":86,"column":6}},"10":{"start":{"line":42,"column":6},"end":{"line":85,"column":12}},"11":{"start":{"line":48,"column":25},"end":{"line":48,"column":65}},"12":{"start":{"line":48,"column":48},"end":{"line":48,"column":64}},"13":{"start":{"line":49,"column":25},"end":{"line":49,"column":67}},"14":{"start":{"line":49,"column":50},"end":{"line":49,"column":66}},"15":{"start":{"line":50,"column":12},"end":{"line":50,"column":47}},"16":{"start":{"line":51,"column":12},"end":{"line":51,"column":32}},"17":{"start":{"line":64,"column":37},"end":{"line":64,"column":69}},"18":{"start":{"line":71,"column":37},"end":{"line":71,"column":77}},"19":{"start":{"line":71,"column":60},"end":{"line":71,"column":76}},"20":{"start":{"line":72,"column":37},"end":{"line":72,"column":79}},"21":{"start":{"line":72,"column":62},"end":{"line":72,"column":78}},"22":{"start":{"line":73,"column":24},"end":{"line":73,"column":60}},"23":{"start":{"line":74,"column":24},"end":{"line":74,"column":44}},"24":{"start":{"line":88,"column":25},"end":{"line":146,"column":6}},"25":{"start":{"line":89,"column":4},"end":{"line":146,"column":6}},"26":{"start":{"line":91,"column":6},"end":{"line":145,"column":12}},"27":{"start":{"line":97,"column":25},"end":{"line":97,"column":71}},"28":{"start":{"line":97,"column":51},"end":{"line":97,"column":70}},"29":{"start":{"line":98,"column":25},"end":{"line":98,"column":73}},"30":{"start":{"line":98,"column":53},"end":{"line":98,"column":72}},"31":{"start":{"line":99,"column":12},"end":{"line":99,"column":47}},"32":{"start":{"line":100,"column":12},"end":{"line":100,"column":35}},"33":{"start":{"line":119,"column":39},"end":{"line":119,"column":77}},"34":{"start":{"line":126,"column":39},"end":{"line":128,"column":27}},"35":{"start":{"line":127,"column":35},"end":{"line":127,"column":54}},"36":{"start":{"line":129,"column":39},"end":{"line":131,"column":27}},"37":{"start":{"line":130,"column":35},"end":{"line":130,"column":54}},"38":{"start":{"line":132,"column":26},"end":{"line":132,"column":62}},"39":{"start":{"line":133,"column":26},"end":{"line":133,"column":49}},"40":{"start":{"line":148,"column":2},"end":{"line":156,"column":24}},"41":{"start":{"line":149,"column":4},"end":{"line":151,"column":5}},"42":{"start":{"line":150,"column":6},"end":{"line":150,"column":33}},"43":{"start":{"line":152,"column":4},"end":{"line":154,"column":5}},"44":{"start":{"line":153,"column":6},"end":{"line":153,"column":27}},"45":{"start":{"line":155,"column":4},"end":{"line":155,"column":25}},"46":{"start":{"line":158,"column":2},"end":{"line":172,"column":30}},"47":{"start":{"line":159,"column":4},"end":{"line":171,"column":5}},"48":{"start":{"line":160,"column":6},"end":{"line":165,"column":9}},"49":{"start":{"line":161,"column":8},"end":{"line":164,"column":11}},"50":{"start":{"line":167,"column":6},"end":{"line":170,"column":9}},"51":{"start":{"line":174,"column":2},"end":{"line":209,"column":4}},"52":{"start":{"line":197,"column":29},"end":{"line":197,"column":60}}},"fnMap":{"0":{"name":"Main","decl":{"start":{"line":32,"column":9},"end":{"line":32,"column":13}},"loc":{"start":{"line":32,"column":21},"end":{"line":210,"column":1}},"line":32},"1":{"name":"(anonymous_1)","decl":{"start":{"line":39,"column":22},"end":{"line":39,"column":23}},"loc":{"start":{"line":40,"column":4},"end":{"line":86,"column":6}},"line":40},"2":{"name":"(anonymous_2)","decl":{"start":{"line":41,"column":19},"end":{"line":41,"column":20}},"loc":{"start":{"line":42,"column":6},"end":{"line":85,"column":12}},"line":42},"3":{"name":"(anonymous_3)","decl":{"start":{"line":47,"column":19},"end":{"line":47,"column":20}},"loc":{"start":{"line":47,"column":25},"end":{"line":52,"column":11}},"line":47},"4":{"name":"(anonymous_4)","decl":{"start":{"line":48,"column":41},"end":{"line":48,"column":42}},"loc":{"start":{"line":48,"column":48},"end":{"line":48,"column":64}},"line":48},"5":{"name":"(anonymous_5)","decl":{"start":{"line":49,"column":43},"end":{"line":49,"column":44}},"loc":{"start":{"line":49,"column":50},"end":{"line":49,"column":66}},"line":49},"6":{"name":"(anonymous_6)","decl":{"start":{"line":64,"column":31},"end":{"line":64,"column":32}},"loc":{"start":{"line":64,"column":37},"end":{"line":64,"column":69}},"line":64},"7":{"name":"(anonymous_7)","decl":{"start":{"line":70,"column":31},"end":{"line":70,"column":32}},"loc":{"start":{"line":70,"column":37},"end":{"line":75,"column":23}},"line":70},"8":{"name":"(anonymous_8)","decl":{"start":{"line":71,"column":53},"end":{"line":71,"column":54}},"loc":{"start":{"line":71,"column":60},"end":{"line":71,"column":76}},"line":71},"9":{"name":"(anonymous_9)","decl":{"start":{"line":72,"column":55},"end":{"line":72,"column":56}},"loc":{"start":{"line":72,"column":62},"end":{"line":72,"column":78}},"line":72},"10":{"name":"(anonymous_10)","decl":{"start":{"line":88,"column":25},"end":{"line":88,"column":26}},"loc":{"start":{"line":89,"column":4},"end":{"line":146,"column":6}},"line":89},"11":{"name":"(anonymous_11)","decl":{"start":{"line":90,"column":22},"end":{"line":90,"column":23}},"loc":{"start":{"line":91,"column":6},"end":{"line":145,"column":12}},"line":91},"12":{"name":"(anonymous_12)","decl":{"start":{"line":96,"column":19},"end":{"line":96,"column":20}},"loc":{"start":{"line":96,"column":25},"end":{"line":101,"column":11}},"line":96},"13":{"name":"(anonymous_13)","decl":{"start":{"line":97,"column":44},"end":{"line":97,"column":45}},"loc":{"start":{"line":97,"column":51},"end":{"line":97,"column":70}},"line":97},"14":{"name":"(anonymous_14)","decl":{"start":{"line":98,"column":46},"end":{"line":98,"column":47}},"loc":{"start":{"line":98,"column":53},"end":{"line":98,"column":72}},"line":98},"15":{"name":"(anonymous_15)","decl":{"start":{"line":119,"column":33},"end":{"line":119,"column":34}},"loc":{"start":{"line":119,"column":39},"end":{"line":119,"column":77}},"line":119},"16":{"name":"(anonymous_16)","decl":{"start":{"line":125,"column":33},"end":{"line":125,"column":34}},"loc":{"start":{"line":125,"column":39},"end":{"line":134,"column":25}},"line":125},"17":{"name":"(anonymous_17)","decl":{"start":{"line":127,"column":28},"end":{"line":127,"column":29}},"loc":{"start":{"line":127,"column":35},"end":{"line":127,"column":54}},"line":127},"18":{"name":"(anonymous_18)","decl":{"start":{"line":130,"column":28},"end":{"line":130,"column":29}},"loc":{"start":{"line":130,"column":35},"end":{"line":130,"column":54}},"line":130},"19":{"name":"(anonymous_19)","decl":{"start":{"line":148,"column":12},"end":{"line":148,"column":13}},"loc":{"start":{"line":148,"column":18},"end":{"line":156,"column":3}},"line":148},"20":{"name":"(anonymous_20)","decl":{"start":{"line":158,"column":12},"end":{"line":158,"column":13}},"loc":{"start":{"line":158,"column":18},"end":{"line":172,"column":3}},"line":158},"21":{"name":"(anonymous_21)","decl":{"start":{"line":160,"column":47},"end":{"line":160,"column":48}},"loc":{"start":{"line":160,"column":61},"end":{"line":165,"column":7}},"line":160},"22":{"name":"(anonymous_22)","decl":{"start":{"line":197,"column":23},"end":{"line":197,"column":24}},"loc":{"start":{"line":197,"column":29},"end":{"line":197,"column":60}},"line":197}},"branchMap":{"0":{"loc":{"start":{"line":40,"column":4},"end":{"line":86,"column":6}},"type":"binary-expr","locations":[{"start":{"line":40,"column":4},"end":{"line":40,"column":14}},{"start":{"line":41,"column":4},"end":{"line":86,"column":6}}],"line":40},"1":{"loc":{"start":{"line":54,"column":9},"end":{"line":84,"column":9}},"type":"binary-expr","locations":[{"start":{"line":54,"column":9},"end":{"line":54,"column":18}},{"start":{"line":55,"column":10},"end":{"line":83,"column":29}}],"line":54},"2":{"loc":{"start":{"line":89,"column":4},"end":{"line":146,"column":6}},"type":"binary-expr","locations":[{"start":{"line":89,"column":4},"end":{"line":89,"column":17}},{"start":{"line":90,"column":4},"end":{"line":146,"column":6}}],"line":89},"3":{"loc":{"start":{"line":103,"column":9},"end":{"line":144,"column":9}},"type":"binary-expr","locations":[{"start":{"line":103,"column":9},"end":{"line":103,"column":21}},{"start":{"line":104,"column":10},"end":{"line":143,"column":29}}],"line":103},"4":{"loc":{"start":{"line":149,"column":4},"end":{"line":151,"column":5}},"type":"if","locations":[{"start":{"line":149,"column":4},"end":{"line":151,"column":5}},{"start":{},"end":{}}],"line":149},"5":{"loc":{"start":{"line":152,"column":4},"end":{"line":154,"column":5}},"type":"if","locations":[{"start":{"line":152,"column":4},"end":{"line":154,"column":5}},{"start":{},"end":{}}],"line":152},"6":{"loc":{"start":{"line":159,"column":4},"end":{"line":171,"column":5}},"type":"if","locations":[{"start":{"line":159,"column":4},"end":{"line":171,"column":5}},{"start":{"line":166,"column":11},"end":{"line":171,"column":5}}],"line":159},"7":{"loc":{"start":{"line":176,"column":7},"end":{"line":207,"column":7}},"type":"cond-expr","locations":[{"start":{"line":177,"column":8},"end":{"line":202,"column":14}},{"start":{"line":204,"column":8},"end":{"line":206,"column":17}}],"line":176}},"s":{"0":3,"1":3,"2":3,"3":3,"4":14,"5":14,"6":14,"7":14,"8":14,"9":8,"10":1,"11":0,"12":0,"13":0,"14":0,"15":0,"16":0,"17":0,"18":0,"19":0,"20":0,"21":0,"22":0,"23":0,"24":14,"25":8,"26":1,"27":0,"28":0,"29":0,"30":0,"31":0,"32":0,"33":0,"34":0,"35":0,"36":0,"37":0,"38":0,"39":0,"40":14,"41":6,"42":1,"43":6,"44":1,"45":6,"46":14,"47":6,"48":0,"49":0,"50":6,"51":14,"52":1},"f":{"0":14,"1":8,"2":1,"3":0,"4":0,"5":0,"6":0,"7":0,"8":0,"9":0,"10":8,"11":1,"12":0,"13":0,"14":0,"15":0,"16":0,"17":0,"18":0,"19":6,"20":6,"21":0,"22":1},"b":{"0":[8,1],"1":[1,0],"2":[8,8],"3":[1,0],"4":[1,5],"5":[1,5],"6":[0,6],"7":[8,6]},"_coverageSchema":"1a1c01bbd47fc00a2c39e90264f33305004495a9","hash":"ad3fc0d67e2dede513dbcc25d33ebe1424aaf933"}
,"/Users/kangwhihyun/Documents/Dev/Team12/frontend/src/components/meeting/Meeting/Meeting.js": {"path":"/Users/kangwhihyun/Documents/Dev/Team12/frontend/src/components/meeting/Meeting/Meeting.js","statementMap":{"0":{"start":{"line":10,"column":28},"end":{"line":10,"column":40}},"1":{"start":{"line":11,"column":32},"end":{"line":11,"column":44}},"2":{"start":{"line":12,"column":38},"end":{"line":12,"column":50}},"3":{"start":{"line":13,"column":36},"end":{"line":13,"column":51}},"4":{"start":{"line":14,"column":28},"end":{"line":14,"column":42}},"5":{"start":{"line":15,"column":34},"end":{"line":15,"column":48}},"6":{"start":{"line":16,"column":26},"end":{"line":16,"column":46}},"7":{"start":{"line":18,"column":48},"end":{"line":18,"column":62}},"8":{"start":{"line":19,"column":46},"end":{"line":19,"column":60}},"9":{"start":{"line":20,"column":48},"end":{"line":20,"column":59}},"10":{"start":{"line":31,"column":6},"end":{"line":31,"column":11}},"11":{"start":{"line":33,"column":23},"end":{"line":35,"column":3}},"12":{"start":{"line":34,"column":4},"end":{"line":34,"column":42}},"13":{"start":{"line":37,"column":26},"end":{"line":39,"column":3}},"14":{"start":{"line":38,"column":4},"end":{"line":38,"column":60}},"15":{"start":{"line":41,"column":22},"end":{"line":43,"column":3}},"16":{"start":{"line":42,"column":4},"end":{"line":42,"column":22}},"17":{"start":{"line":45,"column":2},"end":{"line":58,"column":39}},"18":{"start":{"line":46,"column":4},"end":{"line":57,"column":5}},"19":{"start":{"line":47,"column":6},"end":{"line":47,"column":38}},"20":{"start":{"line":48,"column":6},"end":{"line":48,"column":42}},"21":{"start":{"line":49,"column":6},"end":{"line":49,"column":48}},"22":{"start":{"line":50,"column":6},"end":{"line":50,"column":44}},"23":{"start":{"line":51,"column":6},"end":{"line":51,"column":46}},"24":{"start":{"line":52,"column":6},"end":{"line":55,"column":9}},"25":{"start":{"line":56,"column":6},"end":{"line":56,"column":39}},"26":{"start":{"line":60,"column":2},"end":{"line":66,"column":46}},"27":{"start":{"line":61,"column":4},"end":{"line":65,"column":5}},"28":{"start":{"line":62,"column":6},"end":{"line":62,"column":25}},"29":{"start":{"line":64,"column":6},"end":{"line":64,"column":26}},"30":{"start":{"line":68,"column":2},"end":{"line":178,"column":4}},"31":{"start":{"line":81,"column":33},"end":{"line":81,"column":57}},"32":{"start":{"line":89,"column":33},"end":{"line":89,"column":59}},"33":{"start":{"line":99,"column":33},"end":{"line":99,"column":62}},"34":{"start":{"line":109,"column":24},"end":{"line":112,"column":25}},"35":{"start":{"line":111,"column":38},"end":{"line":111,"column":63}},"36":{"start":{"line":131,"column":20},"end":{"line":141,"column":21}},"37":{"start":{"line":151,"column":20},"end":{"line":155,"column":21}},"38":{"start":{"line":152,"column":22},"end":{"line":152,"column":60}},"39":{"start":{"line":154,"column":22},"end":{"line":154,"column":44}}},"fnMap":{"0":{"name":"Meeting","decl":{"start":{"line":9,"column":9},"end":{"line":9,"column":16}},"loc":{"start":{"line":9,"column":24},"end":{"line":179,"column":1}},"line":9},"1":{"name":"(anonymous_1)","decl":{"start":{"line":33,"column":23},"end":{"line":33,"column":24}},"loc":{"start":{"line":33,"column":52},"end":{"line":35,"column":3}},"line":33},"2":{"name":"(anonymous_2)","decl":{"start":{"line":37,"column":26},"end":{"line":37,"column":27}},"loc":{"start":{"line":37,"column":60},"end":{"line":39,"column":3}},"line":37},"3":{"name":"(anonymous_3)","decl":{"start":{"line":41,"column":22},"end":{"line":41,"column":23}},"loc":{"start":{"line":41,"column":36},"end":{"line":43,"column":3}},"line":41},"4":{"name":"(anonymous_4)","decl":{"start":{"line":45,"column":12},"end":{"line":45,"column":13}},"loc":{"start":{"line":45,"column":18},"end":{"line":58,"column":3}},"line":45},"5":{"name":"(anonymous_5)","decl":{"start":{"line":60,"column":12},"end":{"line":60,"column":13}},"loc":{"start":{"line":60,"column":18},"end":{"line":66,"column":3}},"line":60},"6":{"name":"(anonymous_6)","decl":{"start":{"line":81,"column":26},"end":{"line":81,"column":27}},"loc":{"start":{"line":81,"column":33},"end":{"line":81,"column":57}},"line":81},"7":{"name":"(anonymous_7)","decl":{"start":{"line":89,"column":26},"end":{"line":89,"column":27}},"loc":{"start":{"line":89,"column":33},"end":{"line":89,"column":59}},"line":89},"8":{"name":"(anonymous_8)","decl":{"start":{"line":99,"column":26},"end":{"line":99,"column":27}},"loc":{"start":{"line":99,"column":33},"end":{"line":99,"column":62}},"line":99},"9":{"name":"(anonymous_9)","decl":{"start":{"line":108,"column":22},"end":{"line":108,"column":23}},"loc":{"start":{"line":109,"column":24},"end":{"line":112,"column":25}},"line":109},"10":{"name":"(anonymous_10)","decl":{"start":{"line":111,"column":26},"end":{"line":111,"column":27}},"loc":{"start":{"line":111,"column":38},"end":{"line":111,"column":63}},"line":111},"11":{"name":"(anonymous_11)","decl":{"start":{"line":130,"column":27},"end":{"line":130,"column":28}},"loc":{"start":{"line":131,"column":20},"end":{"line":141,"column":21}},"line":131},"12":{"name":"(anonymous_12)","decl":{"start":{"line":150,"column":27},"end":{"line":150,"column":28}},"loc":{"start":{"line":150,"column":33},"end":{"line":156,"column":19}},"line":150}},"branchMap":{"0":{"loc":{"start":{"line":46,"column":4},"end":{"line":57,"column":5}},"type":"if","locations":[{"start":{"line":46,"column":4},"end":{"line":57,"column":5}},{"start":{},"end":{}}],"line":46},"1":{"loc":{"start":{"line":61,"column":4},"end":{"line":65,"column":5}},"type":"if","locations":[{"start":{"line":61,"column":4},"end":{"line":65,"column":5}},{"start":{"line":63,"column":11},"end":{"line":65,"column":5}}],"line":61},"2":{"loc":{"start":{"line":61,"column":8},"end":{"line":61,"column":70}},"type":"binary-expr","locations":[{"start":{"line":61,"column":8},"end":{"line":61,"column":20}},{"start":{"line":61,"column":24},"end":{"line":61,"column":38}},{"start":{"line":61,"column":42},"end":{"line":61,"column":48}},{"start":{"line":61,"column":52},"end":{"line":61,"column":61}},{"start":{"line":61,"column":65},"end":{"line":61,"column":70}}],"line":61},"3":{"loc":{"start":{"line":106,"column":20},"end":{"line":113,"column":21}},"type":"binary-expr","locations":[{"start":{"line":106,"column":20},"end":{"line":106,"column":25}},{"start":{"line":107,"column":20},"end":{"line":113,"column":21}}],"line":106},"4":{"loc":{"start":{"line":109,"column":24},"end":{"line":112,"column":25}},"type":"binary-expr","locations":[{"start":{"line":109,"column":24},"end":{"line":109,"column":54}},{"start":{"line":110,"column":24},"end":{"line":112,"column":25}}],"line":109},"5":{"loc":{"start":{"line":151,"column":20},"end":{"line":155,"column":21}},"type":"if","locations":[{"start":{"line":151,"column":20},"end":{"line":155,"column":21}},{"start":{"line":153,"column":27},"end":{"line":155,"column":21}}],"line":151},"6":{"loc":{"start":{"line":165,"column":15},"end":{"line":165,"column":53}},"type":"binary-expr","locations":[{"start":{"line":165,"column":15},"end":{"line":165,"column":19}},{"start":{"line":165,"column":23},"end":{"line":165,"column":53}}],"line":165}},"s":{"0":35,"1":33,"2":33,"3":33,"4":33,"5":33,"6":33,"7":33,"8":33,"9":33,"10":33,"11":33,"12":0,"13":33,"14":0,"15":33,"16":0,"17":33,"18":15,"19":13,"20":13,"21":13,"22":13,"23":13,"24":13,"25":13,"26":33,"27":16,"28":15,"29":1,"30":33,"31":0,"32":0,"33":0,"34":0,"35":0,"36":0,"37":1,"38":1,"39":0},"f":{"0":35,"1":0,"2":0,"3":0,"4":15,"5":16,"6":0,"7":0,"8":0,"9":0,"10":0,"11":0,"12":1},"b":{"0":[13,2],"1":[15,1],"2":[16,9,9,9,1],"3":[33,33],"4":[0,0],"5":[1,0],"6":[25,25]},"_coverageSchema":"1a1c01bbd47fc00a2c39e90264f33305004495a9","hash":"a53af59052274e99cdeb663a04f7ac960fef1d7e"}
,"/Users/kangwhihyun/Documents/Dev/Team12/frontend/src/components/meeting/Meeting/MeetingMap.js": {"path":"/Users/kangwhihyun/Documents/Dev/Team12/frontend/src/components/meeting/Meeting/MeetingMap.js","statementMap":{"0":{"start":{"line":7,"column":38},"end":{"line":7,"column":53}},"1":{"start":{"line":8,"column":48},"end":{"line":8,"column":62}},"2":{"start":{"line":9,"column":44},"end":{"line":9,"column":58}},"3":{"start":{"line":10,"column":32},"end":{"line":10,"column":46}},"4":{"start":{"line":11,"column":32},"end":{"line":11,"column":44}},"5":{"start":{"line":12,"column":26},"end":{"line":12,"column":40}},"6":{"start":{"line":13,"column":24},"end":{"line":13,"column":38}},"7":{"start":{"line":14,"column":46},"end":{"line":14,"column":60}},"8":{"start":{"line":15,"column":38},"end":{"line":15,"column":52}},"9":{"start":{"line":16,"column":40},"end":{"line":16,"column":52}},"10":{"start":{"line":18,"column":40},"end":{"line":18,"column":45}},"11":{"start":{"line":20,"column":2},"end":{"line":34,"column":30}},"12":{"start":{"line":21,"column":4},"end":{"line":33,"column":5}},"13":{"start":{"line":22,"column":6},"end":{"line":27,"column":9}},"14":{"start":{"line":23,"column":8},"end":{"line":26,"column":11}},"15":{"start":{"line":29,"column":6},"end":{"line":32,"column":9}},"16":{"start":{"line":36,"column":2},"end":{"line":42,"column":17}},"17":{"start":{"line":37,"column":4},"end":{"line":41,"column":5}},"18":{"start":{"line":38,"column":6},"end":{"line":38,"column":42}},"19":{"start":{"line":39,"column":6},"end":{"line":39,"column":34}},"20":{"start":{"line":40,"column":6},"end":{"line":40,"column":43}},"21":{"start":{"line":44,"column":2},"end":{"line":50,"column":23}},"22":{"start":{"line":45,"column":4},"end":{"line":49,"column":5}},"23":{"start":{"line":46,"column":6},"end":{"line":46,"column":27}},"24":{"start":{"line":48,"column":6},"end":{"line":48,"column":26}},"25":{"start":{"line":52,"column":2},"end":{"line":192,"column":4}},"26":{"start":{"line":55,"column":20},"end":{"line":55,"column":39}},"27":{"start":{"line":71,"column":12},"end":{"line":74,"column":15}},"28":{"start":{"line":75,"column":12},"end":{"line":75,"column":36}},"29":{"start":{"line":85,"column":18},"end":{"line":90,"column":21}},"30":{"start":{"line":91,"column":18},"end":{"line":91,"column":32}},"31":{"start":{"line":92,"column":18},"end":{"line":92,"column":37}},"32":{"start":{"line":98,"column":16},"end":{"line":110,"column":28}},"33":{"start":{"line":102,"column":20},"end":{"line":102,"column":36}},"34":{"start":{"line":103,"column":20},"end":{"line":103,"column":46}},"35":{"start":{"line":104,"column":20},"end":{"line":104,"column":39}},"36":{"start":{"line":116,"column":23},"end":{"line":116,"column":55}},"37":{"start":{"line":118,"column":12},"end":{"line":132,"column":15}},"38":{"start":{"line":119,"column":14},"end":{"line":131,"column":15}},"39":{"start":{"line":120,"column":31},"end":{"line":120,"column":60}},"40":{"start":{"line":121,"column":28},"end":{"line":121,"column":30}},"41":{"start":{"line":122,"column":16},"end":{"line":128,"column":19}},"42":{"start":{"line":123,"column":18},"end":{"line":126,"column":21}},"43":{"start":{"line":127,"column":18},"end":{"line":127,"column":65}},"44":{"start":{"line":129,"column":16},"end":{"line":129,"column":32}},"45":{"start":{"line":130,"column":16},"end":{"line":130,"column":38}},"46":{"start":{"line":137,"column":29},"end":{"line":137,"column":55}},"47":{"start":{"line":152,"column":33},"end":{"line":152,"column":63}},"48":{"start":{"line":162,"column":12},"end":{"line":162,"column":33}},"49":{"start":{"line":163,"column":12},"end":{"line":169,"column":13}},"50":{"start":{"line":164,"column":14},"end":{"line":164,"column":50}},"51":{"start":{"line":165,"column":14},"end":{"line":165,"column":51}},"52":{"start":{"line":167,"column":14},"end":{"line":167,"column":37}},"53":{"start":{"line":168,"column":14},"end":{"line":168,"column":33}},"54":{"start":{"line":181,"column":12},"end":{"line":181,"column":33}},"55":{"start":{"line":182,"column":12},"end":{"line":182,"column":66}}},"fnMap":{"0":{"name":"MeetingMap","decl":{"start":{"line":6,"column":9},"end":{"line":6,"column":19}},"loc":{"start":{"line":6,"column":27},"end":{"line":193,"column":1}},"line":6},"1":{"name":"(anonymous_1)","decl":{"start":{"line":20,"column":12},"end":{"line":20,"column":13}},"loc":{"start":{"line":20,"column":18},"end":{"line":34,"column":3}},"line":20},"2":{"name":"(anonymous_2)","decl":{"start":{"line":22,"column":47},"end":{"line":22,"column":48}},"loc":{"start":{"line":22,"column":61},"end":{"line":27,"column":7}},"line":22},"3":{"name":"(anonymous_3)","decl":{"start":{"line":36,"column":12},"end":{"line":36,"column":13}},"loc":{"start":{"line":36,"column":18},"end":{"line":42,"column":3}},"line":36},"4":{"name":"(anonymous_4)","decl":{"start":{"line":44,"column":12},"end":{"line":44,"column":13}},"loc":{"start":{"line":44,"column":18},"end":{"line":50,"column":3}},"line":44},"5":{"name":"(anonymous_5)","decl":{"start":{"line":55,"column":14},"end":{"line":55,"column":15}},"loc":{"start":{"line":55,"column":20},"end":{"line":55,"column":39}},"line":55},"6":{"name":"(anonymous_6)","decl":{"start":{"line":70,"column":19},"end":{"line":70,"column":20}},"loc":{"start":{"line":70,"column":39},"end":{"line":76,"column":11}},"line":70},"7":{"name":"(anonymous_7)","decl":{"start":{"line":84,"column":25},"end":{"line":84,"column":26}},"loc":{"start":{"line":84,"column":31},"end":{"line":93,"column":17}},"line":84},"8":{"name":"(anonymous_8)","decl":{"start":{"line":97,"column":26},"end":{"line":97,"column":27}},"loc":{"start":{"line":98,"column":16},"end":{"line":110,"column":28}},"line":98},"9":{"name":"(anonymous_9)","decl":{"start":{"line":101,"column":27},"end":{"line":101,"column":28}},"loc":{"start":{"line":101,"column":33},"end":{"line":105,"column":19}},"line":101},"10":{"name":"(anonymous_10)","decl":{"start":{"line":115,"column":20},"end":{"line":115,"column":21}},"loc":{"start":{"line":115,"column":26},"end":{"line":133,"column":11}},"line":115},"11":{"name":"(anonymous_11)","decl":{"start":{"line":118,"column":38},"end":{"line":118,"column":39}},"loc":{"start":{"line":118,"column":69},"end":{"line":132,"column":13}},"line":118},"12":{"name":"(anonymous_12)","decl":{"start":{"line":122,"column":29},"end":{"line":122,"column":30}},"loc":{"start":{"line":122,"column":36},"end":{"line":128,"column":17}},"line":122},"13":{"name":"(anonymous_13)","decl":{"start":{"line":137,"column":22},"end":{"line":137,"column":23}},"loc":{"start":{"line":137,"column":29},"end":{"line":137,"column":55}},"line":137},"14":{"name":"(anonymous_14)","decl":{"start":{"line":152,"column":26},"end":{"line":152,"column":27}},"loc":{"start":{"line":152,"column":33},"end":{"line":152,"column":63}},"line":152},"15":{"name":"(anonymous_15)","decl":{"start":{"line":161,"column":19},"end":{"line":161,"column":20}},"loc":{"start":{"line":161,"column":25},"end":{"line":170,"column":11}},"line":161},"16":{"name":"(anonymous_16)","decl":{"start":{"line":180,"column":19},"end":{"line":180,"column":20}},"loc":{"start":{"line":180,"column":25},"end":{"line":183,"column":11}},"line":180}},"branchMap":{"0":{"loc":{"start":{"line":21,"column":4},"end":{"line":33,"column":5}},"type":"if","locations":[{"start":{"line":21,"column":4},"end":{"line":33,"column":5}},{"start":{"line":28,"column":11},"end":{"line":33,"column":5}}],"line":21},"1":{"loc":{"start":{"line":37,"column":4},"end":{"line":41,"column":5}},"type":"if","locations":[{"start":{"line":37,"column":4},"end":{"line":41,"column":5}},{"start":{},"end":{}}],"line":37},"2":{"loc":{"start":{"line":45,"column":4},"end":{"line":49,"column":5}},"type":"if","locations":[{"start":{"line":45,"column":4},"end":{"line":49,"column":5}},{"start":{"line":47,"column":11},"end":{"line":49,"column":5}}],"line":45},"3":{"loc":{"start":{"line":52,"column":9},"end":{"line":192,"column":3}},"type":"cond-expr","locations":[{"start":{"line":53,"column":4},"end":{"line":187,"column":12}},{"start":{"line":189,"column":4},"end":{"line":191,"column":13}}],"line":52},"4":{"loc":{"start":{"line":67,"column":18},"end":{"line":67,"column":50}},"type":"binary-expr","locations":[{"start":{"line":67,"column":18},"end":{"line":67,"column":31}},{"start":{"line":67,"column":35},"end":{"line":67,"column":50}}],"line":67},"5":{"loc":{"start":{"line":80,"column":13},"end":{"line":95,"column":13}},"type":"binary-expr","locations":[{"start":{"line":80,"column":13},"end":{"line":80,"column":26}},{"start":{"line":81,"column":14},"end":{"line":94,"column":16}}],"line":80},"6":{"loc":{"start":{"line":96,"column":13},"end":{"line":111,"column":16}},"type":"binary-expr","locations":[{"start":{"line":96,"column":13},"end":{"line":96,"column":20}},{"start":{"line":97,"column":14},"end":{"line":111,"column":16}}],"line":96},"7":{"loc":{"start":{"line":107,"column":19},"end":{"line":109,"column":19}},"type":"binary-expr","locations":[{"start":{"line":107,"column":19},"end":{"line":107,"column":23}},{"start":{"line":107,"column":27},"end":{"line":107,"column":58}},{"start":{"line":108,"column":20},"end":{"line":108,"column":73}}],"line":107},"8":{"loc":{"start":{"line":119,"column":14},"end":{"line":131,"column":15}},"type":"if","locations":[{"start":{"line":119,"column":14},"end":{"line":131,"column":15}},{"start":{},"end":{}}],"line":119},"9":{"loc":{"start":{"line":146,"column":11},"end":{"line":155,"column":11}},"type":"binary-expr","locations":[{"start":{"line":146,"column":11},"end":{"line":146,"column":25}},{"start":{"line":147,"column":12},"end":{"line":154,"column":16}}],"line":146},"10":{"loc":{"start":{"line":163,"column":12},"end":{"line":169,"column":13}},"type":"if","locations":[{"start":{"line":163,"column":12},"end":{"line":169,"column":13}},{"start":{"line":166,"column":19},"end":{"line":169,"column":13}}],"line":163}},"s":{"0":20,"1":20,"2":20,"3":20,"4":20,"5":20,"6":20,"7":20,"8":20,"9":20,"10":20,"11":20,"12":7,"13":0,"14":0,"15":7,"16":20,"17":13,"18":1,"19":1,"20":1,"21":20,"22":7,"23":0,"24":7,"25":20,"26":0,"27":0,"28":0,"29":0,"30":0,"31":0,"32":0,"33":0,"34":0,"35":0,"36":0,"37":0,"38":0,"39":0,"40":0,"41":0,"42":0,"43":0,"44":0,"45":0,"46":0,"47":0,"48":0,"49":0,"50":0,"51":0,"52":0,"53":0,"54":0,"55":0},"f":{"0":20,"1":7,"2":0,"3":13,"4":7,"5":0,"6":0,"7":0,"8":0,"9":0,"10":0,"11":0,"12":0,"13":0,"14":0,"15":0,"16":0},"b":{"0":[0,7],"1":[1,12],"2":[0,7],"3":[13,7],"4":[13,13],"5":[13,0],"6":[13,0],"7":[0,0,0],"8":[0,0],"9":[13,0],"10":[0,0]},"_coverageSchema":"1a1c01bbd47fc00a2c39e90264f33305004495a9","hash":"5e954a72eecd8e909e9a6f2d79fc46b190b29939"}
,"/Users/kangwhihyun/Documents/Dev/Team12/frontend/src/components/meeting/Meeting/MeetingScope.js": {"path":"/Users/kangwhihyun/Documents/Dev/Team12/frontend/src/components/meeting/Meeting/MeetingScope.js","statementMap":{"0":{"start":{"line":12,"column":32},"end":{"line":12,"column":47}},"1":{"start":{"line":13,"column":51},"end":{"line":13,"column":56}},"2":{"start":{"line":14,"column":34},"end":{"line":14,"column":48}},"3":{"start":{"line":15,"column":44},"end":{"line":15,"column":56}},"4":{"start":{"line":16,"column":21},"end":{"line":22,"column":3}},"5":{"start":{"line":17,"column":4},"end":{"line":21,"column":5}},"6":{"start":{"line":18,"column":6},"end":{"line":18,"column":68}},"7":{"start":{"line":18,"column":54},"end":{"line":18,"column":65}},"8":{"start":{"line":20,"column":6},"end":{"line":20,"column":47}},"9":{"start":{"line":23,"column":2},"end":{"line":34,"column":22}},"10":{"start":{"line":24,"column":4},"end":{"line":33,"column":5}},"11":{"start":{"line":25,"column":6},"end":{"line":25,"column":33}},"12":{"start":{"line":26,"column":6},"end":{"line":26,"column":27}},"13":{"start":{"line":27,"column":6},"end":{"line":27,"column":42}},"14":{"start":{"line":28,"column":6},"end":{"line":32,"column":8}},"15":{"start":{"line":30,"column":54},"end":{"line":30,"column":61}},"16":{"start":{"line":36,"column":2},"end":{"line":98,"column":4}},"17":{"start":{"line":39,"column":20},"end":{"line":39,"column":36}},"18":{"start":{"line":53,"column":26},"end":{"line":53,"column":48}},"19":{"start":{"line":58,"column":14},"end":{"line":67,"column":24}},"20":{"start":{"line":65,"column":34},"end":{"line":65,"column":53}},"21":{"start":{"line":76,"column":12},"end":{"line":76,"column":30}},"22":{"start":{"line":87,"column":12},"end":{"line":87,"column":30}},"23":{"start":{"line":88,"column":12},"end":{"line":88,"column":50}}},"fnMap":{"0":{"name":"MeetingScope","decl":{"start":{"line":11,"column":9},"end":{"line":11,"column":21}},"loc":{"start":{"line":11,"column":29},"end":{"line":99,"column":1}},"line":11},"1":{"name":"(anonymous_1)","decl":{"start":{"line":16,"column":21},"end":{"line":16,"column":22}},"loc":{"start":{"line":16,"column":29},"end":{"line":22,"column":3}},"line":16},"2":{"name":"(anonymous_2)","decl":{"start":{"line":18,"column":44},"end":{"line":18,"column":45}},"loc":{"start":{"line":18,"column":54},"end":{"line":18,"column":65}},"line":18},"3":{"name":"(anonymous_3)","decl":{"start":{"line":23,"column":12},"end":{"line":23,"column":13}},"loc":{"start":{"line":23,"column":18},"end":{"line":34,"column":3}},"line":23},"4":{"name":"(anonymous_4)","decl":{"start":{"line":30,"column":44},"end":{"line":30,"column":45}},"loc":{"start":{"line":30,"column":54},"end":{"line":30,"column":61}},"line":30},"5":{"name":"(anonymous_5)","decl":{"start":{"line":39,"column":14},"end":{"line":39,"column":15}},"loc":{"start":{"line":39,"column":20},"end":{"line":39,"column":36}},"line":39},"6":{"name":"(anonymous_6)","decl":{"start":{"line":53,"column":20},"end":{"line":53,"column":21}},"loc":{"start":{"line":53,"column":26},"end":{"line":53,"column":48}},"line":53},"7":{"name":"(anonymous_7)","decl":{"start":{"line":57,"column":25},"end":{"line":57,"column":26}},"loc":{"start":{"line":58,"column":14},"end":{"line":67,"column":24}},"line":58},"8":{"name":"(anonymous_8)","decl":{"start":{"line":65,"column":28},"end":{"line":65,"column":29}},"loc":{"start":{"line":65,"column":34},"end":{"line":65,"column":53}},"line":65},"9":{"name":"(anonymous_9)","decl":{"start":{"line":75,"column":19},"end":{"line":75,"column":20}},"loc":{"start":{"line":75,"column":25},"end":{"line":77,"column":11}},"line":75},"10":{"name":"(anonymous_10)","decl":{"start":{"line":86,"column":19},"end":{"line":86,"column":20}},"loc":{"start":{"line":86,"column":25},"end":{"line":89,"column":11}},"line":86}},"branchMap":{"0":{"loc":{"start":{"line":17,"column":4},"end":{"line":21,"column":5}},"type":"if","locations":[{"start":{"line":17,"column":4},"end":{"line":21,"column":5}},{"start":{"line":19,"column":11},"end":{"line":21,"column":5}}],"line":17},"1":{"loc":{"start":{"line":24,"column":4},"end":{"line":33,"column":5}},"type":"if","locations":[{"start":{"line":24,"column":4},"end":{"line":33,"column":5}},{"start":{},"end":{}}],"line":24},"2":{"loc":{"start":{"line":29,"column":8},"end":{"line":31,"column":14}},"type":"cond-expr","locations":[{"start":{"line":30,"column":12},"end":{"line":30,"column":62}},{"start":{"line":31,"column":12},"end":{"line":31,"column":14}}],"line":29},"3":{"loc":{"start":{"line":36,"column":9},"end":{"line":98,"column":3}},"type":"cond-expr","locations":[{"start":{"line":37,"column":4},"end":{"line":93,"column":12}},{"start":{"line":95,"column":4},"end":{"line":97,"column":13}}],"line":36},"4":{"loc":{"start":{"line":55,"column":9},"end":{"line":70,"column":9}},"type":"cond-expr","locations":[{"start":{"line":55,"column":20},"end":{"line":55,"column":24}},{"start":{"line":56,"column":10},"end":{"line":69,"column":26}}],"line":55},"5":{"loc":{"start":{"line":63,"column":20},"end":{"line":63,"column":75}},"type":"cond-expr","locations":[{"start":{"line":63,"column":36},"end":{"line":63,"column":67}},{"start":{"line":63,"column":70},"end":{"line":63,"column":75}}],"line":63}},"s":{"0":26,"1":25,"2":25,"3":25,"4":25,"5":0,"6":0,"7":0,"8":0,"9":25,"10":16,"11":9,"12":9,"13":9,"14":9,"15":0,"16":25,"17":0,"18":0,"19":0,"20":0,"21":0,"22":0,"23":0},"f":{"0":26,"1":0,"2":0,"3":16,"4":0,"5":0,"6":0,"7":0,"8":0,"9":0,"10":0},"b":{"0":[0,0],"1":[9,7],"2":[0,9],"3":[25,0],"4":[12,13],"5":[0,0]},"_coverageSchema":"1a1c01bbd47fc00a2c39e90264f33305004495a9","hash":"b7fcad8b1f1341c3356b9a923a59e024294eba09"}
,"/Users/kangwhihyun/Documents/Dev/Team12/frontend/src/components/meeting/Meeting/MeetingTime.js": {"path":"/Users/kangwhihyun/Documents/Dev/Team12/frontend/src/components/meeting/Meeting/MeetingTime.js","statementMap":{"0":{"start":{"line":8,"column":30},"end":{"line":8,"column":45}},"1":{"start":{"line":9,"column":32},"end":{"line":9,"column":37}},"2":{"start":{"line":10,"column":2},"end":{"line":47,"column":4}},"3":{"start":{"line":13,"column":20},"end":{"line":13,"column":35}},"4":{"start":{"line":31,"column":14},"end":{"line":31,"column":36}},"5":{"start":{"line":40,"column":12},"end":{"line":40,"column":29}}},"fnMap":{"0":{"name":"MeetingTime","decl":{"start":{"line":7,"column":9},"end":{"line":7,"column":20}},"loc":{"start":{"line":7,"column":28},"end":{"line":48,"column":1}},"line":7},"1":{"name":"(anonymous_1)","decl":{"start":{"line":13,"column":14},"end":{"line":13,"column":15}},"loc":{"start":{"line":13,"column":20},"end":{"line":13,"column":35}},"line":13},"2":{"name":"(anonymous_2)","decl":{"start":{"line":30,"column":22},"end":{"line":30,"column":23}},"loc":{"start":{"line":30,"column":36},"end":{"line":32,"column":13}},"line":30},"3":{"name":"(anonymous_3)","decl":{"start":{"line":39,"column":19},"end":{"line":39,"column":20}},"loc":{"start":{"line":39,"column":25},"end":{"line":41,"column":11}},"line":39}},"branchMap":{},"s":{"0":27,"1":24,"2":24,"3":1,"4":1,"5":1},"f":{"0":27,"1":1,"2":1,"3":1},"b":{},"_coverageSchema":"1a1c01bbd47fc00a2c39e90264f33305004495a9","hash":"aefd8442ac67e7797c0733f7fb9fdadd7b637649"}
,"/Users/kangwhihyun/Documents/Dev/Team12/frontend/src/components/meeting/MeetingDetail/MeetingDetail.js": {"path":"/Users/kangwhihyun/Documents/Dev/Team12/frontend/src/components/meeting/MeetingDetail/MeetingDetail.js","statementMap":{"0":{"start":{"line":18,"column":38},"end":{"line":18,"column":53}},"1":{"start":{"line":19,"column":44},"end":{"line":19,"column":58}},"2":{"start":{"line":28,"column":6},"end":{"line":28,"column":11}},"3":{"start":{"line":30,"column":2},"end":{"line":43,"column":26}},"4":{"start":{"line":31,"column":4},"end":{"line":42,"column":5}},"5":{"start":{"line":32,"column":6},"end":{"line":41,"column":7}},"6":{"start":{"line":37,"column":8},"end":{"line":37,"column":28}},"7":{"start":{"line":38,"column":8},"end":{"line":38,"column":44}},"8":{"start":{"line":40,"column":8},"end":{"line":40,"column":44}},"9":{"start":{"line":45,"column":2},"end":{"line":178,"column":4}},"10":{"start":{"line":56,"column":22},"end":{"line":56,"column":67}},"11":{"start":{"line":91,"column":44},"end":{"line":91,"column":81}},"12":{"start":{"line":93,"column":26},"end":{"line":93,"column":68}},"13":{"start":{"line":105,"column":28},"end":{"line":105,"column":77}},"14":{"start":{"line":113,"column":41},"end":{"line":113,"column":62}},"15":{"start":{"line":121,"column":38},"end":{"line":121,"column":63}},"16":{"start":{"line":127,"column":43},"end":{"line":127,"column":65}},"17":{"start":{"line":136,"column":43},"end":{"line":136,"column":65}},"18":{"start":{"line":151,"column":37},"end":{"line":151,"column":61}}},"fnMap":{"0":{"name":"MeetingDetail","decl":{"start":{"line":17,"column":9},"end":{"line":17,"column":22}},"loc":{"start":{"line":17,"column":30},"end":{"line":179,"column":1}},"line":17},"1":{"name":"(anonymous_1)","decl":{"start":{"line":30,"column":12},"end":{"line":30,"column":13}},"loc":{"start":{"line":30,"column":18},"end":{"line":43,"column":3}},"line":30},"2":{"name":"(anonymous_2)","decl":{"start":{"line":55,"column":55},"end":{"line":55,"column":56}},"loc":{"start":{"line":56,"column":22},"end":{"line":56,"column":67}},"line":56},"3":{"name":"(anonymous_3)","decl":{"start":{"line":91,"column":32},"end":{"line":91,"column":33}},"loc":{"start":{"line":91,"column":44},"end":{"line":91,"column":81}},"line":91},"4":{"name":"(anonymous_4)","decl":{"start":{"line":92,"column":29},"end":{"line":92,"column":30}},"loc":{"start":{"line":93,"column":26},"end":{"line":93,"column":68}},"line":93},"5":{"name":"(anonymous_5)","decl":{"start":{"line":104,"column":35},"end":{"line":104,"column":36}},"loc":{"start":{"line":105,"column":28},"end":{"line":105,"column":77}},"line":105},"6":{"name":"(anonymous_6)","decl":{"start":{"line":113,"column":35},"end":{"line":113,"column":36}},"loc":{"start":{"line":113,"column":41},"end":{"line":113,"column":62}},"line":113},"7":{"name":"(anonymous_7)","decl":{"start":{"line":121,"column":26},"end":{"line":121,"column":27}},"loc":{"start":{"line":121,"column":38},"end":{"line":121,"column":63}},"line":121},"8":{"name":"(anonymous_8)","decl":{"start":{"line":127,"column":37},"end":{"line":127,"column":38}},"loc":{"start":{"line":127,"column":43},"end":{"line":127,"column":65}},"line":127},"9":{"name":"(anonymous_9)","decl":{"start":{"line":136,"column":37},"end":{"line":136,"column":38}},"loc":{"
[...]
,"/Users/kangwhihyun/Documents/Dev/Team12/frontend/src/containers/pages/room/RoomDetailPage/RequestModal.js": {"path":"/Users/kangwhihyun/Documents/Dev/Team12/frontend/src/containers/pages/room/RoomDetailPage/RequestModal.js","statementMap":{"0":{"start":{"line":5,"column":44},"end":{"line":5,"column":49}},"1":{"start":{"line":6,"column":26},"end":{"line":6,"column":41}},"2":{"start":{"line":8,"column":2},"end":{"line":38,"column":4}},"3":{"start":{"line":11,"column":21},"end":{"line":11,"column":35}},"4":{"start":{"line":12,"column":20},"end":{"line":12,"column":33}},"5":{"start":{"line":25,"column":12},"end":{"line":25,"column":36}},"6":{"start":{"line":26,"column":12},"end":{"line":26,"column":27}},"7":{"start":{"line":33,"column":25},"end":{"line":33,"column":39}}},"fnMap":{"0":{"name":"RequestModal","decl":{"start":{"line":4,"column":9},"end":{"line":4,"column":21}},"loc":{"start":{"line":4,"column":29},"end":{"line":39,"column":1}},"line":4},"1":{"name":"(anonymous_1)","decl":{"start":{"line":11,"column":15},"end":{"line":11,"column":16}},"loc":{"start":{"line":11,"column":21},"end":{"line":11,"column":35}},"line":11},"2":{"name":"(anonymous_2)","decl":{"start":{"line":12,"column":14},"end":{"line":12,"column":15}},"loc":{"start":{"line":12,"column":20},"end":{"line":12,"column":33}},"line":12},"3":{"name":"(anonymous_3)","decl":{"start":{"line":24,"column":19},"end":{"line":24,"column":20}},"loc":{"start":{"line":24,"column":25},"end":{"line":27,"column":11}},"line":24},"4":{"name":"(anonymous_4)","decl":{"start":{"line":33,"column":19},"end":{"line":33,"column":20}},"loc":{"start":{"line":33,"column":25},"end":{"line":33,"column":39}},"line":33}},"branchMap":{},"s":{"0":0,"1":0,"2":0,"3":0,"4":0,"5":0,"6":0,"7":0},"f":{"0":0,"1":0,"2":0,"3":0,"4":0},"b":{},"_coverageSchema":"1a1c01bbd47fc00a2c39e90264f33305004495a9","hash":"59d1d33d213469538450feffa8f8dae79a3437fd"}
,"/Users/kangwhihyun/Documents/Dev/Team12/frontend/src/containers/pages/room/RoomDetailPage/RoomDetailPage.js": {"path":"/Users/kangwhihyun/Documents/Dev/Team12/frontend/src/containers/pages/room/RoomDetailPage/RoomDetailPage.js","statementMap":{"0":{"start":{"line":9,"column":26},"end":{"line":9,"column":36}},"1":{"start":{"line":10,"column":34},"end":{"line":10,"column":48}},"2":{"start":{"line":11,"column":32},"end":{"line":11,"column":47}},"3":{"start":{"line":12,"column":17},"end":{"line":12,"column":35}},"4":{"start":{"line":13,"column":26},"end":{"line":15,"column":5}},"5":{"start":{"line":13,"column":53},"end":{"line":15,"column":3}},"6":{"start":{"line":17,"column":24},"end":{"line":22,"column":3}},"7":{"start":{"line":18,"column":4},"end":{"line":21,"column":34}},"8":{"start":{"line":24,"column":24},"end":{"line":31,"column":3}},"9":{"start":{"line":25,"column":4},"end":{"line":30,"column":9}},"10":{"start":{"line":29,"column":8},"end":{"line":29,"column":67}},"11":{"start":{"line":33,"column":22},"end":{"line":42,"column":3}},"12":{"start":{"line":34,"column":4},"end":{"line":41,"column":9}},"13":{"start":{"line":40,"column":8},"end":{"line":40,"column":62}},"14":{"start":{"line":44,"column":24},"end":{"line":51,"column":3}},"15":{"start":{"line":45,"column":4},"end":{"line":50,"column":9}},"16":{"start":{"line":49,"column":8},"end":{"line":49,"column":63}},"17":{"start":{"line":53,"column":2},"end":{"line":60,"column":16}},"18":{"start":{"line":54,"column":4},"end":{"line":56,"column":7}},"19":{"start":{"line":55,"column":6},"end":{"line":55,"column":24}},"20":{"start":{"line":57,"column":4},"end":{"line":59,"column":7}},"21":{"start":{"line":58,"column":6},"end":{"line":58,"column":28}},"22":{"start":{"line":62,"column":2},"end":{"line":77,"column":4}}},"fnMap":{"0":{"name":"RoomDetailPage","decl":{"start":{"line":8,"column":9},"end":{"line":8,"column":23}},"loc":{"start":{"line":8,"column":31},"end":{"line":78,"column":1}},"line":8},"1":{"name":"(anonymous_1)","decl":{"start":{"line":13,"column":38},"end":{"line":13,"column":39}},"loc":{"start":{"line":13,"column":53},"end":{"line":15,"column":3}},"line":13},"2":{"name":"(anonymous_2)","decl":{"start":{"line":17,"column":24},"end":{"line":17,"column":25}},"loc":{"start":{"line":17,"column":37},"end":{"line":22,"column":3}},"line":17},"3":{"name":"(anonymous_3)","decl":{"start":{"line":24,"column":24},"end":{"line":24,"column":25}},"loc":{"start":{"line":24,"column":48},"end":{"line":31,"column":3}},"line":24},"4":{"name":"(anonymous_4)","decl":{"start":{"line":28,"column":13},"end":{"line":28,"column":14}},"loc":{"start":{"line":28,"column":19},"end":{"line":30,"column":7}},"line":28},"5":{"name":"(anonymous_5)","decl":{"start":{"line":33,"column":22},"end":{"line":33,"column":23}},"loc":{"start":{"line":33,"column":46},"end":{"line":42,"column":3}},"line":33},"6":{"name":"(anonymous_6)","decl":{"start":{"line":39,"column":13},"end":{"line":39,"column":14}},"loc":{"start":{"line":39,"column":19},"end":{"line":41,"column":7}},"line":39},"7":{"name":"(anonymous_7)","decl":{"start":{"line":44,"column":24},"end":{"line":44,"column":25}},"loc":{"start":{"line":44,"column":39},"end":{"line":51,"column":3}},"line":44},"8":{"name":"(anonymous_8)","decl":{"start":{"line":48,"column":13},"end":{"line":48,"column":14}},"loc":{"start":{"line":48,"column":19},"end":{"line":50,"column":7}},"line":48},"9":{"name":"(anonymous_9)","decl":{"start":{"line":53,"column":12},"end":{"line":53,"column":13}},"loc":{"start":{"line":53,"column":18},"end":{"line":60,"column":3}},"line":53},"10":{"name":"(anonymous_10)","decl":{"start":{"line":54,"column":39},"end":{"line":54,"column":40}},"loc":{"start":{"line":54,"column":48},"end":{"line":56,"column":5}},"line":54},"11":{"name":"(anonymous_11)","decl":{"start":{"line":57,"column":47},"end":{"line":57,"column":48}},"loc":{"start":{"line":57,"column":56},"end":{"line":59,"column":5}},"line":57}},"branchMap":{"0":{"loc":{"start":{"line":64,"column":7},"end":{"line":75,"column":7}},"type":"binary-expr","locations":[{"start":{"line":64,"column":7},"end":{"line":64,"column":11}},{"start":{"line":65,"column":8},"end":{"line":74,"column":10}}],"line":64}},"s":{"0":3,"1":2,"2":2,"3":2,"4":2,"5":2,"6":2,"7":0,"8":2,"9":0,"10":0,"11":2,"12":0,"13":0,"14":2,"15":0,"16":0,"17":2,"18":1,"19":1,"20":1,"21":1,"22":2},"f":{"0":3,"1":2,"2":0,"3":0,"4":0,"5":0,"6":0,"7":0,"8":0,"9":1,"10":1,"11":1},"b":{"0":[2,1]},"_coverageSchema":"1a1c01bbd47fc00a2c39e90264f33305004495a9","hash":"a7262596363004d19cfc198d196dfdc3f3bacfb7"}
,"/Users/kangwhihyun/Documents/Dev/Team12/frontend/src/lib/api/auth.js": {"path":"/Users/kangwhihyun/Documents/Dev/Team12/frontend/src/lib/api/auth.js","statementMap":{"0":{"start":{"line":1,"column":20},"end":{"line":1,"column":32}},"1":{"start":{"line":3,"column":22},"end":{"line":3,"column":42}},"2":{"start":{"line":5,"column":22},"end":{"line":5,"column":42}},"3":{"start":{"line":7,"column":23},"end":{"line":7,"column":44}},"4":{"start":{"line":9,"column":27},"end":{"line":9,"column":52}},"5":{"start":{"line":11,"column":21},"end":{"line":11,"column":39}}},"fnMap":{},"branchMap":{},"s":{"0":6,"1":6,"2":6,"3":6,"4":6,"5":6},"f":{},"b":{},"_coverageSchema":"1a1c01bbd47fc00a2c39e90264f33305004495a9","hash":"c8de060c1f4f32bf447792609e7547febab97463"}
,"/Users/kangwhihyun/Documents/Dev/Team12/frontend/src/lib/api/club.js": {"path":"/Users/kangwhihyun/Documents/Dev/Team12/frontend/src/lib/api/club.js","statementMap":{"0":{"start":{"line":1,"column":20},"end":{"line":1,"column":32}},"1":{"start":{"line":2,"column":26},"end":{"line":2,"column":45}}},"fnMap":{},"branchMap":{},"s":{"0":3,"1":3},"f":{},"b":{},"_coverageSchema":"1a1c01bbd47fc00a2c39e90264f33305004495a9","hash":"943cd69418636472416ee2c947d7047a61ffc644"}
,"/Users/kangwhihyun/Documents/Dev/Team12/frontend/src/lib/api/meetings.js": {"path":"/Users/kangwhihyun/Documents/Dev/Team12/frontend/src/lib/api/meetings.js","statementMap":{"0":{"start":{"line":1,"column":24},"end":{"line":1,"column":39}},"1":{"start":{"line":2,"column":29},"end":{"line":2,"column":48}},"2":{"start":{"line":3,"column":29},"end":{"line":3,"column":55}},"3":{"start":{"line":4,"column":29},"end":{"line":4,"column":62}}},"fnMap":{},"branchMap":{},"s":{"0":4,"1":4,"2":4,"3":4},"f":{},"b":{},"_coverageSchema":"1a1c01bbd47fc00a2c39e90264f33305004495a9","hash":"4fc96c763efe7e865dedff124c5dc91067f3a8bc"}
,"/Users/kangwhihyun/Documents/Dev/Team12/frontend/src/lib/api/room.js": {"path":"/Users/kangwhihyun/Documents/Dev/Team12/frontend/src/lib/api/room.js","statementMap":{"0":{"start":{"line":1,"column":16},"end":{"line":1,"column":28}}},"fnMap":{},"branchMap":{},"s":{"0":2},"f":{},"b":{},"_coverageSchema":"1a1c01bbd47fc00a2c39e90264f33305004495a9","hash":"650a8cdd580ae4f63bbc5e0670f7fe5ef1561508"}
,"/Users/kangwhihyun/Documents/Dev/Team12/frontend/src/store/actions/actionTypes.js": {"path":"/Users/kangwhihyun/Documents/Dev/Team12/frontend/src/store/actions/actionTypes.js","statementMap":{"0":{"start":{"line":1,"column":29},"end":{"line":1,"column":52}},"1":{"start":{"line":2,"column":30},"end":{"line":2,"column":54}},"2":{"start":{"line":4,"column":22},"end":{"line":4,"column":35}},"3":{"start":{"line":5,"column":30},"end":{"line":5,"column":51}},"4":{"start":{"line":6,"column":30},"end":{"line":6,"column":51}},"5":{"start":{"line":8,"column":22},"end":{"line":8,"column":35}},"6":{"start":{"line":9,"column":30},"end":{"line":9,"column":51}},"7":{"start":{"line":10,"column":30},"end":{"line":10,"column":51}},"8":{"start":{"line":12,"column":23},"end":{"line":12,"column":37}},"9":{"start":{"line":13,"column":31},"end":{"line":13,"column":53}},"10":{"start":{"line":14,"column":31},"end":{"line":14,"column":53}},"11":{"start":{"line":16,"column":27},"end":{"line":16,"column":45}},"12":{"start":{"line":17,"column":35},"end":{"line":17,"column":61}},"13":{"start":{"line":18,"column":35},"end":{"line":18,"column":61}},"14":{"start":{"line":20,"column":27},"end":{"line":20,"column":49}},"15":{"start":{"line":21,"column":35},"end":{"line":21,"column":65}},"16":{"start":{"line":22,"column":35},"end":{"line":22,"column":65}},"17":{"start":{"line":24,"column":29},"end":{"line":24,"column":53}},"18":{"start":{"line":25,"column":37},"end":{"line":25,"column":69}},"19":{"start":{"line":26,"column":37},"end":{"line":26,"column":69}},"20":{"start":{"line":28,"column":27},"end":{"line":28,"column":49}},"21":{"start":{"line":29,"column":35},"end":{"line":29,"column":65}},"22":{"start":{"line":30,"column":35},"end":{"line":30,"column":65}},"23":{"start":{"line":32,"column":29},"end":{"line":32,"column":53}},"24":{"start":{"line":33,"column":37},"end":{"line":33,"column":69}},"25":{"start":{"line":34,"column":37},"end":{"line":34,"column":69}},"26":{"start":{"line":36,"column":29},"end":{"line":36,"column":53}},"27":{"start":{"line":37,"column":37},"end":{"line":37,"column":69}},"28":{"start":{"line":38,"column":37},"end":{"line":38,"column":69}},"29":{"start":{"line":40,"column":31},"end":{"line":40,"column":57}},"30":{"start":{"line":41,"column":39},"end":{"line":41,"column":73}},"31":{"start":{"line":42,"column":39},"end":{"line":42,"column":73}},"32":{"start":{"line":44,"column":34},"end":{"line":44,"column":63}},"33":{"start":{"line":45,"column":42},"end":{"line":45,"column":79}},"34":{"start":{"line":46,"column":42},"end":{"line":46,"column":79}},"35":{"start":{"line":48,"column":29},"end":{"line":48,"column":53}},"36":{"start":{"line":49,"column":37},"end":{"line":49,"column":69}},"37":{"start":{"line":50,"column":37},"end":{"line":50,"column":69}},"38":{"start":{"line":52,"column":27},"end":{"line":52,"column":49}},"39":{"start":{"line":53,"column":35},"end":{"line":53,"column":65}},"40":{"start":{"line":54,"column":35},"end":{"line":54,"column":65}},"41":{"start":{"line":56,"column":29},"end":{"line":56,"column":53}},"42":{"start":{"line":57,"column":37},"end":{"line":57,"column":69}},"43":{"start":{"line":58,"column":37},"end":{"line":58,"column":69}}},"fnMap":{},"branchMap":{},"s":{"0":26,"1":26,"2":26,"3":26,"4":26,"5":26,"6":26,"7":26,"8":26,"9":26,"10":26,"11":26,"12":26,"13":26,"14":26,"15":26,"16":26,"17":26,"18":26,"19":26,"20":26,"21":26,"22":26,"23":26,"24":26,"25":26,"26":26,"27":26,"28":26,"29":26,"30":26,"31":26,"32":26,"33":26,"34":26,"35":26,"36":26,"37":26,"38":26,"39":26,"40":26,"41":26,"42":26,"43":26},"f":{},"b":{},"_coverageSchema":"1a1c01bbd47fc00a2c39e90264f33305004495a9","hash":"533110d8901c2f1cc04cf1bbcab672bc0e93fa9a"}
,"/Users/kangwhihyun/Documents/Dev/Team12/frontend/src/store/actions/auth.js": {"path":"/Users/kangwhihyun/Documents/Dev/Team12/frontend/src/store/actions/auth.js","statementMap":{"0":{"start":{"line":4,"column":22},"end":{"line":10,"column":1}},"1":{"start":{"line":6,"column":28},"end":{"line":9,"column":3}},"2":{"start":{"line":12,"column":22},"end":{"line":15,"column":1}},"3":{"start":{"line":14,"column":34},"end":{"line":14,"column":59}},"4":{"start":{"line":17,"column":23},"end":{"line":17,"column":56}},"5":{"start":{"line":19,"column":27},"end":{"line":21,"column":3}},"6":{"start":{"line":19,"column":78},"end":{"line":21,"column":1}}},"fnMap":{"0":{"name":"(anonymous_0)","decl":{"start":{"line":6,"column":2},"end":{"line":6,"column":3}},"loc":{"start":{"line":6,"column":28},"end":{"line":9,"column":3}},"line":6},"1":{"name":"(anonymous_1)","decl":{"start":{"line":14,"column":2},"end":{"line":14,"column":3}},"loc":{"start":{"line":14,"column":34},"end":{"line":14,"column":59}},"line":14},"2":{"name":"(anonymous_2)","decl":{"start":{"line":19,"column":65},"end":{"line":19,"column":66}},"loc":{"start":{"line":19,"column":78},"end":{"line":21,"column":1}},"line":19}},"branchMap":{},"s":{"0":23,"1":1,"2":23,"3":1,"4":23,"5":23,"6":1},"f":{"0":1,"1":1,"2":1},"b":{},"_coverageSchema":"1a1c01bbd47fc00a2c39e90264f33305004495a9","hash":"bdd79f3c6f4d5884a0b5cbe6b7a61ed5c280a001"}
,"/Users/kangwhihyun/Documents/Dev/Team12/frontend/src/store/actions/loading.js": {"path":"/Users/kangwhihyun/Documents/Dev/Team12/frontend/src/store/actions/loading.js","statementMap":{"0":{"start":{"line":4,"column":28},"end":{"line":7,"column":1}},"1":{"start":{"line":6,"column":19},"end":{"line":6,"column":30}},"2":{"start":{"line":9,"column":29},"end":{"line":12,"column":1}},"3":{"start":{"line":11,"column":19},"end":{"line":11,"column":30}}},"fnMap":{"0":{"name":"(anonymous_0)","decl":{"start":{"line":6,"column":2},"end":{"line":6,"column":3}},"loc":{"start":{"line":6,"column":19},"end":{"line":6,"column":30}},"line":6},"1":{"name":"(anonymous_1)","decl":{"start":{"line":11,"column":2},"end":{"line":11,"column":3}},"loc":{"start":{"line":11,"column":19},"end":{"line":11,"column":30}},"line":11}},"branchMap":{},"s":{"0":2,"1":9,"2":2,"3":8},"f":{"0":9,"1":8},"b":{},"_coverageSchema":"1a1c01bbd47fc00a2c39e90264f33305004495a9","hash":"afb73d5d94102d6906491cbac7b960283acaa1b8"}
,"/Users/kangwhihyun/Documents/Dev/Team12/frontend/src/store/reducers/auth/auth.js": {"path":"/Users/kangwhihyun/Documents/Dev/Team12/frontend/src/store/reducers/auth/auth.js","statementMap":{"0":{"start":{"line":7,"column":19},"end":{"line":7,"column":72}},"1":{"start":{"line":8,"column":19},"end":{"line":8,"column":72}},"2":{"start":{"line":9,"column":20},"end":{"line":9,"column":75}},"3":{"start":{"line":10,"column":24},"end":{"line":13,"column":1}},"4":{"start":{"line":15,"column":2},"end":{"line":15,"column":51}},"5":{"start":{"line":16,"column":2},"end":{"line":16,"column":51}},"6":{"start":{"line":17,"column":2},"end":{"line":17,"column":53}},"7":{"start":{"line":18,"column":2},"end":{"line":18,"column":61}},"8":{"start":{"line":21,"column":21},"end":{"line":24,"column":1}},"9":{"start":{"line":26,"column":13},"end":{"line":67,"column":1}},"10":{"start":{"line":28,"column":65},"end":{"line":32,"column":5}},"11":{"start":{"line":33,"column":66},"end":{"line":36,"column":5}},"12":{"start":{"line":37,"column":65},"end":{"line":41,"column":5}},"13":{"start":{"line":42,"column":66},"end":{"line":45,"column":5}},"14":{"start":{"line":46,"column":47},"end":{"line":50,"column":5}},"15":{"start":{"line":51,"column":67},"end":{"line":54,"column":5}},"16":{"start":{"line":55,"column":70},"end":{"line":59,"column":5}},"17":{"start":{"line":60,"column":71},"end":{"line":64,"column":5}}},"fnMap":{"0":{"name":"authSaga","decl":{"start":{"line":14,"column":17},"end":{"line":14,"column":25}},"loc":{"start":{"line":14,"column":28},"end":{"line":19,"column":1}},"line":14},"1":{"name":"(anonymous_1)","decl":{"start":{"line":28,"column":34},"end":{"line":28,"column":35}},"loc":{"start":{"line":28,"column":65},"end":{"line":32,"column":5}},"line":28},"2":{"name":"(anonymous_2)","decl":{"start":{"line":33,"column":34},"end":{"line":33,"column":35}},"loc":{"start":{"line":33,"column":66},"end":{"line":36,"column":5}},"line":33},"3":{"name":"(anonymous_3)","decl":{"start":{"line":37,"column":34},"end":{"line":37,"column":35}},"loc":{"start":{"line":37,"column":65},"end":{"line":41,"column":5}},"line":37},"4":{"name":"(anonymous_4)","decl":{"start":{"line":42,"column":34},"end":{"line":42,"column":35}},"loc":{"start":{"line":42,"column":66},"end":{"line":45,"column":5}},"line":42},"5":{"name":"(anonymous_5)","decl":{"start":{"line":46,"column":35},"end":{"line":46,"column":36}},"loc":{"start":{"line":46,"column":47},"end":{"line":50,"column":5}},"line":46},"6":{"name":"(anonymous_6)","decl":{"start":{"line":51,"column":35},"end":{"line":51,"column":36}},"loc":{"start":{"line":51,"column":67},"end":{"line":54,"column":5}},"line":51},"7":{"name":"(anonymous_7)","decl":{"start":{"line":55,"column":39},"end":{"line":55,"column":40}},"loc":{"start":{"line":55,"column":70},"end":{"line":59,"column":5}},"line":55},"8":{"name":"(anonymous_8)","decl":{"start":{"line":60,"column":39},"end":{"line":60,"column":40}},"loc":{"start":{"line":60,"column":71},"end":{"line":64,"column":5}},"line":60}},"branchMap":{},"s":{"0":1,"1":1,"2":1,"3":1,"4":1,"5":1,"6":1,"7":1,"8":1,"9":1,"10":1,"11":1,"12":1,"13":1,"14":1,"15":1,"16":1,"17":1},"f":{"0":1,"1":1,"2":1,"3":1,"4":1,"5":1,"6":1,"7":1,"8":1},"b":{},"_coverageSchema":"1a1c01bbd47fc00a2c39e90264f33305004495a9","hash":"36e2841e4c51517e81666426b37b62de4f6862d8"}
,"/Users/kangwhihyun/Documents/Dev/Team12/frontend/src/store/reducers/loading/loading.js": {"path":"/Users/kangwhihyun/Documents/Dev/Team12/frontend/src/store/reducers/loading/loading.js","statementMap":{"0":{"start":{"line":4,"column":21},"end":{"line":4,"column":23}},"1":{"start":{"line":6,"column":16},"end":{"line":18,"column":1}},"2":{"start":{"line":8,"column":53},"end":{"line":11,"column":5}},"3":{"start":{"line":12,"column":54},"end":{"line":15,"column":5}}},"fnMap":{"0":{"name":"(anonymous_0)","decl":{"start":{"line":8,"column":33},"end":{"line":8,"column":34}},"loc":{"start":{"line":8,"column":53},"end":{"line":11,"column":5}},"line":8},"1":{"name":"(anonymous_1)","decl":{"start":{"line":12,"column":34},"end":{"line":12,"column":35}},"loc":{"start":{"line":12,"column":54},"end":{"line":15,"column":5}},"line":12}},"branchMap":{},"s":{"0":1,"1":1,"2":1,"3":1},"f":{"0":1,"1":1},"b":{},"_coverageSchema":"1a1c01bbd47fc00a2c39e90264f33305004495a9","hash":"070fd4302b36c3654f233d00f12ba63ef77086c1"}
}
