{"/home/chaseungbin/swpp2021-team12/frontend/src/App.js": {"path":"/home/chaseungbin/swpp2021-team12/frontend/src/App.js","statementMap":{"0":{"start":{"line":12,"column":2},"end":{"line":24,"column":4}}},"fnMap":{"0":{"name":"App","decl":{"start":{"line":11,"column":9},"end":{"line":11,"column":12}},"loc":{"start":{"line":11,"column":15},"end":{"line":25,"column":1}},"line":11}},"branchMap":{},"s":{"0":2},"f":{"0":2},"b":{},"_coverageSchema":"1a1c01bbd47fc00a2c39e90264f33305004495a9","hash":"b5f34dfd0d86db7dbfcbc3b4e2eb334e69883dad"}
,"/home/chaseungbin/swpp2021-team12/frontend/src/index.js": {"path":"/home/chaseungbin/swpp2021-team12/frontend/src/index.js","statementMap":{"0":{"start":{"line":14,"column":23},"end":{"line":14,"column":45}},"1":{"start":{"line":15,"column":14},"end":{"line":18,"column":1}},"2":{"start":{"line":20,"column":0},"end":{"line":20,"column":29}},"3":{"start":{"line":21,"column":0},"end":{"line":28,"column":2}},"4":{"start":{"line":33,"column":0},"end":{"line":33,"column":18}}},"fnMap":{},"branchMap":{},"s":{"0":0,"1":0,"2":0,"3":0,"4":0},"f":{},"b":{}}
,"/home/chaseungbin/swpp2021-team12/frontend/src/reportWebVitals.js": {"path":"/home/chaseungbin/swpp2021-team12/frontend/src/reportWebVitals.js","statementMap":{"0":{"start":{"line":1,"column":24},"end":{"line":11,"column":1}},"1":{"start":{"line":2,"column":2},"end":{"line":10,"column":3}},"2":{"start":{"line":3,"column":4},"end":{"line":9,"column":7}},"3":{"start":{"line":4,"column":6},"end":{"line":4,"column":26}},"4":{"start":{"line":5,"column":6},"end":{"line":5,"column":26}},"5":{"start":{"line":6,"column":6},"end":{"line":6,"column":26}},"6":{"start":{"line":7,"column":6},"end":{"line":7,"column":26}},"7":{"start":{"line":8,"column":6},"end":{"line":8,"column":27}}},"fnMap":{"0":{"name":"(anonymous_0)","decl":{"start":{"line":1,"column":24},"end":{"line":1,"column":25}},"loc":{"start":{"line":1,"column":39},"end":{"line":11,"column":1}},"line":1},"1":{"name":"(anonymous_1)","decl":{"start":{"line":3,"column":30},"end":{"line":3,"column":31}},"loc":{"start":{"line":3,"column":79},"end":{"line":9,"column":5}},"line":3}},"branchMap":{"0":{"loc":{"start":{"line":2,"column":2},"end":{"line":10,"column":3}},"type":"if","locations":[{"start":{"line":2,"column":2},"end":{"line":10,"column":3}},{"start":{"line":2,"column":2},"end":{"line":10,"column":3}}],"line":2},"1":{"loc":{"start":{"line":2,"column":6},"end":{"line":2,"column":52}},"type":"binary-expr","locations":[{"start":{"line":2,"column":6},"end":{"line":2,"column":17}},{"start":{"line":2,"column":21},"end":{"line":2,"column":52}}],"line":2}},"s":{"0":0,"1":0,"2":0,"3":0,"4":0,"5":0,"6":0,"7":0},"f":{"0":0,"1":0},"b":{"0":[0,0],"1":[0,0]}}
,"/home/chaseungbin/swpp2021-team12/frontend/src/components/auth/createRequestSaga.js": {"path":"/home/chaseungbin/swpp2021-team12/frontend/src/components/auth/createRequestSaga.js","statementMap":{"0":{"start":{"line":7,"column":18},"end":{"line":7,"column":35}},"1":{"start":{"line":8,"column":18},"end":{"line":8,"column":35}},"2":{"start":{"line":11,"column":2},"end":{"line":88,"column":4}},"3":{"start":{"line":12,"column":14},"end":{"line":12,"column":18}},"4":{"start":{"line":13,"column":19},"end":{"line":13,"column":23}},"5":{"start":{"line":14,"column":4},"end":{"line":14,"column":34}},"6":{"start":{"line":16,"column":4},"end":{"line":85,"column":5}},"7":{"start":{"line":18,"column":8},"end":{"line":30,"column":13}},"8":{"start":{"line":24,"column":12},"end":{"line":24,"column":32}},"9":{"start":{"line":26,"column":12},"end":{"line":26,"column":34}},"10":{"start":{"line":29,"column":12},"end":{"line":29,"column":24}},"11":{"start":{"line":31,"column":8},"end":{"line":43,"column":9}},"12":{"start":{"line":32,"column":10},"end":{"line":35,"column":13}},"13":{"start":{"line":37,"column":10},"end":{"line":42,"column":13}},"14":{"start":{"line":44,"column":8},"end":{"line":44,"column":14}},"15":{"start":{"line":47,"column":8},"end":{"line":58,"column":13}},"16":{"start":{"line":54,"column":12},"end":{"line":54,"column":27}},"17":{"start":{"line":57,"column":12},"end":{"line":57,"column":24}},"18":{"start":{"line":59,"column":8},"end":{"line":69,"column":9}},"19":{"start":{"line":60,"column":10},"end":{"line":63,"column":13}},"20":{"start":{"line":65,"column":10},"end":{"line":68,"column":13}},"21":{"start":{"line":70,"column":8},"end":{"line":70,"column":14}},"22":{"start":{"line":73,"column":8},"end":{"line":75,"column":11}},"23":{"start":{"line":74,"column":10},"end":{"line":74,"column":22}},"24":{"start":{"line":76,"column":8},"end":{"line":80,"column":9}},"25":{"start":{"line":77,"column":10},"end":{"line":77,"column":39}},"26":{"start":{"line":79,"column":10},"end":{"line":79,"column":53}},"27":{"start":{"line":81,"column":8},"end":{"line":81,"column":14}},"28":{"start":{"line":84,"column":8},"end":{"line":84,"column":14}},"29":{"start":{"line":87,"column":4},"end":{"line":87,"column":35}}},"fnMap":{"0":{"name":"createRequestSaga","decl":{"start":{"line":6,"column":24},"end":{"line":6,"column":41}},"loc":{"start":{"line":6,"column":57},"end":{"line":89,"column":1}},"line":6},"1":{"name":"(anonymous_1)","decl":{"start":{"line":11,"column":9},"end":{"line":11,"column":10}},"loc":{"start":{"line":11,"column":28},"end":{"line":88,"column":3}},"line":11},"2":{"name":"(anonymous_2)","decl":{"start":{"line":23,"column":16},"end":{"line":23,"column":17}},"loc":{"start":{"line":23,"column":25},"end":{"line":27,"column":11}},"line":23},"3":{"name":"(anonymous_3)","decl":{"start":{"line":28,"column":17},"end":{"line":28,"column":18}},"loc":{"start":{"line":28,"column":28},"end":{"line":30,"column":11}},"line":28},"4":{"name":"(anonymous_4)","decl":{"start":{"line":53,"column":16},"end":{"line":53,"column":17}},"loc":{"start":{"line":53,"column":25},"end":{"line":55,"column":11}},"line":53},"5":{"name":"(anonymous_5)","decl":{"start":{"line":56,"column":17},"end":{"line":56,"column":18}},"loc":{"start":{"line":56,"column":28},"end":{"line":58,"column":11}},"line":56},"6":{"name":"(anonymous_6)","decl":{"start":{"line":73,"column":39},"end":{"line":73,"column":40}},"loc":{"start":{"line":73,"column":50},"end":{"line":75,"column":9}},"line":73}},"branchMap":{"0":{"loc":{"start":{"line":16,"column":4},"end":{"line":85,"column":5}},"type":"switch","locations":[{"start":{"line":17,"column":6},"end":{"line":44,"column":14}},{"start":{"line":46,"column":6},"end":{"line":70,"column":14}},{"start":{"line":72,"column":6},"end":{"line":81,"column":14}},{"start":{"line":83,"column":6},"end":{"line":84,"column":14}}],"line":16},"1":{"loc":{"start":{"line":31,"column":8},"end":{"line":43,"column":9}},"type":"if","locations":[{"start":{"line":31,"column":8},"end":{"line":43,"column":9}},{"start":{"line":31,"column":8},"end":{"line":43,"column":9}}],"line":31},"2":{"loc":{"start":{"line":59,"column":8},"end":{"line":69,"column":9}},"type":"if","locations":[{"start":{"line":59,"column":8},"end":{"line":69,"column":9}},{"start":{"line":59,"column":8},"end":{"line":69,"column":9}}],"line":59},"3":{"loc":{"start":{"line":76,"column":8},"end":{"line":80,"column":9}},"type":"if","locations":[{"start":{"line":76,"column":8},"end":{"line":80,"column":9}},{"start":{"line":76,"column":8},"end":{"line":80,"column":9}}],"line":76}},"s":{"0":0,"1":0,"2":0,"3":0,"4":0,"5":0,"6":0,"7":0,"8":0,"9":0,"10":0,"11":0,"12":0,"13":0,"14":0,"15":0,"16":0,"17":0,"18":0,"19":0,"20":0,"21":0,"22":0,"23":0,"24":0,"25":0,"26":0,"27":0,"28":0,"29":0},"f":{"0":0,"1":0,"2":0,"3":0,"4":0,"5":0,"6":0},"b":{"0":[0,0,0,0],"1":[0,0],"2":[0,0],"3":[0,0]}}
,"/home/chaseungbin/swpp2021-team12/frontend/src/components/auth/SignIn/SignIn.js": {"path":"/home/chaseungbin/swpp2021-team12/frontend/src/components/auth/SignIn/SignIn.js","statementMap":{"0":{"start":{"line":6,"column":28},"end":{"line":6,"column":40}},"1":{"start":{"line":7,"column":34},"end":{"line":7,"column":46}},"2":{"start":{"line":8,"column":32},"end":{"line":8,"column":37}},"3":{"start":{"line":9,"column":2},"end":{"line":39,"column":4}},"4":{"start":{"line":13,"column":32},"end":{"line":13,"column":57}},"5":{"start":{"line":19,"column":31},"end":{"line":19,"column":55}},"6":{"start":{"line":27,"column":31},"end":{"line":27,"column":58}},"7":{"start":{"line":32,"column":29},"end":{"line":32,"column":53}}},"fnMap":{"0":{"name":"SignIn","decl":{"start":{"line":5,"column":9},"end":{"line":5,"column":15}},"loc":{"start":{"line":5,"column":23},"end":{"line":40,"column":1}},"line":5},"1":{"name":"(anonymous_1)","decl":{"start":{"line":13,"column":26},"end":{"line":13,"column":27}},"loc":{"start":{"line":13,"column":32},"end":{"line":13,"column":57}},"line":13},"2":{"name":"(anonymous_2)","decl":{"start":{"line":19,"column":24},"end":{"line":19,"column":25}},"loc":{"start":{"line":19,"column":31},"end":{"line":19,"column":55}},"line":19},"3":{"name":"(anonymous_3)","decl":{"start":{"line":27,"column":24},"end":{"line":27,"column":25}},"loc":{"start":{"line":27,"column":31},"end":{"line":27,"column":58}},"line":27},"4":{"name":"(anonymous_4)","decl":{"start":{"line":32,"column":23},"end":{"line":32,"column":24}},"loc":{"start":{"line":32,"column":29},"end":{"line":32,"column":53}},"line":32}},"branchMap":{},"s":{"0":0,"1":0,"2":0,"3":0,"4":0,"5":0,"6":0,"7":0},"f":{"0":0,"1":0,"2":0,"3":0,"4":0},"b":{},"_coverageSchema":"1a1c01bbd47fc00a2c39e90264f33305004495a9","hash":"bbca52f4ae7ffcb9cb1f21238fe27774abc5a0bc"}
,"/home/chaseungbin/swpp2021-team12/frontend/src/components/auth/SignUp/SignUp.js": {"path":"/home/chaseungbin/swpp2021-team12/frontend/src/components/auth/SignUp/SignUp.js","statementMap":{"0":{"start":{"line":6,"column":28},"end":{"line":6,"column":40}},"1":{"start":{"line":7,"column":26},"end":{"line":7,"column":38}},"2":{"start":{"line":8,"column":34},"end":{"line":8,"column":46}},"3":{"start":{"line":9,"column":44},"end":{"line":9,"column":56}},"4":{"start":{"line":10,"column":32},"end":{"line":10,"column":37}},"5":{"start":{"line":11,"column":2},"end":{"line":60,"column":4}},"6":{"start":{"line":17,"column":14},"end":{"line":17,"column":61}},"7":{"start":{"line":25,"column":31},"end":{"line":25,"column":55}},"8":{"start":{"line":32,"column":31},"end":{"line":32,"column":54}},"9":{"start":{"line":40,"column":31},"end":{"line":40,"column":58}},"10":{"start":{"line":48,"column":31},"end":{"line":48,"column":63}},"11":{"start":{"line":54,"column":29},"end":{"line":54,"column":53}}},"fnMap":{"0":{"name":"SignUp","decl":{"start":{"line":5,"column":9},"end":{"line":5,"column":15}},"loc":{"start":{"line":5,"column":23},"end":{"line":61,"column":1}},"line":5},"1":{"name":"(anonymous_1)","decl":{"start":{"line":16,"column":22},"end":{"line":16,"column":23}},"loc":{"start":{"line":16,"column":28},"end":{"line":18,"column":13}},"line":16},"2":{"name":"(anonymous_2)","decl":{"start":{"line":25,"column":24},"end":{"line":25,"column":25}},"loc":{"start":{"line":25,"column":31},"end":{"line":25,"column":55}},"line":25},"3":{"name":"(anonymous_3)","decl":{"start":{"line":32,"column":24},"end":{"line":32,"column":25}},"loc":{"start":{"line":32,"column":31},"end":{"line":32,"column":54}},"line":32},"4":{"name":"(anonymous_4)","decl":{"start":{"line":40,"column":24},"end":{"line":40,"column":25}},"loc":{"start":{"line":40,"column":31},"end":{"line":40,"column":58}},"line":40},"5":{"name":"(anonymous_5)","decl":{"start":{"line":48,"column":24},"end":{"line":48,"column":25}},"loc":{"start":{"line":48,"column":31},"end":{"line":48,"column":63}},"line":48},"6":{"name":"(anonymous_6)","decl":{"start":{"line":54,"column":23},"end":{"line":54,"column":24}},"loc":{"start":{"line":54,"column":29},"end":{"line":54,"column":53}},"line":54}},"branchMap":{},"s":{"0":0,"1":0,"2":0,"3":0,"4":0,"5":0,"6":0,"7":0,"8":0,"9":0,"10":0,"11":0},"f":{"0":0,"1":0,"2":0,"3":0,"4":0,"5":0,"6":0},"b":{},"_coverageSchema":"1a1c01bbd47fc00a2c39e90264f33305004495a9","hash":"5b4ba445776bbd3fe141bcf6b8d40945d9608772"}
,"/home/chaseungbin/swpp2021-team12/frontend/src/components/meeting/Main.js": {"path":"/home/chaseungbin/swpp2021-team12/frontend/src/components/meeting/Main.js","statementMap":{"0":{"start":{"line":4,"column":2},"end":{"line":9,"column":4}}},"fnMap":{"0":{"name":"Main","decl":{"start":{"line":3,"column":9},"end":{"line":3,"column":13}},"loc":{"start":{"line":3,"column":16},"end":{"line":10,"column":1}},"line":3}},"branchMap":{},"s":{"0":0},"f":{"0":0},"b":{},"_coverageSchema":"1a1c01bbd47fc00a2c39e90264f33305004495a9","hash":"f28593ca20b41442587de01cbd927643d9fb16a7"}
,"/home/chaseungbin/swpp2021-team12/frontend/src/components/meeting/MeetingList/MeetingList.js": {"path":"/home/chaseungbin/swpp2021-team12/frontend/src/components/meeting/MeetingList/MeetingList.js","statementMap":{"0":{"start":{"line":6,"column":2},"end":{"line":12,"column":4}},"1":{"start":{"line":16,"column":26},"end":{"line":16,"column":41}},"2":{"start":{"line":17,"column":34},"end":{"line":17,"column":49}},"3":{"start":{"line":18,"column":26},"end":{"line":18,"column":41}},"4":{"start":{"line":19,"column":24},"end":{"line":19,"column":39}},"5":{"start":{"line":21,"column":35},"end":{"line":21,"column":40}},"6":{"start":{"line":23,"column":2},"end":{"line":105,"column":4}},"7":{"start":{"line":29,"column":29},"end":{"line":29,"column":43}},"8":{"start":{"line":30,"column":28},"end":{"line":30,"column":41}},"9":{"start":{"line":35,"column":20},"end":{"line":35,"column":38}},"10":{"start":{"line":36,"column":20},"end":{"line":36,"column":35}},"11":{"start":{"line":37,"column":20},"end":{"line":37,"column":34}},"12":{"start":{"line":48,"column":20},"end":{"line":48,"column":38}},"13":{"start":{"line":49,"column":20},"end":{"line":49,"column":35}},"14":{"start":{"line":50,"column":20},"end":{"line":50,"column":34}},"15":{"start":{"line":57,"column":20},"end":{"line":57,"column":39}},"16":{"start":{"line":58,"column":20},"end":{"line":58,"column":34}},"17":{"start":{"line":59,"column":20},"end":{"line":59,"column":34}},"18":{"start":{"line":66,"column":20},"end":{"line":66,"column":39}},"19":{"start":{"line":67,"column":20},"end":{"line":67,"column":35}},"20":{"start":{"line":68,"column":20},"end":{"line":68,"column":33}},"21":{"start":{"line":80,"column":39},"end":{"line":80,"column":53}},"22":{"start":{"line":85,"column":33},"end":{"line":85,"column":47}},"23":{"start":{"line":92,"column":14},"end":{"line":96,"column":16}},"24":{"start":{"line":95,"column":31},"end":{"line":95,"column":69}},"25":{"start":{"line":103,"column":29},"end":{"line":103,"column":50}}},"fnMap":{"0":{"name":"Meeting","decl":{"start":{"line":5,"column":9},"end":{"line":5,"column":16}},"loc":{"start":{"line":5,"column":30},"end":{"line":13,"column":1}},"line":5},"1":{"name":"MeetingList","decl":{"start":{"line":15,"column":9},"end":{"line":15,"column":20}},"loc":{"start":{"line":15,"column":28},"end":{"line":106,"column":1}},"line":15},"2":{"name":"(anonymous_2)","decl":{"start":{"line":29,"column":23},"end":{"line":29,"column":24}},"loc":{"start":{"line":29,"column":29},"end":{"line":29,"column":43}},"line":29},"3":{"name":"(anonymous_3)","decl":{"start":{"line":30,"column":22},"end":{"line":30,"column":23}},"loc":{"start":{"line":30,"column":28},"end":{"line":30,"column":41}},"line":30},"4":{"name":"(anonymous_4)","decl":{"start":{"line":34,"column":27},"end":{"line":34,"column":28}},"loc":{"start":{"line":34,"column":33},"end":{"line":38,"column":19}},"line":34},"5":{"name":"(anonymous_5)","decl":{"start":{"line":47,"column":27},"end":{"line":47,"column":28}},"loc":{"start":{"line":47,"column":33},"end":{"line":51,"column":19}},"line":47},"6":{"name":"(anonymous_6)","decl":{"start":{"line":56,"column":27},"end":{"line":56,"column":28}},"loc":{"start":{"line":56,"column":33},"end":{"line":60,"column":19}},"line":56},"7":{"name":"(anonymous_7)","decl":{"start":{"line":65,"column":27},"end":{"line":65,"column":28}},"loc":{"start":{"line":65,"column":33},"end":{"line":69,"column":19}},"line":65},"8":{"name":"(anonymous_8)","decl":{"start":{"line":80,"column":33},"end":{"line":80,"column":34}},"loc":{"start":{"line":80,"column":39},"end":{"line":80,"column":53}},"line":80},"9":{"name":"(anonymous_9)","decl":{"start":{"line":85,"column":27},"end":{"line":85,"column":28}},"loc":{"start":{"line":85,"column":33},"end":{"line":85,"column":47}},"line":85},"10":{"name":"(anonymous_10)","decl":{"start":{"line":91,"column":29},"end":{"line":91,"column":30}},"loc":{"start":{"line":92,"column":14},"end":{"line":96,"column":16}},"line":92},"11":{"name":"(anonymous_11)","decl":{"start":{"line":95,"column":25},"end":{"line":95,"column":26}},"loc":{"start":{"line":95,"column":31},"end":{"line":95,"column":69}},"line":95},"12":{"name":"(anonymous_12)","decl":{"start":{"line":103,"column":23},"end":{"line":103,"column":24}},"loc":{"start":{"line":103,"column":29},"end":{"line":103,"column":50}},"line":103}},"branchMap":{"0":{"loc":{"start":{"line":75,"column":17},"end":{"line":75,"column":65}},"type":"binary-expr","locations":[{"start":{"line":75,"column":17},"end":{"line":75,"column":34}},{"start":{"line":75,"column":38},"end":{"line":75,"column":65}}],"line":75},"1":{"loc":{"start":{"line":76,"column":17},"end":{"line":76,"column":66}},"type":"binary-expr","locations":[{"start":{"line":76,"column":17},"end":{"line":76,"column":30}},{"start":{"line":76,"column":34},"end":{"line":76,"column":66}}],"line":76},"2":{"loc":{"start":{"line":77,"column":17},"end":{"line":77,"column":69}},"type":"binary-expr","locations":[{"start":{"line":77,"column":17},"end":{"line":77,"column":29}},{"start":{"line":77,"column":33},"end":{"line":77,"column":69}}],"line":77}},"s":{"0":0,"1":0,"2":0,"3":0,"4":0,"5":0,"6":0,"7":0,"8":0,"9":0,"10":0,"11":0,"12":0,"13":0,"14":0,"15":0,"16":0,"17":0,"18":0,"19":0,"20":0,"21":0,"22":0,"23":0,"24":0,"25":0},"f":{"0":0,"1":0,"2":0,"3":0,"4":0,"5":0,"6":0,"7":0,"8":0,"9":0,"10":0,"11":0,"12":0},"b":{"0":[0,0],"1":[0,0],"2":[0,0]},"_coverageSchema":"1a1c01bbd47fc00a2c39e90264f33305004495a9","hash":"e4c37a0088b0d762646f2832006cd8d2ff560679"}
,"/home/chaseungbin/swpp2021-team12/frontend/src/containers/common/Header.js": {"path":"/home/chaseungbin/swpp2021-team12/frontend/src/containers/common/Header.js","statementMap":{"0":{"start":{"line":15,"column":18},"end":{"line":21,"column":2}},"1":{"start":{"line":24,"column":19},"end":{"line":24,"column":32}},"2":{"start":{"line":25,"column":2},"end":{"line":63,"column":4}},"3":{"start":{"line":42,"column":56},"end":{"line":42,"column":72}},"4":{"start":{"line":50,"column":20},"end":{"line":50,"column":40}}},"fnMap":{"0":{"name":"Header","decl":{"start":{"line":23,"column":9},"end":{"line":23,"column":15}},"loc":{"start":{"line":23,"column":30},"end":{"line":64,"column":1}},"line":23},"1":{"name":"(anonymous_1)","decl":{"start":{"line":42,"column":50},"end":{"line":42,"column":51}},"loc":{"start":{"line":42,"column":56},"end":{"line":42,"column":72}},"line":42},"2":{"name":"(anonymous_2)","decl":{"start":{"line":49,"column":27},"end":{"line":49,"column":28}},"loc":{"start":{"line":49,"column":33},"end":{"line":51,"column":19}},"line":49}},"branchMap":{},"s":{"0":2,"1":0,"2":0,"3":0,"4":0},"f":{"0":0,"1":0,"2":0},"b":{},"_coverageSchema":"1a1c01bbd47fc00a2c39e90264f33305004495a9","hash":"fc4fd76d3fd9a72cf134c6d5a9696e28d08e6b24"}
,"/home/chaseungbin/swpp2021-team12/frontend/src/containers/common/PageTemplate.js": {"path":"/home/chaseungbin/swpp2021-team12/frontend/src/containers/common/PageTemplate.js","statementMap":{"0":{"start":{"line":7,"column":26},"end":{"line":9,"column":5}},"1":{"start":{"line":7,"column":53},"end":{"line":9,"column":3}},"2":{"start":{"line":10,"column":2},"end":{"line":15,"column":29}},"3":{"start":{"line":11,"column":4},"end":{"line":14,"column":5}},"4":{"start":{"line":12,"column":6},"end":{"line":12,"column":67}},"5":{"start":{"line":13,"column":6},"end":{"line":13,"column":31}},"6":{"start":{"line":16,"column":2},"end":{"line":16,"column":37}}},"fnMap":{"0":{"name":"PageTemplate","decl":{"start":{"line":6,"column":9},"end":{"line":6,"column":21}},"loc":{"start":{"line":6,"column":45},"end":{"line":17,"column":1}},"line":6},"1":{"name":"(anonymous_1)","decl":{"start":{"line":7,"column":38},"end":{"line":7,"column":39}},"loc":{"start":{"line":7,"column":53},"end":{"line":9,"column":3}},"line":7},"2":{"name":"(anonymous_2)","decl":{"start":{"line":10,"column":12},"end":{"line":10,"column":13}},"loc":{"start":{"line":10,"column":18},"end":{"line":15,"column":3}},"line":10}},"branchMap":{"0":{"loc":{"start":{"line":11,"column":4},"end":{"line":14,"column":5}},"type":"if","locations":[{"start":{"line":11,"column":4},"end":{"line":14,"column":5}},{"start":{"line":11,"column":4},"end":{"line":14,"column":5}}],"line":11}},"s":{"0":0,"1":0,"2":0,"3":0,"4":0,"5":0,"6":0},"f":{"0":0,"1":0,"2":0},"b":{"0":[0,0]},"_coverageSchema":"1a1c01bbd47fc00a2c39e90264f33305004495a9","hash":"93282db247c292477b2ff5c0e2f6786a030adbcb"}
,"/home/chaseungbin/swpp2021-team12/frontend/src/containers/pages/auth/AuthTemplate.js": {"path":"/home/chaseungbin/swpp2021-team12/frontend/src/containers/pages/auth/AuthTemplate.js","statementMap":{"0":{"start":{"line":6,"column":24},"end":{"line":39,"column":1}},"1":{"start":{"line":7,"column":2},"end":{"line":38,"column":12}},"2":{"start":{"line":42,"column":26},"end":{"line":44,"column":5}},"3":{"start":{"line":42,"column":53},"end":{"line":44,"column":3}},"4":{"start":{"line":46,"column":2},"end":{"line":51,"column":5}},"5":{"start":{"line":47,"column":4},"end":{"line":50,"column":5}},"6":{"start":{"line":48,"column":6},"end":{"line":48,"column":57}},"7":{"start":{"line":49,"column":6},"end":{"line":49,"column":28}},"8":{"start":{"line":53,"column":2},"end":{"line":58,"column":4}}},"fnMap":{"0":{"name":"(anonymous_0)","decl":{"start":{"line":6,"column":24},"end":{"line":6,"column":25}},"loc":{"start":{"line":7,"column":2},"end":{"line":38,"column":12}},"line":7},"1":{"name":"AuthTemplate","decl":{"start":{"line":41,"column":9},"end":{"line":41,"column":21}},"loc":{"start":{"line":41,"column":45},"end":{"line":59,"column":1}},"line":41},"2":{"name":"(anonymous_2)","decl":{"start":{"line":42,"column":38},"end":{"line":42,"column":39}},"loc":{"start":{"line":42,"column":53},"end":{"line":44,"column":3}},"line":42},"3":{"name":"(anonymous_3)","decl":{"start":{"line":46,"column":12},"end":{"line":46,"column":13}},"loc":{"start":{"line":46,"column":18},"end":{"line":51,"column":3}},"line":46}},"branchMap":{"0":{"loc":{"start":{"line":47,"column":4},"end":{"line":50,"column":5}},"type":"if","locations":[{"start":{"line":47,"column":4},"end":{"line":50,"column":5}},{"start":{"line":47,"column":4},"end":{"line":50,"column":5}}],"line":47}},"s":{"0":1,"1":0,"2":0,"3":0,"4":0,"5":0,"6":0,"7":0,"8":0},"f":{"0":0,"1":0,"2":0,"3":0},"b":{"0":[0,0]},"_coverageSchema":"1a1c01bbd47fc00a2c39e90264f33305004495a9","hash":"da2a4ae600574e7455bb933a8df296809e6d5f92"}
,"/home/chaseungbin/swpp2021-team12/frontend/src/containers/pages/auth/SignInPage/SignInPage.js": {"path":"/home/chaseungbin/swpp2021-team12/frontend/src/containers/pages/auth/SignInPage/SignInPage.js","statementMap":{"0":{"start":{"line":8,"column":19},"end":{"line":8,"column":32}},"1":{"start":{"line":10,"column":2},"end":{"line":18,"column":4}},"2":{"start":{"line":14,"column":10},"end":{"line":14,"column":48}}},"fnMap":{"0":{"name":"SignInPage","decl":{"start":{"line":7,"column":9},"end":{"line":7,"column":19}},"loc":{"start":{"line":7,"column":22},"end":{"line":19,"column":1}},"line":7},"1":{"name":"(anonymous_1)","decl":{"start":{"line":13,"column":18},"end":{"line":13,"column":19}},"loc":{"start":{"line":13,"column":39},"end":{"line":15,"column":9}},"line":13}},"branchMap":{},"s":{"0":3,"1":0,"2":0},"f":{"0":3,"1":0},"b":{},"_coverageSchema":"1a1c01bbd47fc00a2c39e90264f33305004495a9","hash":"4a862696cec0a4e333ab94023516f6cb7136e1c3"}
,"/home/chaseungbin/swpp2021-team12/frontend/src/containers/pages/auth/SignUpPage/SignUpPage.js": {"path":"/home/chaseungbin/swpp2021-team12/frontend/src/containers/pages/auth/SignUpPage/SignUpPage.js","statementMap":{"0":{"start":{"line":8,"column":19},"end":{"line":8,"column":32}},"1":{"start":{"line":10,"column":2},"end":{"line":22,"column":4}},"2":{"start":{"line":14,"column":10},"end":{"line":18,"column":11}},"3":{"start":{"line":15,"column":12},"end":{"line":15,"column":42}},"4":{"start":{"line":17,"column":12},"end":{"line":17,"column":56}}},"fnMap":{"0":{"name":"SignUpPage","decl":{"start":{"line":7,"column":9},"end":{"line":7,"column":19}},"loc":{"start":{"line":7,"column":22},"end":{"line":23,"column":1}},"line":7},"1":{"name":"(anonymous_1)","decl":{"start":{"line":13,"column":18},"end":{"line":13,"column":19}},"loc":{"start":{"line":13,"column":60},"end":{"line":19,"column":9}},"line":13}},"branchMap":{"0":{"loc":{"start":{"line":14,"column":10},"end":{"line":18,"column":11}},"type":"if","locations":[{"start":{"line":14,"column":10},"end":{"line":18,"column":11}},{"start":{"line":14,"column":10},"end":{"line":18,"column":11}}],"line":14}},"s":{"0":0,"1":0,"2":0,"3":0,"4":0},"f":{"0":0,"1":0},"b":{"0":[0,0]},"_coverageSchema":"1a1c01bbd47fc00a2c39e90264f33305004495a9","hash":"94ebeabb7c3adbc7c77d930793153e9e6d34dfff"}
,"/home/chaseungbin/swpp2021-team12/frontend/src/containers/pages/meeting/MainPage/MainPage.js": {"path":"/home/chaseungbin/swpp2021-team12/frontend/src/containers/pages/meeting/MainPage/MainPage.js","statementMap":{"0":{"start":{"line":8,"column":22},"end":{"line":8,"column":27}},"1":{"start":{"line":10,"column":2},"end":{"line":49,"column":4}},"2":{"start":{"line":23,"column":45},"end":{"line":23,"column":69}}},"fnMap":{"0":{"name":"MainPage","decl":{"start":{"line":7,"column":9},"end":{"line":7,"column":17}},"loc":{"start":{"line":7,"column":25},"end":{"line":50,"column":1}},"line":7},"1":{"name":"(anonymous_1)","decl":{"start":{"line":23,"column":39},"end":{"line":23,"column":40}},"loc":{"start":{"line":23,"column":45},"end":{"line":23,"column":69}},"line":23}},"branchMap":{},"s":{"0":0,"1":0,"2":0},"f":{"0":0,"1":0},"b":{},"_coverageSchema":"1a1c01bbd47fc00a2c39e90264f33305004495a9","hash":"c4e3f9458d2d3eec5654c212a0d58f5ce72fa93f"}
,"/home/chaseungbin/swpp2021-team12/frontend/src/containers/pages/meeting/MeetingListPage/MeetingListPage.js": {"path":"/home/chaseungbin/swpp2021-team12/frontend/src/containers/pages/meeting/MeetingListPage/MeetingListPage.js","statementMap":{"0":{"start":{"line":6,"column":22},"end":{"line":10,"column":3}},"1":{"start":{"line":12,"column":2},"end":{"line":18,"column":4}}},"fnMap":{"0":{"name":"MeetingListPage","decl":{"start":{"line":5,"column":9},"end":{"line":5,"column":24}},"loc":{"start":{"line":5,"column":27},"end":{"line":19,"column":1}},"line":5}},"branchMap":{},"s":{"0":0,"1":0},"f":{"0":0},"b":{},"_coverageSchema":"1a1c01bbd47fc00a2c39e90264f33305004495a9","hash":"84456121d2da0ea02f31d3a9a9d7cc83aaff3f2b"}
,"/home/chaseungbin/swpp2021-team12/frontend/src/lib/api/auth.js": {"path":"/home/chaseungbin/swpp2021-team12/frontend/src/lib/api/auth.js","statementMap":{"0":{"start":{"line":1,"column":22},"end":{"line":1,"column":41}},"1":{"start":{"line":3,"column":22},"end":{"line":3,"column":41}},"2":{"start":{"line":5,"column":23},"end":{"line":5,"column":42}}},"fnMap":{},"branchMap":{},"s":{"0":0,"1":0,"2":0},"f":{},"b":{}}
,"/home/chaseungbin/swpp2021-team12/frontend/src/store/actions/actionTypes.js": {"path":"/home/chaseungbin/swpp2021-team12/frontend/src/store/actions/actionTypes.js","statementMap":{"0":{"start":{"line":1,"column":29},"end":{"line":1,"column":52}},"1":{"start":{"line":2,"column":30},"end":{"line":2,"column":54}},"2":{"start":{"line":4,"column":22},"end":{"line":4,"column":35}},"3":{"start":{"line":5,"column":30},"end":{"line":5,"column":51}},"4":{"start":{"line":6,"column":30},"end":{"line":6,"column":51}},"5":{"start":{"line":8,"column":22},"end":{"line":8,"column":35}},"6":{"start":{"line":9,"column":30},"end":{"line":9,"column":51}},"7":{"start":{"line":10,"column":30},"end":{"line":10,"column":51}},"8":{"start":{"line":12,"column":23},"end":{"line":12,"column":37}},"9":{"start":{"line":13,"column":31},"end":{"line":13,"column":53}},"10":{"start":{"line":14,"column":31},"end":{"line":14,"column":53}}},"fnMap":{},"branchMap":{},"s":{"0":2,"1":2,"2":2,"3":2,"4":2,"5":2,"6":2,"7":2,"8":2,"9":2,"10":2},"f":{},"b":{},"_coverageSchema":"1a1c01bbd47fc00a2c39e90264f33305004495a9","hash":"ce751dbd128dffeccab6d96b493d094c46c9d6ed"}
,"/home/chaseungbin/swpp2021-team12/frontend/src/store/actions/auth.js": {"path":"/home/chaseungbin/swpp2021-team12/frontend/src/store/actions/auth.js","statementMap":{"0":{"start":{"line":4,"column":22},"end":{"line":10,"column":1}},"1":{"start":{"line":6,"column":28},"end":{"line":9,"column":3}},"2":{"start":{"line":12,"column":22},"end":{"line":15,"column":1}},"3":{"start":{"line":14,"column":34},"end":{"line":14,"column":59}},"4":{"start":{"line":17,"column":23},"end":{"line":17,"column":56}}},"fnMap":{"0":{"name":"(anonymous_0)","decl":{"start":{"line":6,"column":2},"end":{"line":6,"column":3}},"loc":{"start":{"line":6,"column":28},"end":{"line":9,"column":3}},"line":6},"1":{"name":"(anonymous_1)","decl":{"start":{"line":14,"column":2},"end":{"line":14,"column":3}},"loc":{"start":{"line":14,"column":34},"end":{"line":14,"column":59}},"line":14}},"branchMap":{},"s":{"0":2,"1":0,"2":2,"3":0,"4":2},"f":{"0":0,"1":0},"b":{},"_coverageSchema":"1a1c01bbd47fc00a2c39e90264f33305004495a9","hash":"cbeb79a733a17173cbfb8dee9eded251d4241e79"}
,"/home/chaseungbin/swpp2021-team12/frontend/src/store/actions/loading.js": {"path":"/home/chaseungbin/swpp2021-team12/frontend/src/store/actions/loading.js","statementMap":{"0":{"start":{"line":4,"column":28},"end":{"line":7,"column":1}},"1":{"start":{"line":6,"column":19},"end":{"line":6,"column":30}},"2":{"start":{"line":9,"column":29},"end":{"line":12,"column":1}},"3":{"start":{"line":11,"column":19},"end":{"line":11,"column":30}}},"fnMap":{"0":{"name":"(anonymous_0)","decl":{"start":{"line":6,"column":2},"end":{"line":6,"column":3}},"loc":{"start":{"line":6,"column":19},"end":{"line":6,"column":30}},"line":6},"1":{"name":"(anonymous_1)","decl":{"start":{"line":11,"column":2},"end":{"line":11,"column":3}},"loc":{"start":{"line":11,"column":19},"end":{"line":11,"column":30}},"line":11}},"branchMap":{},"s":{"0":0,"1":0,"2":0,"3":0},"f":{"0":0,"1":0},"b":{}}
,"/home/chaseungbin/swpp2021-team12/frontend/src/store/reducers/index.js": {"path":"/home/chaseungbin/swpp2021-team12/frontend/src/store/reducers/index.js","statementMap":{"0":{"start":{"line":6,"column":20},"end":{"line":6,"column":54}},"1":{"start":{"line":9,"column":2},"end":{"line":9,"column":26}}},"fnMap":{"0":{"name":"rootSaga","decl":{"start":{"line":8,"column":17},"end":{"line":8,"column":25}},"loc":{"start":{"line":8,"column":28},"end":{"line":10,"column":1}},"line":8}},"branchMap":{},"s":{"0":0,"1":0},"f":{"0":0},"b":{}}
,"/home/chaseungbin/swpp2021-team12/frontend/src/store/reducers/auth/auth.js": {"path":"/home/chaseungbin/swpp2021-team12/frontend/src/store/reducers/auth/auth.js","statementMap":{"0":{"start":{"line":7,"column":19},"end":{"line":7,"column":72}},"1":{"start":{"line":8,"column":19},"end":{"line":8,"column":72}},"2":{"start":{"line":9,"column":20},"end":{"line":9,"column":75}},"3":{"start":{"line":11,"column":2},"end":{"line":11,"column":51}},"4":{"start":{"line":12,"column":2},"end":{"line":12,"column":51}},"5":{"start":{"line":13,"column":2},"end":{"line":13,"column":53}},"6":{"start":{"line":16,"column":21},"end":{"line":19,"column":1}},"7":{"start":{"line":21,"column":13},"end":{"line":51,"column":1}},"8":{"start":{"line":23,"column":65},"end":{"line":27,"column":5}},"9":{"start":{"line":28,"column":66},"end":{"line":31,"column":5}},"10":{"start":{"line":32,"column":46},"end":{"line":35,"column":5}},"11":{"start":{"line":36,"column":66},"end":{"line":39,"column":5}},"12":{"start":{"line":40,"column":47},"end":{"line":44,"column":5}},"13":{"start":{"line":45,"column":67},"end":{"line":48,"column":5}}},"fnMap":{"0":{"name":"authSaga","decl":{"start":{"line":10,"column":17},"end":{"line":10,"column":25}},"loc":{"start":{"line":10,"column":28},"end":{"line":14,"column":1}},"line":10},"1":{"name":"(anonymous_1)","decl":{"start":{"line":23,"column":34},"end":{"line":23,"column":35}},"loc":{"start":{"line":23,"column":65},"end":{"line":27,"column":5}},"line":23},"2":{"name":"(anonymous_2)","decl":{"start":{"line":28,"column":34},"end":{"line":28,"column":35}},"loc":{"start":{"line":28,"column":66},"end":{"line":31,"column":5}},"line":28},"3":{"name":"(anonymous_3)","decl":{"start":{"line":32,"column":34},"end":{"line":32,"column":35}},"loc":{"start":{"line":32,"column":46},"end":{"line":35,"column":5}},"line":32},"4":{"name":"(anonymous_4)","decl":{"start":{"line":36,"column":34},"end":{"line":36,"column":35}},"loc":{"start":{"line":36,"column":66},"end":{"line":39,"column":5}},"line":36},"5":{"name":"(anonymous_5)","decl":{"start":{"line":40,"column":35},"end":{"line":40,"column":36}},"loc":{"start":{"line":40,"column":47},"end":{"line":44,"column":5}},"line":40},"6":{"name":"(anonymous_6)","decl":{"start":{"line":45,"column":35},"end":{"line":45,"column":36}},"loc":{"start":{"line":45,"column":67},"end":{"line":48,"column":5}},"line":45}},"branchMap":{},"s":{"0":0,"1":0,"2":0,"3":0,"4":0,"5":0,"6":0,"7":0,"8":0,"9":0,"10":0,"11":0,"12":0,"13":0},"f":{"0":0,"1":0,"2":0,"3":0,"4":0,"5":0,"6":0},"b":{}}
,"/home/chaseungbin/swpp2021-team12/frontend/src/store/reducers/loading/loading.js": {"path":"/home/chaseungbin/swpp2021-team12/frontend/src/store/reducers/loading/loading.js","statementMap":{"0":{"start":{"line":4,"column":21},"end":{"line":4,"column":23}},"1":{"start":{"line":6,"column":16},"end":{"line":18,"column":1}},"2":{"start":{"line":8,"column":53},"end":{"line":11,"column":5}},"3":{"start":{"line":12,"column":54},"end":{"line":15,"column":5}}},"fnMap":{"0":{"name":"(anonymous_0)","decl":{"start":{"line":8,"column":33},"end":{"line":8,"column":34}},"loc":{"start":{"line":8,"column":53},"end":{"line":11,"column":5}},"line":8},"1":{"name":"(anonymous_1)","decl":{"start":{"line":12,"column":34},"end":{"line":12,"column":35}},"loc":{"start":{"line":12,"column":54},"end":{"line":15,"column":5}},"line":12}},"branchMap":{},"s":{"0":0,"1":0,"2":0,"3":0},"f":{"0":0,"1":0},"b":{}}
}
