TN:
SF:src/App.js
FN:27,App
FNF:1
FNH:1
FNDA:1,App
DA:28,1
LF:1
LH:1
BRF:0
BRH:0
end_of_record
TN:
SF:src/components/UserInfo.js
FN:5,UserInfo
FN:26,(anonymous_1)
FNF:2
FNH:1
FNDA:59,UserInfo
FNDA:0,(anonymous_1)
DA:6,59
DA:7,56
DA:27,0
LF:3
LH:2
BRF:0
BRH:0
end_of_record
TN:
SF:src/components/auth/createRequestSaga.js
FN:9,createRequestSaga
FN:14,(anonymous_1)
FN:26,(anonymous_2)
FN:29,(anonymous_3)
FN:56,(anonymous_4)
FN:59,(anonymous_5)
FN:78,(anonymous_6)
FN:91,(anonymous_7)
FNF:8
FNH:8
FNDA:13,createRequestSaga
FNDA:9,(anonymous_1)
FNDA:1,(anonymous_2)
FNDA:1,(anonymous_3)
FNDA:1,(anonymous_4)
FNDA:1,(anonymous_5)
FNDA:1,(anonymous_6)
FNDA:1,(anonymous_7)
DA:6,2
DA:7,2
DA:10,13
DA:11,13
DA:14,13
DA:15,9
DA:16,9
DA:17,9
DA:19,9
DA:21,2
DA:27,1
DA:30,1
DA:32,2
DA:33,1
DA:34,1
DA:39,1
DA:40,1
DA:47,2
DA:50,2
DA:57,1
DA:60,1
DA:62,2
DA:63,1
DA:64,1
DA:69,1
DA:70,1
DA:75,2
DA:78,2
DA:79,1
DA:81,2
DA:82,1
DA:83,1
DA:85,1
DA:86,1
DA:88,2
DA:91,2
DA:92,1
DA:94,2
DA:95,1
DA:97,1
DA:98,1
DA:101,1
DA:104,1
DA:107,8
LF:44
LH:44
BRDA:19,0,0,2
BRDA:19,0,1,2
BRDA:19,0,2,2
BRDA:19,0,3,2
BRDA:19,0,4,1
BRDA:32,1,0,1
BRDA:32,1,1,1
BRDA:62,2,0,1
BRDA:62,2,1,1
BRDA:81,3,0,1
BRDA:81,3,1,1
BRDA:94,4,0,1
BRDA:94,4,1,1
BRF:13
BRH:13
end_of_record
TN:
SF:src/components/auth/SignIn/SignIn.js
FN:5,SignIn
FN:9,(anonymous_1)
FN:17,(anonymous_2)
FN:33,(anonymous_3)
FN:50,(anonymous_4)
FNF:5
FNH:5
FNDA:8,SignIn
FNDA:1,(anonymous_1)
FNDA:1,(anonymous_2)
FNDA:1,(anonymous_3)
FNDA:1,(anonymous_4)
DA:6,8
DA:7,8
DA:8,8
DA:9,8
DA:11,8
DA:17,1
DA:33,1
DA:50,1
LF:8
LH:8
BRDA:26,0,0,3
BRDA:26,0,1,5
BRDA:43,1,0,3
BRDA:43,1,1,5
BRF:4
BRH:4
end_of_record
TN:
SF:src/components/auth/SignUp/SignUp.js
FN:5,SignUp
FN:15,(anonymous_1)
FN:25,(anonymous_2)
FN:43,(anonymous_3)
FN:66,(anonymous_4)
FN:92,(anonymous_5)
FN:116,(anonymous_6)
FNF:7
FNH:7
FNDA:14,SignUp
FNDA:1,(anonymous_1)
FNDA:1,(anonymous_2)
FNDA:2,(anonymous_3)
FNDA:2,(anonymous_4)
FNDA:2,(anonymous_5)
FNDA:3,(anonymous_6)
DA:6,14
DA:7,14
DA:8,14
DA:9,14
DA:10,14
DA:11,14
DA:12,14
DA:13,14
DA:14,14
DA:15,14
DA:17,14
DA:19,14
DA:26,1
DA:44,2
DA:45,2
DA:46,1
DA:48,1
DA:67,2
DA:69,2
DA:70,1
DA:72,1
DA:93,2
DA:94,2
DA:95,1
DA:97,1
DA:117,3
DA:118,3
DA:119,1
DA:121,2
LF:29
LH:29
BRDA:36,0,0,5
BRDA:36,0,1,9
BRDA:36,1,0,14
BRDA:36,1,1,10
BRDA:45,2,0,1
BRDA:45,2,1,1
BRDA:59,3,0,2
BRDA:59,3,1,12
BRDA:59,4,0,14
BRDA:59,4,1,2
BRDA:69,5,0,1
BRDA:69,5,1,1
BRDA:69,6,0,2
BRDA:69,6,1,2
BRDA:84,7,0,3
BRDA:84,7,1,11
BRDA:84,8,0,14
BRDA:84,8,1,3
BRDA:94,9,0,1
BRDA:94,9,1,1
BRDA:109,10,0,2
BRDA:109,10,1,12
BRDA:109,11,0,14
BRDA:109,11,1,2
BRDA:118,12,0,1
BRDA:118,12,1,2
BRDA:118,13,0,3
BRDA:118,13,1,1
BRDA:127,14,0,14
BRDA:127,14,1,4
BRDA:127,14,2,3
BRF:31
BRH:31
end_of_record
TN:
SF:src/components/club/ClubSearch.js
FN:13,ClubSearch
FN:24,(anonymous_1)
FN:30,(anonymous_2)
FN:56,(anonymous_3)
FN:67,(anonymous_4)
FN:78,(anonymous_5)
FNF:6
FNH:2
FNDA:10,ClubSearch
FNDA:0,(anonymous_1)
FNDA:0,(anonymous_2)
FNDA:0,(anonymous_3)
FNDA:0,(anonymous_4)
FNDA:4,(anonymous_5)
DA:20,10
DA:21,8
DA:22,8
DA:24,8
DA:25,0
DA:27,0
DA:28,0
DA:30,0
DA:31,0
DA:32,0
DA:34,0
DA:37,0
DA:40,8
DA:57,0
DA:68,0
DA:79,4
LF:16
LH:6
BRDA:27,0,0,0
BRDA:27,0,1,0
BRDA:31,1,0,0
BRDA:31,1,1,0
BRDA:46,2,0,8
BRDA:46,2,1,8
BRDA:66,3,0,0
BRDA:66,3,1,8
BRF:8
BRH:3
end_of_record
TN:
SF:src/components/club/Club/Club.js
FN:13,Club
FN:28,(anonymous_1)
FN:36,(anonymous_2)
FN:56,(anonymous_3)
FN:63,(anonymous_4)
FN:69,(anonymous_5)
FN:75,(anonymous_6)
FN:77,(anonymous_7)
FN:86,(anonymous_8)
FN:106,(anonymous_9)
FN:117,(anonymous_10)
FN:131,(anonymous_11)
FNF:12
FNH:6
FNDA:18,Club
FNDA:5,(anonymous_1)
FNDA:7,(anonymous_2)
FNDA:2,(anonymous_3)
FNDA:2,(anonymous_4)
FNDA:0,(anonymous_5)
FNDA:0,(anonymous_6)
FNDA:0,(anonymous_7)
FNDA:0,(anonymous_8)
FNDA:0,(anonymous_9)
FNDA:2,(anonymous_10)
FNDA:0,(anonymous_11)
DA:14,18
DA:15,17
DA:16,17
DA:17,17
DA:18,17
DA:26,17
DA:28,17
DA:29,5
DA:30,2
DA:31,2
DA:32,2
DA:36,17
DA:37,7
DA:38,6
DA:40,1
DA:44,17
DA:56,2
DA:63,2
DA:70,0
DA:76,0
DA:77,0
DA:87,0
DA:106,0
DA:118,2
DA:132,0
LF:25
LH:19
BRDA:29,0,0,2
BRDA:29,0,1,3
BRDA:37,1,0,6
BRDA:37,1,1,1
BRDA:37,2,0,7
BRDA:37,2,1,1
BRDA:49,3,0,7
BRDA:49,3,1,10
BRDA:65,4,0,17
BRDA:65,4,1,7
BRDA:72,5,0,0
BRDA:72,5,1,0
BRDA:102,6,0,13
BRDA:102,6,1,3
BRF:14
BRH:12
end_of_record
TN:
SF:src/components/club/ClubDetail/ClubDetail.js
FN:6,ClubDetail
FN:28,(anonymous_1)
FN:38,(anonymous_2)
FN:46,(anonymous_3)
FN:58,(anonymous_4)
FN:65,(anonymous_5)
FN:69,(anonymous_6)
FN:78,(anonymous_7)
FN:80,(anonymous_8)
FNF:9
FNH:6
FNDA:30,ClubDetail
FNDA:30,(anonymous_1)
FNDA:0,(anonymous_2)
FNDA:1,(anonymous_3)
FNDA:1,(anonymous_4)
FNDA:13,(anonymous_5)
FNDA:1,(anonymous_6)
FNDA:0,(anonymous_7)
FNDA:0,(anonymous_8)
DA:13,30
DA:29,30
DA:38,0
DA:47,1
DA:58,1
DA:65,13
DA:69,1
DA:78,0
DA:80,0
LF:9
LH:6
BRDA:32,0,0,17
BRDA:32,0,1,13
BRDA:65,1,0,11
BRDA:65,1,1,2
BRF:4
BRH:4
end_of_record
TN:
SF:src/components/club/ClubList/ClubList.js
FN:6,ClubList
FN:24,(anonymous_1)
FN:25,(anonymous_2)
FN:42,(anonymous_3)
FN:43,(anonymous_4)
FN:45,(anonymous_5)
FN:60,(anonymous_6)
FN:66,(anonymous_7)
FN:70,(anonymous_8)
FNF:9
FNH:9
FNDA:15,ClubList
FNDA:20,(anonymous_1)
FNDA:10,(anonymous_2)
FNDA:20,(anonymous_3)
FNDA:20,(anonymous_4)
FNDA:10,(anonymous_5)
FNDA:1,(anonymous_6)
FNDA:1,(anonymous_7)
FNDA:1,(anonymous_8)
DA:13,15
DA:14,13
DA:24,20
DA:26,10
DA:43,20
DA:46,10
DA:60,1
DA:66,1
DA:70,1
LF:9
LH:9
BRDA:22,0,0,13
BRDA:22,0,1,13
BRDA:40,1,0,13
BRDA:40,1,1,13
BRF:4
BRH:4
end_of_record
TN:
SF:src/components/club/ClubPending/ClubPending.js
FN:5,Pending
FN:22,(anonymous_1)
FN:25,(anonymous_2)
FN:35,ClubPending
FN:45,(anonymous_4)
FN:53,(anonymous_5)
FNF:6
FNH:0
FNDA:0,Pending
FNDA:0,(anonymous_1)
FNDA:0,(anonymous_2)
FNDA:0,ClubPending
FNDA:0,(anonymous_4)
FNDA:0,(anonymous_5)
DA:6,0
DA:22,0
DA:25,0
DA:36,0
DA:37,0
DA:46,0
DA:53,0
LF:7
LH:0
BRDA:44,0,0,0
BRDA:44,0,1,0
BRF:2
BRH:0
end_of_record
TN:
SF:src/components/comment/CommentList/CommentList.js
FN:13,CommentList
FN:33,(anonymous_1)
FN:56,(anonymous_2)
FN:70,(anonymous_3)
FN:87,(anonymous_4)
FN:103,(anonymous_5)
FN:113,(anonymous_6)
FNF:7
FNH:6
FNDA:7,CommentList
FNDA:8,(anonymous_1)
FNDA:0,(anonymous_2)
FNDA:2,(anonymous_3)
FNDA:1,(anonymous_4)
FNDA:1,(anonymous_5)
FNDA:1,(anonymous_6)
DA:22,7
DA:23,7
DA:25,7
DA:34,8
DA:57,0
DA:71,2
DA:75,2
DA:76,1
DA:87,1
DA:103,1
DA:114,1
DA:115,1
LF:12
LH:11
BRDA:32,0,0,7
BRDA:32,0,1,4
BRDA:63,1,0,4
BRDA:63,1,1,4
BRDA:75,2,0,1
BRDA:75,2,1,1
BRF:6
BRH:6
end_of_record
TN:
SF:src/components/meeting/Main/Main.js
FN:32,Main
FN:39,(anonymous_1)
FN:41,(anonymous_2)
FN:47,(anonymous_3)
FN:48,(anonymous_4)
FN:49,(anonymous_5)
FN:64,(anonymous_6)
FN:70,(anonymous_7)
FN:71,(anonymous_8)
FN:72,(anonymous_9)
FN:88,(anonymous_10)
FN:90,(anonymous_11)
FN:96,(anonymous_12)
FN:97,(anonymous_13)
FN:98,(anonymous_14)
FN:119,(anonymous_15)
FN:125,(anonymous_16)
FN:127,(anonymous_17)
FN:130,(anonymous_18)
FN:148,(anonymous_19)
FN:158,(anonymous_20)
FN:160,(anonymous_21)
FN:197,(anonymous_22)
FNF:23
FNH:8
FNDA:14,Main
FNDA:8,(anonymous_1)
FNDA:1,(anonymous_2)
FNDA:0,(anonymous_3)
FNDA:0,(anonymous_4)
FNDA:0,(anonymous_5)
FNDA:0,(anonymous_6)
FNDA:0,(anonymous_7)
FNDA:0,(anonymous_8)
FNDA:0,(anonymous_9)
FNDA:8,(anonymous_10)
FNDA:1,(anonymous_11)
FNDA:0,(anonymous_12)
FNDA:0,(anonymous_13)
FNDA:0,(anonymous_14)
FNDA:0,(anonymous_15)
FNDA:0,(anonymous_16)
FNDA:0,(anonymous_17)
FNDA:0,(anonymous_18)
FNDA:6,(anonymous_19)
FNDA:6,(anonymous_20)
FNDA:0,(anonymous_21)
FNDA:1,(anonymous_22)
DA:18,3
DA:24,3
DA:27,3
DA:30,3
DA:34,14
DA:35,14
DA:36,14
DA:37,14
DA:39,14
DA:40,8
DA:42,1
DA:48,0
DA:49,0
DA:50,0
DA:51,0
DA:64,0
DA:71,0
DA:72,0
DA:73,0
DA:74,0
DA:88,14
DA:89,8
DA:91,1
DA:97,0
DA:98,0
DA:99,0
DA:100,0
DA:119,0
DA:126,0
DA:127,0
DA:129,0
DA:130,0
DA:132,0
DA:133,0
DA:148,14
DA:149,6
DA:150,1
DA:152,6
DA:153,1
DA:155,6
DA:158,14
DA:159,6
DA:160,0
DA:161,0
DA:167,6
DA:174,14
DA:197,1
LF:47
LH:25
BRDA:40,0,0,8
BRDA:40,0,1,1
BRDA:54,1,0,1
BRDA:54,1,1,0
BRDA:89,2,0,8
BRDA:89,2,1,8
BRDA:103,3,0,1
BRDA:103,3,1,0
BRDA:149,4,0,1
BRDA:149,4,1,5
BRDA:152,5,0,1
BRDA:152,5,1,5
BRDA:159,6,0,0
BRDA:159,6,1,6
BRDA:176,7,0,8
BRDA:176,7,1,6
BRF:16
BRH:13
end_of_record
TN:
SF:src/components/meeting/Meeting/Meeting.js
FN:9,Meeting
FN:33,(anonymous_1)
FN:37,(anonymous_2)
FN:41,(anonymous_3)
FN:45,(anonymous_4)
FN:60,(anonymous_5)
FN:81,(anonymous_6)
FN:89,(anonymous_7)
FN:99,(anonymous_8)
FN:108,(anonymous_9)
FN:111,(anonymous_10)
FN:130,(anonymous_11)
FN:150,(anonymous_12)
FNF:13
FNH:4
FNDA:35,Meeting
FNDA:0,(anonymous_1)
FNDA:0,(anonymous_2)
FNDA:0,(anonymous_3)
FNDA:15,(anonymous_4)
FNDA:16,(anonymous_5)
FNDA:0,(anonymous_6)
FNDA:0,(anonymous_7)
FNDA:0,(anonymous_8)
FNDA:0,(anonymous_9)
FNDA:0,(anonymous_10)
FNDA:0,(anonymous_11)
FNDA:1,(anonymous_12)
DA:10,35
DA:11,33
DA:12,33
DA:13,33
DA:14,33
DA:15,33
DA:16,33
DA:18,33
DA:19,33
DA:20,33
DA:31,33
DA:33,33
DA:34,0
DA:37,33
DA:38,0
DA:41,33
DA:42,0
DA:45,33
DA:46,15
DA:47,13
DA:48,13
DA:49,13
DA:50,13
DA:51,13
DA:52,13
DA:56,13
DA:60,33
DA:61,16
DA:62,15
DA:64,1
DA:68,33
DA:81,0
DA:89,0
DA:99,0
DA:109,0
DA:111,0
DA:131,0
DA:151,1
DA:152,1
DA:154,0
LF:40
LH:30
BRDA:46,0,0,13
BRDA:46,0,1,2
BRDA:61,1,0,15
BRDA:61,1,1,1
BRDA:61,2,0,16
BRDA:61,2,1,9
BRDA:61,2,2,9
BRDA:61,2,3,9
BRDA:61,2,4,1
BRDA:106,3,0,33
BRDA:106,3,1,33
BRDA:109,4,0,0
BRDA:109,4,1,0
BRDA:151,5,0,1
BRDA:151,5,1,0
BRDA:165,6,0,25
BRDA:165,6,1,25
BRF:17
BRH:14
end_of_record
TN:
SF:src/components/meeting/Meeting/MeetingMap.js
FN:6,MeetingMap
FN:20,(anonymous_1)
FN:22,(anonymous_2)
FN:36,(anonymous_3)
FN:44,(anonymous_4)
FN:55,(anonymous_5)
FN:70,(anonymous_6)
FN:84,(anonymous_7)
FN:97,(anonymous_8)
FN:101,(anonymous_9)
FN:115,(anonymous_10)
FN:118,(anonymous_11)
FN:122,(anonymous_12)
FN:137,(anonymous_13)
FN:152,(anonymous_14)
FN:161,(anonymous_15)
FN:180,(anonymous_16)
FNF:17
FNH:4
FNDA:20,MeetingMap
FNDA:7,(anonymous_1)
FNDA:0,(anonymous_2)
FNDA:13,(anonymous_3)
FNDA:7,(anonymous_4)
FNDA:0,(anonymous_5)
FNDA:0,(anonymous_6)
FNDA:0,(anonymous_7)
FNDA:0,(anonymous_8)
FNDA:0,(anonymous_9)
FNDA:0,(anonymous_10)
FNDA:0,(anonymous_11)
FNDA:0,(anonymous_12)
FNDA:0,(anonymous_13)
FNDA:0,(anonymous_14)
FNDA:0,(anonymous_15)
FNDA:0,(anonymous_16)
DA:7,20
DA:8,20
DA:9,20
DA:10,20
DA:11,20
DA:12,20
DA:13,20
DA:14,20
DA:15,20
DA:16,20
DA:18,20
DA:20,20
DA:21,7
DA:22,0
DA:23,0
DA:29,7
DA:36,20
DA:37,13
DA:38,1
DA:39,1
DA:40,1
DA:44,20
DA:45,7
DA:46,0
DA:48,7
DA:52,20
DA:55,0
DA:71,0
DA:75,0
DA:85,0
DA:91,0
DA:92,0
DA:98,0
DA:102,0
DA:103,0
DA:104,0
DA:116,0
DA:118,0
DA:119,0
DA:120,0
DA:121,0
DA:122,0
DA:123,0
DA:127,0
DA:129,0
DA:130,0
DA:137,0
DA:152,0
DA:162,0
DA:163,0
DA:164,0
DA:165,0
DA:167,0
DA:168,0
DA:181,0
DA:182,0
LF:56
LH:23
BRDA:21,0,0,0
BRDA:21,0,1,7
BRDA:37,1,0,1
BRDA:37,1,1,12
BRDA:45,2,0,0
BRDA:45,2,1,7
BRDA:52,3,0,13
BRDA:52,3,1,7
BRDA:67,4,0,13
BRDA:67,4,1,13
BRDA:80,5,0,13
BRDA:80,5,1,0
BRDA:96,6,0,13
BRDA:96,6,1,0
BRDA:107,7,0,0
BRDA:107,7,1,0
BRDA:107,7,2,0
BRDA:119,8,0,0
BRDA:119,8,1,0
BRDA:146,9,0,13
BRDA:146,9,1,0
BRDA:163,10,0,0
BRDA:163,10,1,0
BRF:23
BRH:11
end_of_record
TN:
SF:src/components/meeting/Meeting/MeetingScope.js
FN:11,MeetingScope
FN:16,(anonymous_1)
FN:18,(anonymous_2)
FN:23,(anonymous_3)
FN:30,(anonymous_4)
FN:39,(anonymous_5)
FN:53,(anonymous_6)
FN:57,(anonymous_7)
FN:65,(anonymous_8)
FN:75,(anonymous_9)
FN:86,(anonymous_10)
FNF:11
FNH:2
FNDA:26,MeetingScope
FNDA:0,(anonymous_1)
FNDA:0,(anonymous_2)
FNDA:16,(anonymous_3)
FNDA:0,(anonymous_4)
FNDA:0,(anonymous_5)
FNDA:0,(anonymous_6)
FNDA:0,(anonymous_7)
FNDA:0,(anonymous_8)
FNDA:0,(anonymous_9)
FNDA:0,(anonymous_10)
DA:12,26
DA:13,25
DA:14,25
DA:15,25
DA:16,25
DA:17,0
DA:18,0
DA:20,0
DA:23,25
DA:24,16
DA:25,9
DA:26,9
DA:27,9
DA:28,9
DA:30,0
DA:36,25
DA:39,0
DA:53,0
DA:58,0
DA:65,0
DA:76,0
DA:87,0
DA:88,0
LF:23
LH:12
BRDA:17,0,0,0
BRDA:17,0,1,0
BRDA:24,1,0,9
BRDA:24,1,1,7
BRDA:29,2,0,0
BRDA:29,2,1,9
BRDA:36,3,0,25
BRDA:36,3,1,0
BRDA:55,4,0,12
BRDA:55,4,1,13
BRDA:63,5,0,0
BRDA:63,5,1,0
BRF:12
BRH:6
end_of_record
TN:
SF:src/components/meeting/Meeting/MeetingTime.js
FN:7,MeetingTime
FN:13,(anonymous_1)
FN:30,(anonymous_2)
FN:39,(anonymous_3)
FNF:4
FNH:4
FNDA:27,MeetingTime
FNDA:1,(anonymous_1)
FNDA:1,(anonymous_2)
FNDA:1,(anonymous_3)
DA:8,27
DA:9,24
DA:10,24
DA:13,1
DA:31,1
DA:40,1
LF:6
LH:6
BRF:0
BRH:0
end_of_record
TN:
SF:src/components/meeting/MeetingDetail/MeetingDetail.js
FN:17,MeetingDetail
FN:30,(anonymous_1)
FN:55,(anonymous_2)
FN:91,(anonymous_3)
FN:92,(anonymous_4)
FN:104,(anonymous_5)
FN:113,(anonymous_6)
FN:121,(anonymous_7)
FN:127,(anonymous_8)
FN:136,(anonymous_9)
FN:151,(anonymous_10)
FNF:11
FNH:2
FNDA:15,MeetingDetail
FNDA:14,(anonymous_1)
FNDA:0,(anonymous_2)
FNDA:0,(anonymous_3)
FNDA:0,(anonymous_4)
FNDA:0,(anonymous_5)
FNDA:0,(anonymous_6)
FNDA:0,(anonymous_7)
FNDA:0,(anonymous_8)
FNDA:0,(anonymous_9)
FNDA:0,(anonymous_10)
DA:18,15
DA:19,14
DA:28,14
DA:30,14
DA:31,14
DA:32,2
DA:37,0
DA:38,0
DA:40,0
DA:45,14
DA:56,0
DA:91,0
DA:93,0
DA:105,0
DA:113,0
DA:121,0
DA:127,0
DA:136,0
DA:151,0
LF:19
LH:7
BRDA:31,0,0,2
BRDA:31,0,1,12
BRDA:32,1,0,0
BRDA:32,1,1,0
BRDA:33,2,0,2
BRDA:33,2,1,0
BRDA:33,2,2,0
BRDA:47,3,0,0
BRDA:47,3,1,14
BRDA:49,4,0,0
BRDA:49,4,1,0
BRDA:53,5,0,0
BRDA:53,5,1,0
BRDA:73,6,0,0
BRDA:73,6,1,0
BRDA:99,7,0,0
BRDA:99,7,1,0
BRDA:120,8,0,0
BRDA:120,8,1,0
BRF:19
BRH:4
end_of_record
TN:
SF:src/components/meeting/MeetingList/MeetingList.js
FN:6,Meeting
FN:23,(anonymous_1)
FN:40,MeetingList
FN:44,(anonymous_3)
FN:50,(anonymous_4)
FN:60,(anonymous_5)
FN:71,(anonymous_6)
FN:81,(anonymous_7)
FNF:8
FNH:5
FNDA:2,Meeting
FNDA:0,(anonymous_1)
FNDA:9,MeetingList
FNDA:0,(anonymous_3)
FNDA:0,(anonymous_4)
FNDA:5,(anonymous_5)
FNDA:1,(anonymous_6)
FNDA:1,(anonymous_7)
DA:8,2
DA:11,0
DA:23,0
DA:41,9
DA:42,8
DA:44,8
DA:45,0
DA:47,0
DA:48,0
DA:50,0
DA:51,0
DA:52,0
DA:54,0
DA:57,0
DA:60,8
DA:61,5
DA:62,2
DA:66,8
DA:72,1
DA:81,1
LF:20
LH:10
BRDA:8,0,0,2
BRDA:8,0,1,0
BRDA:8,0,2,0
BRDA:15,1,0,0
BRDA:15,1,1,0
BRDA:47,2,0,0
BRDA:47,2,1,0
BRDA:51,3,0,0
BRDA:51,3,1,0
BRDA:61,4,0,2
BRDA:61,4,1,3
BRDA:70,5,0,8
BRDA:70,5,1,2
BRF:13
BRH:5
end_of_record
TN:
SF:src/components/meeting/MeetingList/MeetingSearch.js
FN:4,MeetingSearch
FN:11,(anonymous_1)
FN:20,(anonymous_2)
FN:33,(anonymous_3)
FN:39,(anonymous_4)
FN:47,(anonymous_5)
FNF:6
FNH:2
FNDA:10,MeetingSearch
FNDA:2,(anonymous_1)
FNDA:0,(anonymous_2)
FNDA:0,(anonymous_3)
FNDA:0,(anonymous_4)
FNDA:0,(anonymous_5)
DA:5,10
DA:6,10
DA:7,10
DA:8,10
DA:11,2
DA:21,0
DA:34,0
DA:39,0
DA:48,0
DA:49,0
LF:10
LH:5
BRF:0
BRH:0
end_of_record
TN:
SF:src/components/meeting/MyMeetingList/MyMeetingList.js
FN:5,Meeting
FN:13,(anonymous_1)
FN:23,MyMeetingList
FN:35,(anonymous_3)
FN:36,(anonymous_4)
FN:44,(anonymous_5)
FN:45,(anonymous_6)
FN:50,(anonymous_7)
FNF:8
FNH:8
FNDA:16,Meeting
FNDA:1,(anonymous_1)
FNDA:11,MyMeetingList
FNDA:16,(anonymous_3)
FNDA:8,(anonymous_4)
FNDA:16,(anonymous_5)
FNDA:8,(anonymous_6)
FNDA:1,(anonymous_7)
DA:6,16
DA:13,1
DA:24,11
DA:26,11
DA:35,16
DA:37,8
DA:44,16
DA:46,8
DA:50,1
LF:9
LH:9
BRDA:33,0,0,11
BRDA:33,0,1,8
BRDA:42,1,0,11
BRDA:42,1,1,8
BRF:4
BRH:4
end_of_record
TN:
SF:src/components/room/MyProfile/MyProfile.js
FN:15,MyProfile
FN:17,(anonymous_1)
FNF:2
FNH:2
FNDA:9,MyProfile
FNDA:1,(anonymous_1)
DA:16,9
DA:17,9
DA:18,9
LF:3
LH:3
BRDA:21,0,0,4
BRDA:21,0,1,5
BRDA:28,1,0,3
BRDA:28,1,1,1
BRF:4
BRH:4
end_of_record
TN:
SF:src/components/room/MyProfileEdit/MyProfileEdit.js
FN:14,MyProfileEdit
FN:22,(anonymous_1)
FN:26,(anonymous_2)
FN:78,(anonymous_3)
FN:87,(anonymous_4)
FNF:5
FNH:5
FNDA:18,MyProfileEdit
FNDA:4,(anonymous_1)
FNDA:1,(anonymous_2)
FNDA:1,(anonymous_3)
FNDA:3,(anonymous_4)
DA:15,18
DA:16,17
DA:17,17
DA:18,17
DA:19,17
DA:22,17
DA:23,4
DA:26,17
DA:28,17
DA:78,1
DA:88,3
LF:11
LH:11
BRDA:30,0,0,12
BRDA:30,0,1,5
BRF:2
BRH:2
end_of_record
TN:
SF:src/components/room/MyRoom/MyRoom.js
FN:10,MyRoom
FN:15,(anonymous_1)
FN:17,(anonymous_2)
FN:52,(anonymous_3)
FNF:4
FNH:4
FNDA:11,MyRoom
FNDA:5,(anonymous_1)
FNDA:5,(anonymous_2)
FNDA:1,(anonymous_3)
DA:11,11
DA:12,11
DA:13,11
DA:15,11
DA:16,5
DA:17,5
DA:18,5
DA:24,5
DA:27,11
DA:52,1
LF:10
LH:10
BRF:0
BRH:0
end_of_record
TN:
SF:src/components/room/MyRoom/NoRoom.js
FN:5,NoRoom
FN:7,(anonymous_1)
FNF:2
FNH:2
FNDA:10,NoRoom
FNDA:1,(anonymous_1)
DA:6,10
DA:7,10
DA:9,10
LF:3
LH:3
BRF:0
BRH:0
end_of_record
TN:
SF:src/components/room/MyRoom/PendingRequest.js
FN:5,PendingRequest
FN:36,(anonymous_1)
FN:37,(anonymous_2)
FN:58,(anonymous_3)
FNF:4
FNH:3
FNDA:13,PendingRequest
FNDA:0,(anonymous_1)
FNDA:1,(anonymous_2)
FNDA:1,(anonymous_3)
DA:6,13
DA:7,13
DA:8,13
DA:32,13
DA:34,13
DA:36,0
DA:37,1
DA:58,1
LF:8
LH:7
BRF:0
BRH:0
end_of_record
TN:
SF:src/components/room/MyRoomPending/MyRoomPending.js
FN:7,Pending
FN:25,(anonymous_1)
FN:31,(anonymous_2)
FN:33,(anonymous_3)
FN:36,(anonymous_4)
FN:40,(anonymous_5)
FN:49,(anonymous_6)
FN:55,(anonymous_7)
FN:57,(anonymous_8)
FN:60,(anonymous_9)
FN:74,MyRoomPending
FN:77,(anonymous_11)
FN:86,(anonymous_12)
FNF:13
FNH:4
FNDA:4,Pending
FNDA:0,(anonymous_1)
FNDA:0,(anonymous_2)
FNDA:0,(anonymous_3)
FNDA:0,(anonymous_4)
FNDA:0,(anonymous_5)
FNDA:0,(anonymous_6)
FNDA:0,(anonymous_7)
FNDA:0,(anonymous_8)
FNDA:0,(anonymous_9)
FNDA:7,MyRoomPending
FNDA:4,(anonymous_11)
FNDA:2,(anonymous_12)
DA:8,4
DA:26,0
DA:32,0
DA:33,0
DA:37,0
DA:38,0
DA:50,0
DA:56,0
DA:57,0
DA:75,7
DA:76,6
DA:77,6
DA:78,4
DA:79,1
DA:82,6
DA:87,2
LF:16
LH:8
BRDA:78,0,0,1
BRDA:78,0,1,3
BRDA:85,1,0,6
BRDA:85,1,1,1
BRF:4
BRH:4
end_of_record
TN:
SF:src/components/room/MyRoomRegister/MyRoomRegister.js
FN:9,MyRoomRegister
FN:20,(anonymous_1)
FN:35,(anonymous_2)
FN:49,(anonymous_3)
FN:56,(anonymous_4)
FN:64,(anonymous_5)
FN:80,(anonymous_6)
FN:89,(anonymous_7)
FN:103,(anonymous_8)
FN:113,(anonymous_9)
FN:124,(anonymous_10)
FN:127,(anonymous_11)
FN:136,(anonymous_12)
FNF:13
FNH:9
FNDA:29,MyRoomRegister
FNDA:1,(anonymous_1)
FNDA:16,(anonymous_2)
FNDA:8,(anonymous_3)
FNDA:0,(anonymous_4)
FNDA:7,(anonymous_5)
FNDA:1,(anonymous_6)
FNDA:18,(anonymous_7)
FNDA:1,(anonymous_8)
FNDA:1,(anonymous_9)
FNDA:0,(anonymous_10)
FNDA:0,(anonymous_11)
FNDA:0,(anonymous_12)
DA:10,29
DA:11,27
DA:12,27
DA:13,27
DA:14,27
DA:15,27
DA:16,27
DA:17,27
DA:18,27
DA:20,27
DA:21,1
DA:22,1
DA:23,0
DA:28,0
DA:29,0
DA:31,0
DA:35,27
DA:36,16
DA:43,0
DA:45,16
DA:49,27
DA:50,8
DA:51,2
DA:52,2
DA:53,2
DA:54,2
DA:55,2
DA:56,2
DA:57,0
DA:59,0
DA:60,0
DA:64,27
DA:65,7
DA:66,1
DA:70,27
DA:80,1
DA:89,18
DA:103,1
DA:114,1
DA:115,0
DA:117,1
DA:125,0
DA:128,0
DA:137,0
DA:146,0
LF:45
LH:32
BRDA:11,0,0,2
BRDA:11,0,1,25
BRDA:12,1,0,2
BRDA:12,1,1,25
BRDA:14,2,0,2
BRDA:14,2,1,25
BRDA:15,3,0,2
BRDA:15,3,1,25
BRDA:21,4,0,1
BRDA:21,4,1,0
BRDA:23,5,0,0
BRDA:23,5,1,0
BRDA:24,6,0,0
BRDA:24,6,1,0
BRDA:24,6,2,0
BRDA:29,7,0,0
BRDA:29,7,1,0
BRDA:36,8,0,0
BRDA:36,8,1,16
BRDA:37,9,0,16
BRDA:37,9,1,4
BRDA:37,9,2,3
BRDA:37,9,3,0
BRDA:37,9,4,0
BRDA:50,10,0,2
BRDA:50,10,1,6
BRDA:65,11,0,1
BRDA:65,11,1,6
BRDA:114,12,0,0
BRDA:114,12,1,1
BRF:30
BRH:18
end_of_record
TN:
SF:src/components/room/MyRoomRegister/RoomMap.js
FN:16,RoomMap
FN:23,(anonymous_1)
FN:29,(anonymous_2)
FN:31,(anonymous_3)
FN:45,(anonymous_4)
FN:48,(anonymous_5)
FN:61,(anonymous_6)
FN:70,(anonymous_7)
FN:100,(anonymous_8)
FN:111,(anonymous_9)
FNF:10
FNH:4
FNDA:18,RoomMap
FNDA:0,(anonymous_1)
FNDA:7,(anonymous_2)
FNDA:0,(anonymous_3)
FNDA:7,(anonymous_4)
FNDA:0,(anonymous_5)
FNDA:7,(anonymous_6)
FNDA:0,(anonymous_7)
FNDA:0,(anonymous_8)
FNDA:0,(anonymous_9)
DA:7,4
DA:17,18
DA:18,18
DA:19,18
DA:20,18
DA:21,18
DA:22,18
DA:23,18
DA:24,0
DA:27,18
DA:29,18
DA:30,7
DA:31,0
DA:32,0
DA:38,7
DA:45,18
DA:46,7
DA:47,0
DA:48,0
DA:49,0
DA:50,0
DA:51,0
DA:55,0
DA:56,0
DA:61,18
DA:62,7
DA:63,0
DA:67,18
DA:70,0
DA:101,0
DA:112,0
DA:113,0
DA:114,0
LF:33
LH:17
BRDA:30,0,0,0
BRDA:30,0,1,7
BRDA:46,1,0,0
BRDA:46,1,1,7
BRDA:62,2,0,0
BRDA:62,2,1,7
BRDA:67,3,0,11
BRDA:67,3,1,7
BRDA:84,4,0,11
BRDA:84,4,1,0
BRF:10
BRH:6
end_of_record
TN:
SF:src/components/room/RoomDetail/RoomDetail.js
FN:10,RoomDetail
FN:29,(anonymous_1)
FN:35,(anonymous_2)
FN:48,(anonymous_3)
FN:51,(anonymous_4)
FN:66,(anonymous_5)
FN:86,(anonymous_6)
FN:114,(anonymous_7)
FNF:8
FNH:4
FNDA:5,RoomDetail
FNDA:0,(anonymous_1)
FNDA:0,(anonymous_2)
FNDA:3,(anonymous_3)
FNDA:2,(anonymous_4)
FNDA:3,(anonymous_5)
FNDA:0,(anonymous_6)
FNDA:0,(anonymous_7)
DA:21,5
DA:22,3
DA:23,3
DA:24,3
DA:25,3
DA:26,3
DA:27,3
DA:29,3
DA:30,0
DA:31,0
DA:32,0
DA:35,3
DA:36,0
DA:37,0
DA:38,0
DA:39,0
DA:40,0
DA:42,0
DA:43,0
DA:45,0
DA:48,3
DA:49,3
DA:50,3
DA:51,3
DA:52,2
DA:57,2
DA:58,0
DA:59,0
DA:60,0
DA:62,0
DA:63,0
DA:66,3
DA:67,3
DA:68,0
DA:70,3
DA:74,3
DA:86,0
DA:115,0
LF:38
LH:19
BRDA:39,0,0,0
BRDA:39,0,1,0
BRDA:42,1,0,0
BRDA:42,1,1,0
BRDA:67,2,0,0
BRDA:67,2,1,3
BRDA:95,3,0,3
BRDA:95,3,1,0
BRF:8
BRH:2
end_of_record
TN:
SF:src/containers/common/Header.js
FN:23,Header
FN:46,(anonymous_1)
FN:55,(anonymous_2)
FNF:3
FNH:3
FNDA:116,Header
FNDA:1,(anonymous_1)
FNDA:1,(anonymous_2)
DA:15,21
DA:24,116
DA:25,116
DA:46,1
DA:56,1
LF:5
LH:5
BRF:0
BRH:0
end_of_record
TN:
SF:src/containers/common/PageTemplate.js
FN:7,PageTemplate
FN:8,(anonymous_1)
FN:13,(anonymous_2)
FNF:3
FNH:3
FNDA:116,PageTemplate
FNDA:116,(anonymous_1)
FNDA:46,(anonymous_2)
DA:8,116
DA:12,116
DA:13,116
DA:14,46
DA:15,32
DA:16,1
DA:17,1
DA:19,31
DA:20,2
DA:22,29
DA:24,31
DA:28,116
LF:12
LH:12
BRDA:14,0,0,32
BRDA:14,0,1,14
BRDA:15,1,0,1
BRDA:15,1,1,31
BRDA:19,2,0,2
BRDA:19,2,1,29
BRF:6
BRH:6
end_of_record
TN:
SF:src/containers/common/Photo.js
FN:4,Photo
FN:13,(anonymous_1)
FN:15,(anonymous_2)
FN:21,(anonymous_3)
FN:27,(anonymous_4)
FN:31,(anonymous_5)
FN:59,(anonymous_6)
FNF:7
FNH:7
FNDA:32,Photo
FNDA:1,(anonymous_1)
FNDA:1,(anonymous_2)
FNDA:1,(anonymous_3)
FNDA:2,(anonymous_4)
FNDA:1,(anonymous_5)
FNDA:2,(anonymous_6)
DA:11,32
DA:13,32
DA:14,1
DA:15,1
DA:16,1
DA:18,1
DA:21,32
DA:22,1
DA:23,1
DA:24,1
DA:27,32
DA:28,2
DA:29,1
DA:32,1
DA:33,1
DA:36,1
DA:40,32
DA:60,2
LF:18
LH:18
BRDA:28,0,0,1
BRDA:28,0,1,1
BRDA:43,1,0,4
BRDA:43,1,1,28
BRF:4
BRH:4
end_of_record
TN:
SF:src/containers/pages/auth/AuthTemplate.js
FN:6,(anonymous_0)
FN:41,AuthTemplate
FN:42,(anonymous_2)
FN:45,(anonymous_3)
FNF:4
FNH:4
FNDA:11,(anonymous_0)
FNDA:11,AuthTemplate
FNDA:11,(anonymous_2)
FNDA:8,(anonymous_3)
DA:6,4
DA:7,11
DA:42,11
DA:45,11
DA:46,8
DA:47,1
DA:48,1
DA:52,11
LF:8
LH:8
BRDA:46,0,0,1
BRDA:46,0,1,7
BRDA:46,1,0,8
BRDA:46,1,1,7
BRF:4
BRH:4
end_of_record
TN:
SF:src/containers/pages/auth/SignInPage/SignInPage.js
FN:7,SignInPage
FN:8,(anonymous_1)
FN:17,(anonymous_2)
FNF:3
FNH:3
FNDA:4,SignInPage
FNDA:4,(anonymous_1)
FNDA:1,(anonymous_2)
DA:8,4
DA:11,4
DA:13,4
DA:18,1
LF:4
LH:4
BRF:0
BRH:0
end_of_record
TN:
SF:src/containers/pages/auth/SignUpPage/SignUpPage.js
FN:7,SignUpPage
FN:13,(anonymous_1)
FNF:2
FNH:2
FNDA:3,SignUpPage
FNDA:1,(anonymous_1)
DA:8,3
DA:10,3
DA:14,1
LF:3
LH:3
BRF:0
BRH:0
end_of_record
TN:
SF:src/containers/pages/club/ClubCreatePage/ClubCreatePage.js
FN:7,ClubCreatePage
FN:8,(anonymous_1)
FN:11,(anonymous_2)
FN:14,(anonymous_3)
FNF:4
FNH:4
FNDA:2,ClubCreatePage
FNDA:2,(anonymous_1)
FNDA:1,(anonymous_2)
FNDA:1,(anonymous_3)
DA:8,2
DA:9,2
DA:12,1
DA:14,1
DA:16,2
LF:5
LH:5
BRF:0
BRH:0
end_of_record
TN:
SF:src/containers/pages/club/ClubEditPage/ClubEditPage.js
FN:7,ClubEditPage
FN:11,(anonymous_1)
FN:18,(anonymous_2)
FN:21,(anonymous_3)
FN:24,(anonymous_4)
FN:27,(anonymous_5)
FN:31,(anonymous_6)
FNF:7
FNH:1
FNDA:3,ClubEditPage
FNDA:0,(anonymous_1)
FNDA:0,(anonymous_2)
FNDA:0,(anonymous_3)
FNDA:0,(anonymous_4)
FNDA:0,(anonymous_5)
FNDA:0,(anonymous_6)
DA:9,3
DA:10,2
DA:11,2
DA:12,0
DA:19,0
DA:21,0
DA:24,2
DA:25,0
DA:28,0
DA:29,0
DA:31,0
DA:34,2
LF:12
LH:5
BRF:0
BRH:0
end_of_record
TN:
SF:src/containers/pages/club/ClubListPage/ClubListPage.js
FN:10,ClubListPage
FN:13,(anonymous_1)
FN:18,(anonymous_2)
FN:19,(anonymous_3)
FN:24,(anonymous_4)
FN:44,(anonymous_5)
FN:52,(anonymous_6)
FN:60,(anonymous_7)
FN:76,(anonymous_8)
FN:79,(anonymous_9)
FN:80,(anonymous_10)
FN:82,(anonymous_11)
FN:86,(anonymous_12)
FN:93,(anonymous_13)
FN:96,(anonymous_14)
FN:107,(anonymous_15)
FN:110,(anonymous_16)
FNF:17
FNH:8
FNDA:7,ClubListPage
FNDA:6,(anonymous_1)
FNDA:3,(anonymous_2)
FNDA:3,(anonymous_3)
FNDA:5,(anonymous_4)
FNDA:1,(anonymous_5)
FNDA:1,(anonymous_6)
FNDA:1,(anonymous_7)
FNDA:0,(anonymous_8)
FNDA:0,(anonymous_9)
FNDA:0,(anonymous_10)
FNDA:0,(anonymous_11)
FNDA:0,(anonymous_12)
FNDA:0,(anonymous_13)
FNDA:0,(anonymous_14)
FNDA:0,(anonymous_15)
FNDA:0,(anonymous_16)
DA:11,7
DA:13,6
DA:16,6
DA:18,6
DA:19,3
DA:20,3
DA:24,6
DA:25,5
DA:28,6
DA:44,1
DA:52,1
DA:60,1
DA:77,0
DA:80,0
DA:83,0
DA:87,0
DA:88,0
DA:89,0
DA:94,0
DA:97,0
DA:100,0
DA:103,0
DA:108,0
DA:111,0
LF:24
LH:12
BRDA:87,0,0,0
BRDA:87,0,1,0
BRDA:88,1,0,0
BRDA:88,1,1,0
BRDA:100,2,0,0
BRDA:100,2,1,0
BRF:6
BRH:0
end_of_record
TN:
SF:src/containers/pages/club/ClubPendingPage/ClubPendingPage.js
FN:10,ClubPendingPage
FN:19,(anonymous_1)
FN:20,(anonymous_2)
FN:40,(anonymous_3)
FN:48,(anonymous_4)
FN:56,(anonymous_5)
FN:71,(anonymous_6)
FN:77,(anonymous_7)
FN:79,(anonymous_8)
FN:82,(anonymous_9)
FNF:10
FNH:0
FNDA:0,ClubPendingPage
FNDA:0,(anonymous_1)
FNDA:0,(anonymous_2)
FNDA:0,(anonymous_3)
FNDA:0,(anonymous_4)
FNDA:0,(anonymous_5)
FNDA:0,(anonymous_6)
FNDA:0,(anonymous_7)
FNDA:0,(anonymous_8)
FNDA:0,(anonymous_9)
DA:11,0
DA:16,0
DA:17,0
DA:19,0
DA:20,0
DA:21,0
DA:24,0
DA:40,0
DA:48,0
DA:56,0
DA:72,0
DA:78,0
DA:79,0
DA:83,0
LF:14
LH:0
BRF:0
BRH:0
end_of_record
TN:
SF:src/containers/pages/club/ClubSearchPage/ClubSearchPage.js
FN:9,ClubSearchPage
FN:12,(anonymous_1)
FN:17,(anonymous_2)
FN:20,(anonymous_3)
FN:23,(anonymous_4)
FN:43,(anonymous_5)
FN:51,(anonymous_6)
FN:59,(anonymous_7)
FN:75,(anonymous_8)
FN:78,(anonymous_9)
FN:79,(anonymous_10)
FN:81,(anonymous_11)
FN:85,(anonymous_12)
FN:92,(anonymous_13)
FN:95,(anonymous_14)
FN:104,(anonymous_15)
FN:107,(anonymous_16)
FNF:17
FNH:5
FNDA:3,ClubSearchPage
FNDA:2,(anonymous_1)
FNDA:1,(anonymous_2)
FNDA:1,(anonymous_3)
FNDA:1,(anonymous_4)
FNDA:0,(anonymous_5)
FNDA:0,(anonymous_6)
FNDA:0,(anonymous_7)
FNDA:0,(anonymous_8)
FNDA:0,(anonymous_9)
FNDA:0,(anonymous_10)
FNDA:0,(anonymous_11)
FNDA:0,(anonymous_12)
FNDA:0,(anonymous_13)
FNDA:0,(anonymous_14)
FNDA:0,(anonymous_15)
FNDA:0,(anonymous_16)
DA:10,3
DA:12,2
DA:15,2
DA:17,2
DA:18,1
DA:21,1
DA:24,1
DA:28,2
DA:43,0
DA:51,0
DA:59,0
DA:76,0
DA:79,0
DA:82,0
DA:86,0
DA:87,0
DA:88,0
DA:93,0
DA:96,0
DA:99,0
DA:100,0
DA:105,0
DA:108,0
LF:23
LH:8
BRDA:86,0,0,0
BRDA:86,0,1,0
BRDA:87,1,0,0
BRDA:87,1,1,0
BRDA:99,2,0,0
BRDA:99,2,1,0
BRF:6
BRH:0
end_of_record
TN:
SF:src/containers/pages/meeting/MainPage/MainPage.js
FN:9,MainPage
FN:14,(anonymous_1)
FN:19,(anonymous_2)
FN:20,(anonymous_3)
FN:24,(anonymous_4)
FN:30,(anonymous_5)
FN:31,(anonymous_6)
FN:35,(anonymous_7)
FN:54,(anonymous_8)
FN:62,(anonymous_9)
FN:70,(anonymous_10)
FNF:11
FNH:5
FNDA:5,MainPage
FNDA:5,(anonymous_1)
FNDA:0,(anonymous_2)
FNDA:0,(anonymous_3)
FNDA:0,(anonymous_4)
FNDA:0,(anonymous_5)
FNDA:0,(anonymous_6)
FNDA:0,(anonymous_7)
FNDA:1,(anonymous_8)
FNDA:1,(anonymous_9)
FNDA:1,(anonymous_10)
DA:10,5
DA:11,5
DA:12,5
DA:14,5
DA:15,5
DA:16,5
DA:17,5
DA:20,0
DA:21,0
DA:25,0
DA:28,5
DA:31,0
DA:32,0
DA:35,0
DA:38,5
DA:54,1
DA:62,1
DA:70,1
LF:18
LH:12
BRF:0
BRH:0
end_of_record
TN:
SF:src/containers/pages/meeting/MeetingCreatePage/MeetingCreatePage.js
FN:8,MeetingCreatePage
FN:9,(anonymous_1)
FN:36,(anonymous_2)
FN:45,(anonymous_3)
FN:51,(anonymous_4)
FN:66,(anonymous_5)
FN:71,(anonymous_6)
FN:75,(anonymous_7)
FN:76,(anonymous_8)
FNF:9
FNH:3
FNDA:3,MeetingCreatePage
FNDA:0,(anonymous_1)
FNDA:0,(anonymous_2)
FNDA:0,(anonymous_3)
FNDA:0,(anonymous_4)
FNDA:0,(anonymous_5)
FNDA:2,(anonymous_6)
FNDA:2,(anonymous_7)
FNDA:0,(anonymous_8)
DA:9,3
DA:20,0
DA:21,0
DA:22,0
DA:24,0
DA:37,0
DA:39,0
DA:40,0
DA:46,0
DA:49,0
DA:51,0
DA:54,0
DA:66,0
DA:70,3
DA:71,2
DA:75,2
DA:76,2
DA:77,0
DA:81,2
LF:19
LH:6
BRDA:22,0,0,0
BRDA:22,0,1,0
BRDA:39,1,0,0
BRDA:39,1,1,0
BRF:4
BRH:0
end_of_record
TN:
SF:src/containers/pages/meeting/MeetingDetailPage/MeetingDetailPage.js
FN:8,MeetingDetailPage
FN:13,(anonymous_1)
FN:18,(anonymous_2)
FN:21,(anonymous_3)
FN:25,(anonymous_4)
FN:26,(anonymous_5)
FN:29,(anonymous_6)
FN:33,(anonymous_7)
FN:38,(anonymous_8)
FN:44,(anonymous_9)
FN:52,(anonymous_10)
FN:56,(anonymous_11)
FN:62,(anonymous_12)
FN:66,(anonymous_13)
FN:70,(anonymous_14)
FN:85,(anonymous_15)
FN:88,(anonymous_16)
FN:91,(anonymous_17)
FN:95,(anonymous_18)
FN:99,(anonymous_19)
FNF:20
FNH:8
FNDA:6,MeetingDetailPage
FNDA:5,(anonymous_1)
FNDA:3,(anonymous_2)
FNDA:2,(anonymous_3)
FNDA:2,(anonymous_4)
FNDA:2,(anonymous_5)
FNDA:2,(anonymous_6)
FNDA:1,(anonymous_7)
FNDA:0,(anonymous_8)
FNDA:0,(anonymous_9)
FNDA:0,(anonymous_10)
FNDA:0,(anonymous_11)
FNDA:0,(anonymous_12)
FNDA:0,(anonymous_13)
FNDA:0,(anonymous_14)
FNDA:0,(anonymous_15)
FNDA:0,(anonymous_16)
FNDA:0,(anonymous_17)
FNDA:0,(anonymous_18)
FNDA:0,(anonymous_19)
DA:9,6
DA:10,5
DA:11,5
DA:12,5
DA:13,5
DA:16,5
DA:17,5
DA:18,5
DA:19,3
DA:22,2
DA:23,2
DA:26,2
DA:27,2
DA:29,2
DA:30,2
DA:34,1
DA:38,5
DA:39,0
DA:45,0
DA:53,0
DA:57,0
DA:63,0
DA:67,0
DA:71,0
DA:78,5
DA:86,0
DA:89,0
DA:92,0
DA:96,0
DA:100,0
LF:30
LH:18
BRF:0
BRH:0
end_of_record
TN:
SF:src/containers/pages/meeting/MeetingEditPage/MeetingEditPage.js
FN:9,MeetingEditPage
FN:18,(anonymous_1)
FN:22,(anonymous_2)
FN:53,(anonymous_3)
FN:59,(anonymous_4)
FN:74,(anonymous_5)
FN:78,(anonymous_6)
FN:81,(anonymous_7)
FN:84,(anonymous_8)
FN:87,(anonymous_9)
FN:93,(anonymous_10)
FN:94,(anonymous_11)
FNF:12
FNH:8
FNDA:18,MeetingEditPage
FNDA:17,(anonymous_1)
FNDA:0,(anonymous_2)
FNDA:0,(anonymous_3)
FNDA:0,(anonymous_4)
FNDA:0,(anonymous_5)
FNDA:5,(anonymous_6)
FNDA:4,(anonymous_7)
FNDA:1,(anonymous_8)
FNDA:4,(anonymous_9)
FNDA:5,(anonymous_10)
FNDA:4,(anonymous_11)
DA:10,18
DA:11,17
DA:16,17
DA:17,17
DA:18,17
DA:22,17
DA:33,0
DA:34,0
DA:35,0
DA:36,0
DA:47,0
DA:48,0
DA:54,0
DA:57,0
DA:59,0
DA:62,0
DA:74,0
DA:78,17
DA:79,5
DA:82,4
DA:85,1
DA:87,5
DA:88,4
DA:92,17
DA:93,17
DA:94,5
DA:95,4
DA:99,17
LF:28
LH:17
BRDA:35,0,0,0
BRDA:35,0,1,0
BRDA:47,1,0,0
BRDA:47,1,1,0
BRF:4
BRH:0
end_of_record
TN:
SF:src/containers/pages/meeting/MeetingListPage/MeetingListPage.js
FN:9,MeetingListPage
FN:13,(anonymous_1)
FN:14,(anonymous_2)
FN:18,(anonymous_3)
FN:38,(anonymous_4)
FN:43,(anonymous_5)
FN:47,(anonymous_6)
FNF:7
FNH:3
FNDA:1,MeetingListPage
FNDA:1,(anonymous_1)
FNDA:0,(anonymous_2)
FNDA:1,(anonymous_3)
FNDA:0,(anonymous_4)
FNDA:0,(anonymous_5)
FNDA:0,(anonymous_6)
DA:10,1
DA:11,1
DA:13,1
DA:14,1
DA:15,0
DA:18,1
DA:22,1
DA:38,0
DA:43,0
DA:47,0
LF:10
LH:6
BRF:0
BRH:0
end_of_record
TN:
SF:src/containers/pages/meeting/MyMeetingListPage/MyMeetingListPage.js
FN:10,MyMeetingListPage
FN:12,(anonymous_1)
FN:17,(anonymous_2)
FN:18,(anonymous_3)
FN:39,(anonymous_4)
FN:47,(anonymous_5)
FN:55,(anonymous_6)
FNF:7
FNH:7
FNDA:7,MyMeetingListPage
FNDA:6,(anonymous_1)
FNDA:3,(anonymous_2)
FNDA:3,(anonymous_3)
FNDA:1,(anonymous_4)
FNDA:1,(anonymous_5)
FNDA:1,(anonymous_6)
DA:11,7
DA:12,6
DA:15,6
DA:17,6
DA:18,3
DA:19,3
DA:23,6
DA:39,1
DA:47,1
DA:55,1
LF:10
LH:10
BRF:0
BRH:0
end_of_record
TN:
SF:src/containers/pages/room/RoomTemplate.js
FN:7,RoomTemplate
FN:26,(anonymous_1)
FN:34,(anonymous_2)
FNF:3
FNH:3
FNDA:51,RoomTemplate
FNDA:1,(anonymous_1)
FNDA:1,(anonymous_2)
DA:8,51
DA:10,47
DA:26,1
DA:34,1
LF:4
LH:4
BRF:0
BRH:0
end_of_record
TN:
SF:src/containers/pages/room/MyProfileEditPage/MyProfileEditPage.js
FN:8,MyProfileEditPage
FN:11,(anonymous_1)
FN:15,(anonymous_2)
FN:33,(anonymous_3)
FN:39,(anonymous_4)
FN:46,(anonymous_5)
FN:50,(anonymous_6)
FN:52,(anonymous_7)
FN:55,(anonymous_8)
FNF:9
FNH:9
FNDA:6,MyProfileEditPage
FNDA:5,(anonymous_1)
FNDA:3,(anonymous_2)
FNDA:1,(anonymous_3)
FNDA:1,(anonymous_4)
FNDA:1,(anonymous_5)
FNDA:3,(anonymous_6)
FNDA:1,(anonymous_7)
FNDA:1,(anonymous_8)
DA:9,6
DA:10,5
DA:11,5
DA:15,5
DA:21,3
DA:22,3
DA:23,3
DA:24,2
DA:27,2
DA:28,1
DA:34,1
DA:37,1
DA:39,1
DA:42,1
DA:46,1
DA:50,5
DA:51,3
DA:52,1
DA:53,1
DA:55,1
DA:56,1
DA:61,5
LF:22
LH:22
BRDA:23,0,0,2
BRDA:23,0,1,1
BRDA:27,1,0,1
BRDA:27,1,1,1
BRDA:51,2,0,1
BRDA:51,2,1,2
BRF:6
BRH:6
end_of_record
TN:
SF:src/containers/pages/room/MyProfilePage/MyProfilePage.js
FN:8,MyProfilePage
FN:11,(anonymous_1)
FN:15,(anonymous_2)
FN:17,(anonymous_3)
FN:20,(anonymous_4)
FNF:5
FNH:5
FNDA:6,MyProfilePage
FNDA:5,(anonymous_1)
FNDA:3,(anonymous_2)
FNDA:1,(anonymous_3)
FNDA:1,(anonymous_4)
DA:9,6
DA:10,5
DA:11,5
DA:15,5
DA:16,3
DA:17,1
DA:18,1
DA:20,1
DA:21,1
DA:26,5
LF:10
LH:10
BRDA:16,0,0,1
BRDA:16,0,1,2
BRF:2
BRH:2
end_of_record
TN:
SF:src/containers/pages/room/MyRoomEditPage/MyRoomEditPage.js
FN:7,MyRoomEditPage
FN:10,(anonymous_1)
FN:12,(anonymous_2)
FN:20,(anonymous_3)
FN:22,(anonymous_4)
FN:23,(anonymous_5)
FNF:6
FNH:3
FNDA:3,MyRoomEditPage
FNDA:1,(anonymous_1)
FNDA:1,(anonymous_2)
FNDA:0,(anonymous_3)
FNDA:0,(anonymous_4)
FNDA:0,(anonymous_5)
DA:8,3
DA:10,2
DA:11,1
DA:13,1
DA:17,2
DA:21,0
DA:22,0
DA:23,0
LF:8
LH:5
BRF:0
BRH:0
end_of_record
TN:
SF:src/containers/pages/room/MyRoomPage/MyRoomPage.js
FN:7,MyRoomPage
FN:11,(anonymous_1)
FN:14,(anonymous_2)
FN:18,(anonymous_3)
FN:28,(anonymous_4)
FN:29,(anonymous_5)
FNF:6
FNH:5
FNDA:8,MyRoomPage
FNDA:2,(anonymous_1)
FNDA:2,(anonymous_2)
FNDA:0,(anonymous_3)
FNDA:1,(anonymous_4)
FNDA:1,(anonymous_5)
DA:8,8
DA:9,7
DA:11,7
DA:12,2
DA:15,2
DA:16,2
DA:19,0
DA:23,7
DA:29,1
DA:30,1
LF:10
LH:9
BRDA:25,0,0,2
BRDA:25,0,1,5
BRF:2
BRH:2
end_of_record
TN:
SF:src/containers/pages/room/MyRoomPending/MyRoomPendingPage.js
FN:5,MyRoomPendingPage
FNF:1
FNH:1
FNDA:2,MyRoomPendingPage
DA:6,2
DA:10,2
LF:2
LH:2
BRF:0
BRH:0
end_of_record
TN:
SF:src/containers/pages/room/MyRoomPendingPage/MyRoomPendingPage.js
FN:5,MyRoomPendingPage
FNF:1
FNH:1
FNDA:1,MyRoomPendingPage
DA:6,1
LF:1
LH:1
BRF:0
BRH:0
end_of_record
TN:
SF:src/containers/pages/room/MyRoomRegisterPage/MyRoomRegisterPage.js
FN:7,MyRoomRegisterPage
FN:11,(anonymous_1)
FN:30,(anonymous_2)
FN:33,(anonymous_3)
FNF:4
FNH:1
FNDA:2,MyRoomRegisterPage
FNDA:0,(anonymous_1)
FNDA:0,(anonymous_2)
FNDA:0,(anonymous_3)
DA:8,2
DA:20,0
DA:31,0
DA:34,0
LF:4
LH:1
BRF:0
BRH:0
end_of_record
TN:
SF:src/containers/pages/room/RoomDetailPage/RequestModal.js
FN:4,RequestModal
FN:11,(anonymous_1)
FN:12,(anonymous_2)
FN:24,(anonymous_3)
FN:33,(anonymous_4)
FNF:5
FNH:0
FNDA:0,RequestModal
FNDA:0,(anonymous_1)
FNDA:0,(anonymous_2)
FNDA:0,(anonymous_3)
FNDA:0,(anonymous_4)
DA:5,0
DA:6,0
DA:8,0
DA:11,0
DA:12,0
DA:25,0
DA:26,0
DA:33,0
LF:8
LH:0
BRF:0
BRH:0
end_of_record
TN:
SF:src/containers/pages/room/RoomDetailPage/RoomDetailPage.js
FN:8,RoomDetailPage
FN:13,(anonymous_1)
FN:17,(anonymous_2)
FN:24,(anonymous_3)
FN:28,(anonymous_4)
FN:33,(anonymous_5)
FN:39,(anonymous_6)
FN:44,(anonymous_7)
FN:48,(anonymous_8)
FN:53,(anonymous_9)
FN:54,(anonymous_10)
FN:57,(anonymous_11)
FNF:12
FNH:5
FNDA:3,RoomDetailPage
FNDA:2,(anonymous_1)
FNDA:0,(anonymous_2)
FNDA:0,(anonymous_3)
FNDA:0,(anonymous_4)
FNDA:0,(anonymous_5)
FNDA:0,(anonymous_6)
FNDA:0,(anonymous_7)
FNDA:0,(anonymous_8)
FNDA:1,(anonymous_9)
FNDA:1,(anonymous_10)
FNDA:1,(anonymous_11)
DA:9,3
DA:10,2
DA:11,2
DA:12,2
DA:13,2
DA:17,2
DA:18,0
DA:24,2
DA:25,0
DA:29,0
DA:33,2
DA:34,0
DA:40,0
DA:44,2
DA:45,0
DA:49,0
DA:53,2
DA:54,1
DA:55,1
DA:57,1
DA:58,1
DA:62,2
LF:22
LH:15
BRDA:64,0,0,2
BRDA:64,0,1,1
BRF:2
BRH:2
end_of_record
TN:
SF:src/lib/api/auth.js
FNF:0
FNH:0
DA:1,6
DA:3,6
DA:5,6
DA:7,6
DA:9,6
DA:11,6
LF:6
LH:6
BRF:0
BRH:0
end_of_record
TN:
SF:src/lib/api/club.js
FNF:0
FNH:0
DA:1,3
DA:2,3
LF:2
LH:2
BRF:0
BRH:0
end_of_record
TN:
SF:src/lib/api/meetings.js
FNF:0
FNH:0
DA:1,4
DA:2,4
DA:3,4
DA:4,4
LF:4
LH:4
BRF:0
BRH:0
end_of_record
TN:
SF:src/lib/api/room.js
FNF:0
FNH:0
DA:1,2
LF:1
LH:1
BRF:0
BRH:0
end_of_record
TN:
SF:src/store/actions/actionTypes.js
FNF:0
FNH:0
DA:1,26
DA:2,26
DA:4,26
DA:5,26
DA:6,26
DA:8,26
DA:9,26
DA:10,26
DA:12,26
DA:13,26
DA:14,26
DA:16,26
DA:17,26
DA:18,26
DA:20,26
DA:21,26
DA:22,26
DA:24,26
DA:25,26
DA:26,26
DA:28,26
DA:29,26
DA:30,26
DA:32,26
DA:33,26
DA:34,26
DA:36,26
DA:37,26
DA:38,26
DA:40,26
DA:41,26
DA:42,26
DA:44,26
DA:45,26
DA:46,26
DA:48,26
DA:49,26
DA:50,26
DA:52,26
DA:53,26
DA:54,26
DA:56,26
DA:57,26
DA:58,26
LF:44
LH:44
BRF:0
BRH:0
end_of_record
TN:
SF:src/store/actions/auth.js
FN:6,(anonymous_0)
FN:14,(anonymous_1)
FN:19,(anonymous_2)
FNF:3
FNH:3
FNDA:1,(anonymous_0)
FNDA:1,(anonymous_1)
FNDA:1,(anonymous_2)
DA:4,23
DA:6,1
DA:12,23
DA:14,1
DA:17,23
DA:19,23
LF:6
LH:6
BRF:0
BRH:0
end_of_record
TN:
SF:src/store/actions/loading.js
FN:6,(anonymous_0)
FN:11,(anonymous_1)
FNF:2
FNH:2
FNDA:9,(anonymous_0)
FNDA:8,(anonymous_1)
DA:4,2
DA:6,9
DA:9,2
DA:11,8
LF:4
LH:4
BRF:0
BRH:0
end_of_record
TN:
SF:src/store/reducers/auth/auth.js
FN:14,authSaga
FN:28,(anonymous_1)
FN:33,(anonymous_2)
FN:37,(anonymous_3)
FN:42,(anonymous_4)
FN:46,(anonymous_5)
FN:51,(anonymous_6)
FN:55,(anonymous_7)
FN:60,(anonymous_8)
FNF:9
FNH:9
FNDA:1,authSaga
FNDA:1,(anonymous_1)
FNDA:1,(anonymous_2)
FNDA:1,(anonymous_3)
FNDA:1,(anonymous_4)
FNDA:1,(anonymous_5)
FNDA:1,(anonymous_6)
FNDA:1,(anonymous_7)
FNDA:1,(anonymous_8)
DA:7,1
DA:8,1
DA:9,1
DA:10,1
DA:15,1
DA:16,1
DA:17,1
DA:18,1
DA:21,1
DA:26,1
DA:28,1
DA:33,1
DA:37,1
DA:42,1
DA:46,1
DA:51,1
DA:55,1
DA:60,1
LF:18
LH:18
BRF:0
BRH:0
end_of_record
TN:
SF:src/store/reducers/loading/loading.js
FN:8,(anonymous_0)
FN:12,(anonymous_1)
FNF:2
FNH:2
FNDA:1,(anonymous_0)
FNDA:1,(anonymous_1)
DA:4,1
DA:6,1
DA:8,1
DA:12,1
LF:4
LH:4
BRF:0
BRH:0
end_of_record
