TN:
SF:src/App.js
FN:12,App
FNF:1
FNH:1
FNDA:1,App
DA:13,1
LF:1
LH:1
BRF:0
BRH:0
end_of_record
TN:
SF:src/index.js
FNF:0
FNH:0
DA:14,0
DA:15,0
DA:20,0
DA:21,0
DA:33,0
LF:5
LH:0
BRF:0
BRH:0
end_of_record
TN:
SF:src/reportWebVitals.js
FN:1,(anonymous_0)
FN:3,(anonymous_1)
FNF:2
FNH:0
FNDA:0,(anonymous_0)
FNDA:0,(anonymous_1)
DA:1,0
DA:2,0
DA:3,0
DA:4,0
DA:5,0
DA:6,0
DA:7,0
DA:8,0
LF:8
LH:0
BRDA:2,0,0,0
BRDA:2,0,1,0
BRDA:2,1,0,0
BRDA:2,1,1,0
BRF:4
BRH:0
end_of_record
TN:
SF:src/components/auth/createRequestSaga.js
FN:9,createRequestSaga
FN:14,(anonymous_1)
FN:26,(anonymous_2)
FN:29,(anonymous_3)
FN:54,(anonymous_4)
FN:57,(anonymous_5)
FN:74,(anonymous_6)
FNF:7
FNH:7
FNDA:10,createRequestSaga
FNDA:7,(anonymous_1)
FNDA:1,(anonymous_2)
FNDA:1,(anonymous_3)
FNDA:1,(anonymous_4)
FNDA:1,(anonymous_5)
FNDA:1,(anonymous_6)
DA:6,2
DA:7,2
DA:10,10
DA:11,10
DA:14,10
DA:15,7
DA:16,7
DA:17,7
DA:19,7
DA:21,2
DA:27,1
DA:30,1
DA:32,2
DA:33,1
DA:38,1
DA:45,2
DA:48,2
DA:55,1
DA:58,1
DA:60,2
DA:61,1
DA:66,1
DA:71,2
DA:74,2
DA:75,1
DA:77,2
DA:78,1
DA:80,1
DA:82,2
DA:85,1
DA:88,7
LF:31
LH:31
BRDA:19,0,0,2
BRDA:19,0,1,2
BRDA:19,0,2,2
BRDA:19,0,3,1
BRDA:32,1,0,1
BRDA:32,1,1,1
BRDA:60,2,0,1
BRDA:60,2,1,1
BRDA:77,3,0,1
BRDA:77,3,1,1
BRF:10
BRH:10
end_of_record
TN:
SF:src/components/auth/SignIn/SignIn.js
FN:5,SignIn
FN:9,(anonymous_1)
FN:17,(anonymous_2)
FN:33,(anonymous_3)
FN:50,(anonymous_4)
FNF:5
FNH:5
FNDA:8,SignIn
FNDA:1,(anonymous_1)
FNDA:1,(anonymous_2)
FNDA:1,(anonymous_3)
FNDA:1,(anonymous_4)
DA:6,8
DA:7,8
DA:8,8
DA:9,8
DA:11,8
DA:17,1
DA:33,1
DA:50,1
LF:8
LH:8
BRDA:26,0,0,3
BRDA:26,0,1,5
BRDA:43,1,0,3
BRDA:43,1,1,5
BRF:4
BRH:4
end_of_record
TN:
SF:src/components/auth/SignUp/SignUp.js
FN:5,SignUp
FN:14,(anonymous_1)
FN:23,(anonymous_2)
FN:41,(anonymous_3)
FN:61,(anonymous_4)
FN:77,(anonymous_5)
FN:94,(anonymous_6)
FNF:7
FNH:7
FNDA:12,SignUp
FNDA:1,(anonymous_1)
FNDA:1,(anonymous_2)
FNDA:2,(anonymous_3)
FNDA:2,(anonymous_4)
FNDA:1,(anonymous_5)
FNDA:2,(anonymous_6)
DA:6,12
DA:7,12
DA:8,12
DA:9,12
DA:10,12
DA:11,12
DA:12,12
DA:13,12
DA:14,12
DA:15,12
DA:17,12
DA:24,1
DA:42,2
DA:43,2
DA:44,1
DA:46,1
DA:62,2
DA:63,2
DA:64,1
DA:66,1
DA:77,1
DA:95,2
DA:96,2
DA:101,1
DA:103,1
LF:25
LH:25
BRDA:34,0,0,3
BRDA:34,0,1,9
BRDA:34,1,0,12
BRDA:34,1,1,8
BRDA:43,2,0,1
BRDA:43,2,1,1
BRDA:57,3,0,2
BRDA:57,3,1,10
BRDA:57,4,0,12
BRDA:57,4,1,2
BRDA:63,5,0,1
BRDA:63,5,1,1
BRDA:63,6,0,2
BRDA:63,6,1,2
BRDA:87,7,0,1
BRDA:87,7,1,11
BRDA:87,8,0,12
BRDA:87,8,1,1
BRDA:96,9,0,1
BRDA:96,9,1,1
BRDA:97,10,0,2
BRDA:97,10,1,2
BRDA:97,10,2,1
BRDA:111,11,0,12
BRDA:111,11,1,4
BRDA:111,11,2,3
BRF:26
BRH:26
end_of_record
TN:
SF:src/components/meeting/Main.js
FN:3,Main
FNF:1
FNH:1
FNDA:4,Main
DA:4,4
LF:1
LH:1
BRF:0
BRH:0
end_of_record
TN:
SF:src/components/meeting/MeetingDetail.js
FN:4,MeetingDetail
FN:29,(anonymous_1)
FN:36,(anonymous_2)
FN:46,(anonymous_3)
FN:50,(anonymous_4)
FN:58,(anonymous_5)
FN:70,(anonymous_6)
FNF:7
FNH:0
FNDA:0,MeetingDetail
FNDA:0,(anonymous_1)
FNDA:0,(anonymous_2)
FNDA:0,(anonymous_3)
FNDA:0,(anonymous_4)
FNDA:0,(anonymous_5)
FNDA:0,(anonymous_6)
DA:15,0
DA:17,0
DA:29,0
DA:37,0
DA:38,0
DA:46,0
DA:50,0
DA:58,0
DA:70,0
LF:9
LH:0
BRDA:20,0,0,0
BRDA:20,0,1,0
BRDA:22,1,0,0
BRDA:22,1,1,0
BRDA:23,2,0,0
BRDA:23,2,1,0
BRDA:24,3,0,0
BRDA:24,3,1,0
BRDA:24,4,0,0
BRDA:24,4,1,0
BRDA:46,5,0,0
BRDA:46,5,1,0
BRDA:46,6,0,0
BRDA:46,6,1,0
BRF:14
BRH:0
end_of_record
TN:
SF:src/components/meeting/createRequestSaga.js
FN:6,createRequestSaga
FN:11,(anonymous_1)
FN:20,(anonymous_2)
FN:23,(anonymous_3)
FN:41,(anonymous_4)
FN:44,(anonymous_5)
FN:61,(anonymous_6)
FN:64,(anonymous_7)
FN:77,(anonymous_8)
FN:80,(anonymous_9)
FNF:10
FNH:10
FNDA:15,createRequestSaga
FNDA:9,(anonymous_1)
FNDA:1,(anonymous_2)
FNDA:1,(anonymous_3)
FNDA:1,(anonymous_4)
FNDA:1,(anonymous_5)
FNDA:1,(anonymous_6)
FNDA:1,(anonymous_7)
FNDA:1,(anonymous_8)
FNDA:1,(anonymous_9)
DA:7,15
DA:8,15
DA:11,15
DA:12,9
DA:13,9
DA:14,9
DA:16,9
DA:18,2
DA:21,1
DA:24,1
DA:27,2
DA:28,1
DA:30,1
DA:32,2
DA:35,2
DA:42,1
DA:45,1
DA:47,2
DA:48,1
DA:50,1
DA:52,2
DA:55,2
DA:62,1
DA:65,1
DA:67,2
DA:68,1
DA:70,1
DA:72,2
DA:75,2
DA:78,1
DA:81,1
DA:83,2
DA:84,1
DA:86,1
DA:88,2
DA:101,1
DA:104,9
LF:37
LH:37
BRDA:16,0,0,2
BRDA:16,0,1,2
BRDA:16,0,2,2
BRDA:16,0,3,2
BRDA:16,0,4,1
BRDA:27,1,0,1
BRDA:27,1,1,1
BRDA:47,2,0,1
BRDA:47,2,1,1
BRDA:67,3,0,1
BRDA:67,3,1,1
BRDA:83,4,0,1
BRDA:83,4,1,1
BRF:13
BRH:13
end_of_record
TN:
SF:src/components/meeting/MeetingList/MeetingList.js
FN:5,Meeting
FN:11,(anonymous_1)
FN:20,MeetingList
FN:35,(anonymous_3)
FN:40,(anonymous_4)
FN:54,(anonymous_5)
FN:64,(anonymous_6)
FN:74,(anonymous_7)
FN:89,(anonymous_8)
FN:97,(anonymous_9)
FN:104,(anonymous_10)
FN:112,(anonymous_11)
FNF:12
FNH:12
FNDA:8,Meeting
FNDA:1,(anonymous_1)
FNDA:14,MeetingList
FNDA:2,(anonymous_3)
FNDA:2,(anonymous_4)
FNDA:1,(anonymous_5)
FNDA:1,(anonymous_6)
FNDA:1,(anonymous_7)
FNDA:1,(anonymous_8)
FNDA:1,(anonymous_9)
FNDA:8,(anonymous_10)
FNDA:1,(anonymous_11)
DA:6,8
DA:11,1
DA:21,14
DA:22,14
DA:23,14
DA:24,14
DA:26,14
DA:28,14
DA:35,2
DA:41,2
DA:42,2
DA:43,2
DA:55,1
DA:56,1
DA:57,1
DA:65,1
DA:66,1
DA:67,1
DA:75,1
DA:76,1
DA:77,1
DA:89,1
DA:97,1
DA:105,8
DA:112,1
LF:25
LH:25
BRDA:84,0,0,14
BRDA:84,0,1,2
BRDA:85,1,0,14
BRDA:85,1,1,1
BRDA:86,2,0,14
BRDA:86,2,1,3
BRDA:103,3,0,14
BRDA:103,3,1,4
BRF:8
BRH:8
end_of_record
TN:
SF:src/containers/common/Header.js
FN:23,Header
FN:46,(anonymous_1)
FN:55,(anonymous_2)
FNF:3
FNH:3
FNDA:9,Header
FNDA:1,(anonymous_1)
FNDA:1,(anonymous_2)
DA:15,3
DA:24,9
DA:25,9
DA:46,1
DA:56,1
LF:5
LH:5
BRF:0
BRH:0
end_of_record
TN:
SF:src/containers/common/PageTemplate.js
FN:6,PageTemplate
FN:7,(anonymous_1)
FN:10,(anonymous_2)
FNF:3
FNH:3
FNDA:9,PageTemplate
FNDA:9,(anonymous_1)
FNDA:5,(anonymous_2)
DA:7,9
DA:10,9
DA:11,5
DA:12,4
DA:13,4
DA:16,9
LF:6
LH:6
BRDA:11,0,0,4
BRDA:11,0,1,1
BRF:2
BRH:2
end_of_record
TN:
SF:src/containers/pages/auth/AuthTemplate.js
FN:6,(anonymous_0)
FN:41,AuthTemplate
FN:42,(anonymous_2)
FN:46,(anonymous_3)
FNF:4
FNH:4
FNDA:13,(anonymous_0)
FNDA:13,AuthTemplate
FNDA:13,(anonymous_2)
FNDA:9,(anonymous_3)
DA:6,4
DA:7,13
DA:42,13
DA:46,13
DA:47,9
DA:48,2
DA:49,1
DA:51,1
DA:53,2
DA:57,13
LF:10
LH:10
BRDA:47,0,0,2
BRDA:47,0,1,7
BRDA:48,1,0,1
BRDA:48,1,1,1
BRF:4
BRH:4
end_of_record
TN:
SF:src/containers/pages/auth/SignInPage/SignInPage.js
FN:7,SignInPage
FN:8,(anonymous_1)
FN:17,(anonymous_2)
FNF:3
FNH:3
FNDA:4,SignInPage
FNDA:4,(anonymous_1)
FNDA:1,(anonymous_2)
DA:8,4
DA:11,4
DA:13,4
DA:18,1
LF:4
LH:4
BRF:0
BRH:0
end_of_record
TN:
SF:src/containers/pages/auth/SignUpPage/SignUpPage.js
FN:7,SignUpPage
FN:13,(anonymous_1)
FNF:2
FNH:2
FNDA:3,SignUpPage
FNDA:1,(anonymous_1)
DA:8,3
DA:10,3
DA:14,1
LF:3
LH:3
BRF:0
BRH:0
end_of_record
TN:
SF:src/containers/pages/meeting/MainPage/MainPage.js
FN:7,MainPage
FN:23,(anonymous_1)
FNF:2
FNH:1
FNDA:4,MainPage
FNDA:0,(anonymous_1)
DA:8,4
DA:10,4
DA:23,0
LF:3
LH:2
BRF:0
BRH:0
end_of_record
TN:
SF:src/containers/pages/meeting/MeetingDetailPage/MeetingDetailPage.js
FN:12,MeetingDetailPage
FN:14,(anonymous_1)
FN:31,(anonymous_2)
FN:33,(anonymous_3)
FN:38,(anonymous_4)
FN:41,(anonymous_5)
FNF:6
FNH:0
FNDA:0,MeetingDetailPage
FNDA:0,(anonymous_1)
FNDA:0,(anonymous_2)
FNDA:0,(anonymous_3)
FNDA:0,(anonymous_4)
FNDA:0,(anonymous_5)
DA:14,0
DA:21,0
DA:22,0
DA:23,0
DA:31,0
DA:34,0
DA:39,0
DA:42,0
LF:8
LH:0
BRDA:30,0,0,0
BRDA:30,0,1,0
BRF:2
BRH:0
end_of_record
TN:
SF:src/containers/pages/meeting/MeetingListPage/MeetingListPage.js
FN:5,MeetingListPage
FNF:1
FNH:1
FNDA:1,MeetingListPage
DA:6,1
DA:12,1
LF:2
LH:2
BRF:0
BRH:0
end_of_record
TN:
SF:src/lib/api/auth.js
FNF:0
FNH:0
DA:1,3
DA:3,3
DA:5,3
DA:7,3
LF:4
LH:4
BRF:0
BRH:0
end_of_record
TN:
SF:src/lib/api/meetings.js
FNF:0
FNH:0
DA:1,1
DA:3,1
LF:2
LH:2
BRF:0
BRH:0
end_of_record
TN:
SF:src/store/actions/actionTypes.js
FNF:0
FNH:0
DA:1,10
DA:2,10
DA:4,10
DA:5,10
DA:6,10
DA:8,10
DA:9,10
DA:10,10
DA:12,10
DA:13,10
DA:14,10
DA:16,10
DA:17,10
DA:18,10
DA:20,10
DA:21,10
DA:22,10
DA:24,10
DA:25,10
DA:26,10
DA:28,10
DA:29,10
DA:30,10
DA:32,10
DA:33,10
DA:34,10
DA:36,10
DA:37,10
DA:38,10
LF:29
LH:29
BRF:0
BRH:0
end_of_record
TN:
SF:src/store/actions/auth.js
FN:6,(anonymous_0)
FN:14,(anonymous_1)
FNF:2
FNH:2
FNDA:1,(anonymous_0)
FNDA:1,(anonymous_1)
DA:4,5
DA:6,1
DA:12,5
DA:14,1
DA:17,5
LF:5
LH:5
BRF:0
BRH:0
end_of_record
TN:
SF:src/store/actions/loading.js
FN:6,(anonymous_0)
FN:11,(anonymous_1)
FNF:2
FNH:2
FNDA:16,(anonymous_0)
FNDA:16,(anonymous_1)
DA:4,4
DA:6,16
DA:9,4
DA:11,16
LF:4
LH:4
BRF:0
BRH:0
end_of_record
TN:
SF:src/store/actions/meetings.js
FN:8,(anonymous_0)
FN:13,(anonymous_1)
FN:23,(anonymous_2)
FN:28,(anonymous_3)
FN:33,(anonymous_4)
FNF:5
FNH:0
FNDA:0,(anonymous_0)
FNDA:0,(anonymous_1)
FNDA:0,(anonymous_2)
FNDA:0,(anonymous_3)
FNDA:0,(anonymous_4)
DA:4,1
DA:6,1
DA:8,0
DA:11,1
DA:13,0
DA:21,1
DA:23,0
DA:26,1
DA:28,0
DA:31,1
DA:33,0
LF:11
LH:6
BRF:0
BRH:0
end_of_record
TN:
SF:src/store/reducers/index.js
FN:9,rootSaga
FNF:1
FNH:0
FNDA:0,rootSaga
DA:7,0
DA:10,0
LF:2
LH:0
BRF:0
BRH:0
end_of_record
TN:
SF:src/store/reducers/auth/auth.js
FN:10,authSaga
FN:23,(anonymous_1)
FN:28,(anonymous_2)
FN:32,(anonymous_3)
FN:37,(anonymous_4)
FN:41,(anonymous_5)
FN:46,(anonymous_6)
FNF:7
FNH:7
FNDA:1,authSaga
FNDA:1,(anonymous_1)
FNDA:1,(anonymous_2)
FNDA:1,(anonymous_3)
FNDA:1,(anonymous_4)
FNDA:1,(anonymous_5)
FNDA:1,(anonymous_6)
DA:7,1
DA:8,1
DA:9,1
DA:11,1
DA:12,1
DA:13,1
DA:16,1
DA:21,1
DA:23,1
DA:28,1
DA:32,1
DA:37,1
DA:41,1
DA:46,1
LF:14
LH:14
BRF:0
BRH:0
end_of_record
TN:
SF:src/store/reducers/loading/loading.js
FN:8,(anonymous_0)
FN:12,(anonymous_1)
FNF:2
FNH:2
FNDA:1,(anonymous_0)
FNDA:1,(anonymous_1)
DA:4,1
DA:6,1
DA:8,1
DA:12,1
LF:4
LH:4
BRF:0
BRH:0
end_of_record
TN:
SF:src/store/reducers/meetings/meetings.js
FN:38,meetingSaga
FN:55,(anonymous_1)
FN:61,(anonymous_2)
FN:67,(anonymous_3)
FN:76,(anonymous_4)
FN:81,(anonymous_5)
FN:86,(anonymous_6)
FN:92,(anonymous_7)
FN:97,(anonymous_8)
FN:103,(anonymous_9)
FN:108,(anonymous_10)
FN:113,(anonymous_11)
FN:118,(anonymous_12)
FN:124,(anonymous_13)
FN:129,(anonymous_14)
FN:134,(anonymous_15)
FN:140,(anonymous_16)
FNF:17
FNH:17
FNDA:1,meetingSaga
FNDA:1,(anonymous_1)
FNDA:1,(anonymous_2)
FNDA:1,(anonymous_3)
FNDA:1,(anonymous_4)
FNDA:1,(anonymous_5)
FNDA:2,(anonymous_6)
FNDA:1,(anonymous_7)
FNDA:1,(anonymous_8)
FNDA:2,(anonymous_9)
FNDA:1,(anonymous_10)
FNDA:1,(anonymous_11)
FNDA:2,(anonymous_12)
FNDA:1,(anonymous_13)
FNDA:1,(anonymous_14)
FNDA:2,(anonymous_15)
FNDA:1,(anonymous_16)
DA:8,1
DA:13,1
DA:18,1
DA:23,1
DA:28,1
DA:33,1
DA:39,1
DA:40,1
DA:41,1
DA:42,1
DA:43,1
DA:44,1
DA:47,1
DA:53,1
DA:55,1
DA:61,1
DA:70,1
DA:76,1
DA:84,1
DA:87,2
DA:92,1
DA:100,1
DA:103,2
DA:108,1
DA:116,1
DA:119,2
DA:124,1
DA:132,1
DA:135,2
DA:140,1
LF:30
LH:30
BRDA:87,0,0,1
BRDA:87,0,1,1
BRDA:119,1,0,1
BRDA:119,1,1,1
BRDA:135,2,0,1
BRDA:135,2,1,1
BRF:6
BRH:6
end_of_record
